

================================================================
== Vitis HLS Report for 'dft_Pipeline_VITIS_LOOP_19_2'
================================================================
* Date:           Fri Nov 11 20:36:59 2022

* Version:        2022.1 (Build 3526262 on Mon Apr 18 15:48:16 MDT 2022)
* Project:        DFT
* Solution:       baseline (Vivado IP Flow Target)
* Product family: zynq
* Target device:  xc7z020-clg400-1


================================================================
== Performance Estimates
================================================================
+ Timing: 
    * Summary: 
    +--------+---------+----------+------------+
    |  Clock |  Target | Estimated| Uncertainty|
    +--------+---------+----------+------------+
    |ap_clk  |  5.00 ns|  3.519 ns|     1.35 ns|
    +--------+---------+----------+------------+

+ Latency: 
    * Summary: 
    +---------+---------+-----------+-----------+-------+-------+---------+
    |  Latency (cycles) |   Latency (absolute)  |    Interval   | Pipeline|
    |   min   |   max   |    min    |    max    |  min  |  max  |   Type  |
    +---------+---------+-----------+-----------+-------+-------+---------+
    |    10253|    10253|  51.265 us|  51.265 us|  10253|  10253|       no|
    +---------+---------+-----------+-----------+-------+-------+---------+

    + Detail: 
        * Instance: 
        N/A

        * Loop: 
        +-------------------+---------+---------+----------+-----------+-----------+------+----------+
        |                   |  Latency (cycles) | Iteration|  Initiation Interval  | Trip |          |
        |     Loop Name     |   min   |   max   |  Latency |  achieved |   target  | Count| Pipelined|
        +-------------------+---------+---------+----------+-----------+-----------+------+----------+
        |- VITIS_LOOP_19_2  |    10251|    10251|        22|         10|          1|  1024|       yes|
        +-------------------+---------+---------+----------+-----------+-----------+------+----------+



================================================================
== Utilization Estimates
================================================================
* Summary: 
+-----------------+---------+-----+--------+-------+-----+
|       Name      | BRAM_18K| DSP |   FF   |  LUT  | URAM|
+-----------------+---------+-----+--------+-------+-----+
|DSP              |        -|    -|       -|      -|    -|
|Expression       |        -|    -|       0|     51|    -|
|FIFO             |        -|    -|       -|      -|    -|
|Instance         |        -|    5|     564|    745|    -|
|Memory           |        4|    -|       0|      0|    -|
|Multiplexer      |        -|    -|       -|    232|    -|
|Register         |        -|    -|     485|     64|    -|
+-----------------+---------+-----+--------+-------+-----+
|Total            |        4|    5|    1049|   1092|    0|
+-----------------+---------+-----+--------+-------+-----+
|Available        |      280|  220|  106400|  53200|    0|
+-----------------+---------+-----+--------+-------+-----+
|Utilization (%)  |        1|    2|      ~0|      2|    0|
+-----------------+---------+-----+--------+-------+-----+

+ Detail: 
    * Instance: 
    +------------------------------------+---------------------------------+---------+----+-----+-----+-----+
    |              Instance              |              Module             | BRAM_18K| DSP|  FF | LUT | URAM|
    +------------------------------------+---------------------------------+---------+----+-----+-----+-----+
    |fadd_32ns_32ns_32_10_full_dsp_1_U1  |fadd_32ns_32ns_32_10_full_dsp_1  |        0|   2|  365|  421|    0|
    |fmul_32ns_32ns_32_8_max_dsp_1_U2    |fmul_32ns_32ns_32_8_max_dsp_1    |        0|   3|  199|  324|    0|
    +------------------------------------+---------------------------------+---------+----+-----+-----+-----+
    |Total                               |                                 |        0|   5|  564|  745|    0|
    +------------------------------------+---------------------------------+---------+----+-----+-----+-----+

    * DSP: 
    N/A

    * Memory: 
    +--------------------------+-----------------------------------------------------------------+---------+---+----+-----+------+-----+------+-------------+
    |          Memory          |                              Module                             | BRAM_18K| FF| LUT| URAM| Words| Bits| Banks| W*Bits*Banks|
    +--------------------------+-----------------------------------------------------------------+---------+---+----+-----+------+-----+------+-------------+
    |cos_coefficients_table_U  |dft_Pipeline_VITIS_LOOP_19_2_cos_coefficients_table_ROM_AUTO_1R  |        2|  0|   0|    0|  1024|   32|     1|        32768|
    |sin_coefficients_table_U  |dft_Pipeline_VITIS_LOOP_19_2_sin_coefficients_table_ROM_AUTO_1R  |        2|  0|   0|    0|  1024|   32|     1|        32768|
    +--------------------------+-----------------------------------------------------------------+---------+---+----+-----+------+-----+------+-------------+
    |Total                     |                                                                 |        4|  0|   0|    0|  2048|   64|     2|        65536|
    +--------------------------+-----------------------------------------------------------------+---------+---+----+-----+------+-----+------+-------------+

    * FIFO: 
    N/A

    * Expression: 
    +---------------------+----------+----+---+----+------------+------------+
    |    Variable Name    | Operation| DSP| FF| LUT| Bitwidth P0| Bitwidth P1|
    +---------------------+----------+----+---+----+------------+------------+
    |add_ln19_fu_206_p2   |         +|   0|  0|  12|          11|           1|
    |add_ln20_fu_220_p2   |         +|   0|  0|  13|          10|          10|
    |icmp_ln19_fu_200_p2  |      icmp|   0|  0|  12|          11|          12|
    |ifzero_fu_232_p2     |      icmp|   0|  0|  12|          11|          12|
    |ap_enable_pp0        |       xor|   0|  0|   2|           1|           2|
    +---------------------+----------+----+---+----+------------+------------+
    |Total                |          |   0|  0|  51|          44|          37|
    +---------------------+----------+----+---+----+------------+------------+

    * Multiplexer: 
    +----------------------------------+----+-----------+-----+-----------+
    |               Name               | LUT| Input Size| Bits| Total Bits|
    +----------------------------------+----+-----------+-----+-----------+
    |add164_fu_64                      |   9|          2|   32|         64|
    |add3_fu_60                        |   9|          2|   32|         64|
    |ap_NS_fsm                         |  59|         11|    1|         11|
    |ap_done_int                       |   9|          2|    1|          2|
    |ap_enable_reg_pp0_iter0           |   9|          2|    1|          2|
    |ap_enable_reg_pp0_iter1           |   9|          2|    1|          2|
    |ap_enable_reg_pp0_iter2           |   9|          2|    1|          2|
    |ap_loop_exit_ready_pp0_iter1_reg  |   9|          2|    1|          2|
    |ap_sig_allocacmp_add164_load      |   9|          2|   32|         64|
    |ap_sig_allocacmp_add3_load        |   9|          2|   32|         64|
    |ap_sig_allocacmp_index_load       |   9|          2|   10|         20|
    |ap_sig_allocacmp_n_1              |   9|          2|   11|         22|
    |grp_fu_159_p0                     |  14|          3|   32|         96|
    |grp_fu_159_p1                     |  14|          3|   32|         96|
    |grp_fu_163_p0                     |  14|          3|   32|         96|
    |grp_fu_163_p1                     |  14|          3|   32|         96|
    |index_fu_56                       |   9|          2|   10|         20|
    |n_fu_68                           |   9|          2|   11|         22|
    +----------------------------------+----+-----------+-----+-----------+
    |Total                             | 232|         49|  304|        745|
    +----------------------------------+----+-----------+-----+-----------+

    * Register: 
    +-------------------------------------+----+----+-----+-----------+
    |                 Name                | FF | LUT| Bits| Const Bits|
    +-------------------------------------+----+----+-----+-----------+
    |add164_fu_64                         |  32|   0|   32|          0|
    |add3_fu_60                           |  32|   0|   32|          0|
    |ap_CS_fsm                            |  10|   0|   10|          0|
    |ap_done_reg                          |   1|   0|    1|          0|
    |ap_enable_reg_pp0_iter0_reg          |   1|   0|    1|          0|
    |ap_enable_reg_pp0_iter1              |   1|   0|    1|          0|
    |ap_enable_reg_pp0_iter2              |   1|   0|    1|          0|
    |ap_loop_exit_ready_pp0_iter1_reg     |   1|   0|    1|          0|
    |bitcast_ln21_2_reg_356               |  32|   0|   32|          0|
    |cos_coefficients_table_load_reg_346  |  32|   0|   32|          0|
    |icmp_ln19_reg_318                    |   1|   0|    1|          0|
    |icmp_ln19_reg_318_pp0_iter1_reg      |   1|   0|    1|          0|
    |ifzero_reg_337                       |   1|   0|    1|          0|
    |imag_op_addr_reg_308                 |  10|   0|   10|          0|
    |index_fu_56                          |  10|   0|   10|          0|
    |mul6_reg_361                         |  32|   0|   32|          0|
    |mul_reg_371                          |  32|   0|   32|          0|
    |n_fu_68                              |  11|   0|   11|          0|
    |real_op_addr_reg_313                 |  10|   0|   10|          0|
    |real_op_addr_reg_313_pp0_iter1_reg   |  10|   0|   10|          0|
    |real_sample_load_reg_341             |  32|   0|   32|          0|
    |reg_167                              |  32|   0|   32|          0|
    |sin_coefficients_table_load_reg_351  |  32|   0|   32|          0|
    |ifzero_reg_337                       |  64|  32|    1|          0|
    |imag_op_addr_reg_308                 |  64|  32|   10|          0|
    +-------------------------------------+----+----+-----+-----------+
    |Total                                | 485|  64|  368|          0|
    +-------------------------------------+----+----+-----+-----------+



================================================================
== Interface
================================================================
* Summary: 
+----------------------+-----+-----+------------+------------------------------+--------------+
|       RTL Ports      | Dir | Bits|  Protocol  |         Source Object        |    C Type    |
+----------------------+-----+-----+------------+------------------------------+--------------+
|ap_clk                |   in|    1|  ap_ctrl_hs|  dft_Pipeline_VITIS_LOOP_19_2|  return value|
|ap_rst                |   in|    1|  ap_ctrl_hs|  dft_Pipeline_VITIS_LOOP_19_2|  return value|
|ap_start              |   in|    1|  ap_ctrl_hs|  dft_Pipeline_VITIS_LOOP_19_2|  return value|
|ap_done               |  out|    1|  ap_ctrl_hs|  dft_Pipeline_VITIS_LOOP_19_2|  return value|
|ap_idle               |  out|    1|  ap_ctrl_hs|  dft_Pipeline_VITIS_LOOP_19_2|  return value|
|ap_ready              |  out|    1|  ap_ctrl_hs|  dft_Pipeline_VITIS_LOOP_19_2|  return value|
|bitcast_ln22          |   in|   32|     ap_none|                  bitcast_ln22|        scalar|
|bitcast_ln21          |   in|   32|     ap_none|                  bitcast_ln21|        scalar|
|imag_op_address0      |  out|   10|   ap_memory|                       imag_op|         array|
|imag_op_ce0           |  out|    1|   ap_memory|                       imag_op|         array|
|imag_op_we0           |  out|    1|   ap_memory|                       imag_op|         array|
|imag_op_d0            |  out|   32|   ap_memory|                       imag_op|         array|
|zext_ln17             |   in|   10|     ap_none|                     zext_ln17|        scalar|
|real_op_address0      |  out|   10|   ap_memory|                       real_op|         array|
|real_op_ce0           |  out|    1|   ap_memory|                       real_op|         array|
|real_op_we0           |  out|    1|   ap_memory|                       real_op|         array|
|real_op_d0            |  out|   32|   ap_memory|                       real_op|         array|
|trunc_ln              |   in|   10|     ap_none|                      trunc_ln|        scalar|
|real_sample_address0  |  out|   10|   ap_memory|                   real_sample|         array|
|real_sample_ce0       |  out|    1|   ap_memory|                   real_sample|         array|
|real_sample_q0        |   in|   32|   ap_memory|                   real_sample|         array|
+----------------------+-----+-----+------------+------------------------------+--------------+

============================================================
+ Verbose Summary: Synthesis Manager
============================================================
InlineROM: 1
ExposeGlobal: 0
============================================================
+ Verbose Summary: CDFG Model
============================================================
IsTopModel: 0
ResetActiveHigh: 1
IsCombinational: 2
IsDatapathOnly: 2
HasWiredReturn: 1
HasMFsm: 2
HasVarLatency: 1
IsPipeline: 0
IsRtlPipelined: 0
IsInstanceOverlapped: 0
IsDontTouch: 0
HasImplIP: 0
IsGatedGlobalClock: 0

+ Individual pipeline summary: 
  * Pipeline-0: initiation interval (II) = 10, depth = 22


============================================================
+ Verbose Summary: Schedule
============================================================
* Number of FSM states : 22
* Pipeline : 1
  Pipeline-0 : II = 10, D = 22, States = { 1 2 3 4 5 6 7 8 9 10 11 12 13 14 15 16 17 18 19 20 21 22 }
* Dataflow Pipeline: 0

* FSM state transitions: 
1 --> 2 
2 --> 3 
3 --> 4 
4 --> 5 
5 --> 6 
6 --> 7 
7 --> 8 
8 --> 9 
9 --> 10 
10 --> 11 
11 --> 12 
12 --> 13 
13 --> 14 
14 --> 15 
15 --> 16 
16 --> 17 
17 --> 18 
18 --> 19 
19 --> 20 
20 --> 21 
21 --> 22 
22 --> 

* FSM state operations: 

State 1 <SV = 0> <Delay = 3.51>
ST_1 : Operation 25 [1/1] (0.00ns)   --->   "%index = alloca i32 1"   --->   Operation 25 'alloca' 'index' <Predicate = true> <Delay = 0.00>
ST_1 : Operation 26 [1/1] (0.00ns)   --->   "%add3 = alloca i32 1"   --->   Operation 26 'alloca' 'add3' <Predicate = true> <Delay = 0.00>
ST_1 : Operation 27 [1/1] (0.00ns)   --->   "%add164 = alloca i32 1"   --->   Operation 27 'alloca' 'add164' <Predicate = true> <Delay = 0.00>
ST_1 : Operation 28 [1/1] (0.00ns)   --->   "%n = alloca i32 1"   --->   Operation 28 'alloca' 'n' <Predicate = true> <Delay = 0.00>
ST_1 : Operation 29 [1/1] (0.00ns)   --->   "%trunc_ln_read = read i10 @_ssdm_op_Read.ap_auto.i10, i10 %trunc_ln"   --->   Operation 29 'read' 'trunc_ln_read' <Predicate = true> <Delay = 0.00>
ST_1 : Operation 30 [1/1] (0.00ns)   --->   "%zext_ln17_read = read i10 @_ssdm_op_Read.ap_auto.i10, i10 %zext_ln17"   --->   Operation 30 'read' 'zext_ln17_read' <Predicate = true> <Delay = 0.00>
ST_1 : Operation 31 [1/1] (0.00ns)   --->   "%bitcast_ln21_read = read i32 @_ssdm_op_Read.ap_auto.float, i32 %bitcast_ln21"   --->   Operation 31 'read' 'bitcast_ln21_read' <Predicate = true> <Delay = 0.00>
ST_1 : Operation 32 [1/1] (0.00ns)   --->   "%bitcast_ln22_read = read i32 @_ssdm_op_Read.ap_auto.float, i32 %bitcast_ln22"   --->   Operation 32 'read' 'bitcast_ln22_read' <Predicate = true> <Delay = 0.00>
ST_1 : Operation 33 [1/1] (0.00ns)   --->   "%zext_ln17_cast = zext i10 %zext_ln17_read"   --->   Operation 33 'zext' 'zext_ln17_cast' <Predicate = true> <Delay = 0.00>
ST_1 : Operation 34 [1/1] (0.00ns)   --->   "%specinterface_ln0 = specinterface void @_ssdm_op_SpecInterface, i32 %imag_op, void @empty, i32 0, i32 0, void @empty_0, i32 4294967295, i32 0, void @empty_0, void @empty_0, void @empty_0, i32 0, i32 0, i32 0, i32 0, void @empty_0, void @empty_0, i32 4294967295, i32 0"   --->   Operation 34 'specinterface' 'specinterface_ln0' <Predicate = true> <Delay = 0.00>
ST_1 : Operation 35 [1/1] (0.00ns)   --->   "%specinterface_ln0 = specinterface void @_ssdm_op_SpecInterface, i32 %real_op, void @empty, i32 0, i32 0, void @empty_0, i32 4294967295, i32 0, void @empty_0, void @empty_0, void @empty_0, i32 0, i32 0, i32 0, i32 0, void @empty_0, void @empty_0, i32 4294967295, i32 0"   --->   Operation 35 'specinterface' 'specinterface_ln0' <Predicate = true> <Delay = 0.00>
ST_1 : Operation 36 [1/1] (0.00ns)   --->   "%specinterface_ln0 = specinterface void @_ssdm_op_SpecInterface, i32 %real_sample, void @empty, i32 0, i32 0, void @empty_0, i32 4294967295, i32 0, void @empty_0, void @empty_0, void @empty_0, i32 0, i32 0, i32 0, i32 0, void @empty_0, void @empty_0, i32 4294967295, i32 0"   --->   Operation 36 'specinterface' 'specinterface_ln0' <Predicate = true> <Delay = 0.00>
ST_1 : Operation 37 [1/1] (1.58ns)   --->   "%store_ln0 = store i11 0, i11 %n"   --->   Operation 37 'store' 'store_ln0' <Predicate = true> <Delay = 1.58>
ST_1 : Operation 38 [1/1] (1.58ns)   --->   "%store_ln0 = store i32 %bitcast_ln22_read, i32 %add164"   --->   Operation 38 'store' 'store_ln0' <Predicate = true> <Delay = 1.58>
ST_1 : Operation 39 [1/1] (1.58ns)   --->   "%store_ln0 = store i32 %bitcast_ln21_read, i32 %add3"   --->   Operation 39 'store' 'store_ln0' <Predicate = true> <Delay = 1.58>
ST_1 : Operation 40 [1/1] (1.58ns)   --->   "%store_ln0 = store i10 0, i10 %index"   --->   Operation 40 'store' 'store_ln0' <Predicate = true> <Delay = 1.58>
ST_1 : Operation 41 [1/1] (0.00ns)   --->   "%br_ln0 = br void %for.inc"   --->   Operation 41 'br' 'br_ln0' <Predicate = true> <Delay = 0.00>
ST_1 : Operation 42 [1/1] (0.00ns)   --->   "%n_1 = load i11 %n" [DFT/dft.cpp:19]   --->   Operation 42 'load' 'n_1' <Predicate = true> <Delay = 0.00>
ST_1 : Operation 43 [1/1] (0.00ns)   --->   "%imag_op_addr = getelementptr i32 %imag_op, i64 0, i64 %zext_ln17_cast" [DFT/dft.cpp:22]   --->   Operation 43 'getelementptr' 'imag_op_addr' <Predicate = true> <Delay = 0.00>
ST_1 : Operation 44 [1/1] (0.00ns)   --->   "%real_op_addr = getelementptr i32 %real_op, i64 0, i64 %zext_ln17_cast" [DFT/dft.cpp:21]   --->   Operation 44 'getelementptr' 'real_op_addr' <Predicate = true> <Delay = 0.00>
ST_1 : Operation 45 [1/1] (0.00ns)   --->   "%specpipeline_ln0 = specpipeline void @_ssdm_op_SpecPipeline, i32 4294967295, i32 0, i32 1, i32 0, void @p_str"   --->   Operation 45 'specpipeline' 'specpipeline_ln0' <Predicate = true> <Delay = 0.00>
ST_1 : Operation 46 [1/1] (1.88ns)   --->   "%icmp_ln19 = icmp_eq  i11 %n_1, i11 1024" [DFT/dft.cpp:19]   --->   Operation 46 'icmp' 'icmp_ln19' <Predicate = true> <Delay = 1.88> <CoreInst = "Cmp">   --->   Core 9 'Cmp' <Latency = 0> <II = 1> <Delay = 1.99> <FuncUnit> <Opcode : 'icmp'> <InPorts = 2> <OutPorts = 1>
ST_1 : Operation 47 [1/1] (0.00ns)   --->   "%empty = speclooptripcount i32 @_ssdm_op_SpecLoopTripCount, i64 1024, i64 1024, i64 1024"   --->   Operation 47 'speclooptripcount' 'empty' <Predicate = true> <Delay = 0.00>
ST_1 : Operation 48 [1/1] (1.63ns)   --->   "%add_ln19 = add i11 %n_1, i11 1" [DFT/dft.cpp:19]   --->   Operation 48 'add' 'add_ln19' <Predicate = true> <Delay = 1.63> <CoreInst = "Adder">   --->   Core 1 'Adder' <Latency = 0> <II = 1> <Delay = 1.63> <FuncUnit> <Opcode : 'add' 'sub'> <InPorts = 2> <OutPorts = 1>
ST_1 : Operation 49 [1/1] (0.00ns)   --->   "%br_ln19 = br i1 %icmp_ln19, void %for.inc.split, void %for.inc17.exitStub" [DFT/dft.cpp:19]   --->   Operation 49 'br' 'br_ln19' <Predicate = true> <Delay = 0.00>
ST_1 : Operation 50 [1/1] (0.00ns)   --->   "%index_load = load i10 %index" [DFT/dft.cpp:20]   --->   Operation 50 'load' 'index_load' <Predicate = (!icmp_ln19)> <Delay = 0.00>
ST_1 : Operation 51 [1/1] (0.00ns)   --->   "%n_cast2 = zext i11 %n_1" [DFT/dft.cpp:19]   --->   Operation 51 'zext' 'n_cast2' <Predicate = (!icmp_ln19)> <Delay = 0.00>
ST_1 : Operation 52 [1/1] (1.73ns)   --->   "%add_ln20 = add i10 %index_load, i10 %trunc_ln_read" [DFT/dft.cpp:20]   --->   Operation 52 'add' 'add_ln20' <Predicate = (!icmp_ln19)> <Delay = 1.73> <CoreInst = "Adder">   --->   Core 1 'Adder' <Latency = 0> <II = 1> <Delay = 1.73> <FuncUnit> <Opcode : 'add' 'sub'> <InPorts = 2> <OutPorts = 1>
ST_1 : Operation 53 [1/1] (0.00ns)   --->   "%real_sample_addr = getelementptr i32 %real_sample, i64 0, i64 %n_cast2" [DFT/dft.cpp:21]   --->   Operation 53 'getelementptr' 'real_sample_addr' <Predicate = (!icmp_ln19)> <Delay = 0.00>
ST_1 : Operation 54 [2/2] (3.25ns)   --->   "%real_sample_load = load i10 %real_sample_addr" [DFT/dft.cpp:21]   --->   Operation 54 'load' 'real_sample_load' <Predicate = (!icmp_ln19)> <Delay = 3.25> <CoreInst = "RAM">   --->   Core 82 'RAM' <Latency = 1> <II = 1> <Delay = 3.25> <Storage> <Opcode : 'load' 'store'> <Ports = 2> <Width = 32> <Depth = 1024> <RAM>
ST_1 : Operation 55 [1/1] (0.00ns)   --->   "%zext_ln21 = zext i10 %index_load" [DFT/dft.cpp:21]   --->   Operation 55 'zext' 'zext_ln21' <Predicate = (!icmp_ln19)> <Delay = 0.00>
ST_1 : Operation 56 [1/1] (0.00ns)   --->   "%cos_coefficients_table_addr = getelementptr i32 %cos_coefficients_table, i64 0, i64 %zext_ln21" [DFT/dft.cpp:21]   --->   Operation 56 'getelementptr' 'cos_coefficients_table_addr' <Predicate = (!icmp_ln19)> <Delay = 0.00>
ST_1 : Operation 57 [2/2] (3.25ns)   --->   "%cos_coefficients_table_load = load i10 %cos_coefficients_table_addr" [DFT/dft.cpp:21]   --->   Operation 57 'load' 'cos_coefficients_table_load' <Predicate = (!icmp_ln19)> <Delay = 3.25> <CoreInst = "ROM">   --->   Core 95 'ROM' <Latency = 1> <II = 1> <Delay = 3.25> <Storage> <Opcode : 'load'> <Ports = 0> <Width = 32> <Depth = 1024> <ROM>
ST_1 : Operation 58 [1/1] (0.00ns)   --->   "%sin_coefficients_table_addr = getelementptr i32 %sin_coefficients_table, i64 0, i64 %zext_ln21" [DFT/dft.cpp:22]   --->   Operation 58 'getelementptr' 'sin_coefficients_table_addr' <Predicate = (!icmp_ln19)> <Delay = 0.00>
ST_1 : Operation 59 [2/2] (3.25ns)   --->   "%sin_coefficients_table_load = load i10 %sin_coefficients_table_addr" [DFT/dft.cpp:22]   --->   Operation 59 'load' 'sin_coefficients_table_load' <Predicate = (!icmp_ln19)> <Delay = 3.25> <CoreInst = "ROM">   --->   Core 95 'ROM' <Latency = 1> <II = 1> <Delay = 3.25> <Storage> <Opcode : 'load'> <Ports = 0> <Width = 32> <Depth = 1024> <ROM>
ST_1 : Operation 60 [1/1] (1.88ns)   --->   "%ifzero = icmp_eq  i11 %add_ln19, i11 1024" [DFT/dft.cpp:19]   --->   Operation 60 'icmp' 'ifzero' <Predicate = (!icmp_ln19)> <Delay = 1.88> <CoreInst = "Cmp">   --->   Core 9 'Cmp' <Latency = 0> <II = 1> <Delay = 1.99> <FuncUnit> <Opcode : 'icmp'> <InPorts = 2> <OutPorts = 1>
ST_1 : Operation 61 [1/1] (0.00ns)   --->   "%br_ln19 = br i1 %ifzero, void %ifFalse, void %ifTrue" [DFT/dft.cpp:19]   --->   Operation 61 'br' 'br_ln19' <Predicate = (!icmp_ln19)> <Delay = 0.00>
ST_1 : Operation 62 [1/1] (1.58ns)   --->   "%store_ln19 = store i11 %add_ln19, i11 %n" [DFT/dft.cpp:19]   --->   Operation 62 'store' 'store_ln19' <Predicate = (!icmp_ln19)> <Delay = 1.58>
ST_1 : Operation 63 [1/1] (1.58ns)   --->   "%store_ln20 = store i10 %add_ln20, i10 %index" [DFT/dft.cpp:20]   --->   Operation 63 'store' 'store_ln20' <Predicate = (!icmp_ln19)> <Delay = 1.58>

State 2 <SV = 1> <Delay = 3.25>
ST_2 : Operation 64 [1/2] (3.25ns)   --->   "%real_sample_load = load i10 %real_sample_addr" [DFT/dft.cpp:21]   --->   Operation 64 'load' 'real_sample_load' <Predicate = (!icmp_ln19)> <Delay = 3.25> <CoreInst = "RAM">   --->   Core 82 'RAM' <Latency = 1> <II = 1> <Delay = 3.25> <Storage> <Opcode : 'load' 'store'> <Ports = 2> <Width = 32> <Depth = 1024> <RAM>
ST_2 : Operation 65 [1/2] (3.25ns)   --->   "%cos_coefficients_table_load = load i10 %cos_coefficients_table_addr" [DFT/dft.cpp:21]   --->   Operation 65 'load' 'cos_coefficients_table_load' <Predicate = (!icmp_ln19)> <Delay = 3.25> <CoreInst = "ROM">   --->   Core 95 'ROM' <Latency = 1> <II = 1> <Delay = 3.25> <Storage> <Opcode : 'load'> <Ports = 0> <Width = 32> <Depth = 1024> <ROM>
ST_2 : Operation 66 [1/2] (3.25ns)   --->   "%sin_coefficients_table_load = load i10 %sin_coefficients_table_addr" [DFT/dft.cpp:22]   --->   Operation 66 'load' 'sin_coefficients_table_load' <Predicate = (!icmp_ln19)> <Delay = 3.25> <CoreInst = "ROM">   --->   Core 95 'ROM' <Latency = 1> <II = 1> <Delay = 3.25> <Storage> <Opcode : 'load'> <Ports = 0> <Width = 32> <Depth = 1024> <ROM>

State 3 <SV = 2> <Delay = 2.56>
ST_3 : Operation 67 [1/1] (0.00ns)   --->   "%bitcast_ln21_2 = bitcast i32 %real_sample_load" [DFT/dft.cpp:21]   --->   Operation 67 'bitcast' 'bitcast_ln21_2' <Predicate = (!icmp_ln19)> <Delay = 0.00>
ST_3 : Operation 68 [8/8] (2.56ns)   --->   "%mul6 = fmul i32 %bitcast_ln21_2, i32 %cos_coefficients_table_load" [DFT/dft.cpp:21]   --->   Operation 68 'fmul' 'mul6' <Predicate = (!icmp_ln19)> <Delay = 2.56> <CoreInst = "FMul_maxdsp">   --->   Core 30 'FMul_maxdsp' <Latency = 7> <II = 1> <Delay = 2.56> <FuncUnit> <Opcode : 'fmul'> <InPorts = 2> <OutPorts = 1>

State 4 <SV = 3> <Delay = 2.56>
ST_4 : Operation 69 [7/8] (2.56ns)   --->   "%mul6 = fmul i32 %bitcast_ln21_2, i32 %cos_coefficients_table_load" [DFT/dft.cpp:21]   --->   Operation 69 'fmul' 'mul6' <Predicate = (!icmp_ln19)> <Delay = 2.56> <CoreInst = "FMul_maxdsp">   --->   Core 30 'FMul_maxdsp' <Latency = 7> <II = 1> <Delay = 2.56> <FuncUnit> <Opcode : 'fmul'> <InPorts = 2> <OutPorts = 1>
ST_4 : Operation 70 [8/8] (2.56ns)   --->   "%mul = fmul i32 %bitcast_ln21_2, i32 %sin_coefficients_table_load" [DFT/dft.cpp:22]   --->   Operation 70 'fmul' 'mul' <Predicate = (!icmp_ln19)> <Delay = 2.56> <CoreInst = "FMul_maxdsp">   --->   Core 30 'FMul_maxdsp' <Latency = 7> <II = 1> <Delay = 2.56> <FuncUnit> <Opcode : 'fmul'> <InPorts = 2> <OutPorts = 1>

State 5 <SV = 4> <Delay = 2.56>
ST_5 : Operation 71 [6/8] (2.56ns)   --->   "%mul6 = fmul i32 %bitcast_ln21_2, i32 %cos_coefficients_table_load" [DFT/dft.cpp:21]   --->   Operation 71 'fmul' 'mul6' <Predicate = (!icmp_ln19)> <Delay = 2.56> <CoreInst = "FMul_maxdsp">   --->   Core 30 'FMul_maxdsp' <Latency = 7> <II = 1> <Delay = 2.56> <FuncUnit> <Opcode : 'fmul'> <InPorts = 2> <OutPorts = 1>
ST_5 : Operation 72 [7/8] (2.56ns)   --->   "%mul = fmul i32 %bitcast_ln21_2, i32 %sin_coefficients_table_load" [DFT/dft.cpp:22]   --->   Operation 72 'fmul' 'mul' <Predicate = (!icmp_ln19)> <Delay = 2.56> <CoreInst = "FMul_maxdsp">   --->   Core 30 'FMul_maxdsp' <Latency = 7> <II = 1> <Delay = 2.56> <FuncUnit> <Opcode : 'fmul'> <InPorts = 2> <OutPorts = 1>

State 6 <SV = 5> <Delay = 2.56>
ST_6 : Operation 73 [5/8] (2.56ns)   --->   "%mul6 = fmul i32 %bitcast_ln21_2, i32 %cos_coefficients_table_load" [DFT/dft.cpp:21]   --->   Operation 73 'fmul' 'mul6' <Predicate = (!icmp_ln19)> <Delay = 2.56> <CoreInst = "FMul_maxdsp">   --->   Core 30 'FMul_maxdsp' <Latency = 7> <II = 1> <Delay = 2.56> <FuncUnit> <Opcode : 'fmul'> <InPorts = 2> <OutPorts = 1>
ST_6 : Operation 74 [6/8] (2.56ns)   --->   "%mul = fmul i32 %bitcast_ln21_2, i32 %sin_coefficients_table_load" [DFT/dft.cpp:22]   --->   Operation 74 'fmul' 'mul' <Predicate = (!icmp_ln19)> <Delay = 2.56> <CoreInst = "FMul_maxdsp">   --->   Core 30 'FMul_maxdsp' <Latency = 7> <II = 1> <Delay = 2.56> <FuncUnit> <Opcode : 'fmul'> <InPorts = 2> <OutPorts = 1>

State 7 <SV = 6> <Delay = 2.56>
ST_7 : Operation 75 [4/8] (2.56ns)   --->   "%mul6 = fmul i32 %bitcast_ln21_2, i32 %cos_coefficients_table_load" [DFT/dft.cpp:21]   --->   Operation 75 'fmul' 'mul6' <Predicate = (!icmp_ln19)> <Delay = 2.56> <CoreInst = "FMul_maxdsp">   --->   Core 30 'FMul_maxdsp' <Latency = 7> <II = 1> <Delay = 2.56> <FuncUnit> <Opcode : 'fmul'> <InPorts = 2> <OutPorts = 1>
ST_7 : Operation 76 [5/8] (2.56ns)   --->   "%mul = fmul i32 %bitcast_ln21_2, i32 %sin_coefficients_table_load" [DFT/dft.cpp:22]   --->   Operation 76 'fmul' 'mul' <Predicate = (!icmp_ln19)> <Delay = 2.56> <CoreInst = "FMul_maxdsp">   --->   Core 30 'FMul_maxdsp' <Latency = 7> <II = 1> <Delay = 2.56> <FuncUnit> <Opcode : 'fmul'> <InPorts = 2> <OutPorts = 1>

State 8 <SV = 7> <Delay = 2.56>
ST_8 : Operation 77 [3/8] (2.56ns)   --->   "%mul6 = fmul i32 %bitcast_ln21_2, i32 %cos_coefficients_table_load" [DFT/dft.cpp:21]   --->   Operation 77 'fmul' 'mul6' <Predicate = (!icmp_ln19)> <Delay = 2.56> <CoreInst = "FMul_maxdsp">   --->   Core 30 'FMul_maxdsp' <Latency = 7> <II = 1> <Delay = 2.56> <FuncUnit> <Opcode : 'fmul'> <InPorts = 2> <OutPorts = 1>
ST_8 : Operation 78 [4/8] (2.56ns)   --->   "%mul = fmul i32 %bitcast_ln21_2, i32 %sin_coefficients_table_load" [DFT/dft.cpp:22]   --->   Operation 78 'fmul' 'mul' <Predicate = (!icmp_ln19)> <Delay = 2.56> <CoreInst = "FMul_maxdsp">   --->   Core 30 'FMul_maxdsp' <Latency = 7> <II = 1> <Delay = 2.56> <FuncUnit> <Opcode : 'fmul'> <InPorts = 2> <OutPorts = 1>

State 9 <SV = 8> <Delay = 2.56>
ST_9 : Operation 79 [2/8] (2.56ns)   --->   "%mul6 = fmul i32 %bitcast_ln21_2, i32 %cos_coefficients_table_load" [DFT/dft.cpp:21]   --->   Operation 79 'fmul' 'mul6' <Predicate = (!icmp_ln19)> <Delay = 2.56> <CoreInst = "FMul_maxdsp">   --->   Core 30 'FMul_maxdsp' <Latency = 7> <II = 1> <Delay = 2.56> <FuncUnit> <Opcode : 'fmul'> <InPorts = 2> <OutPorts = 1>
ST_9 : Operation 80 [3/8] (2.56ns)   --->   "%mul = fmul i32 %bitcast_ln21_2, i32 %sin_coefficients_table_load" [DFT/dft.cpp:22]   --->   Operation 80 'fmul' 'mul' <Predicate = (!icmp_ln19)> <Delay = 2.56> <CoreInst = "FMul_maxdsp">   --->   Core 30 'FMul_maxdsp' <Latency = 7> <II = 1> <Delay = 2.56> <FuncUnit> <Opcode : 'fmul'> <InPorts = 2> <OutPorts = 1>

State 10 <SV = 9> <Delay = 2.56>
ST_10 : Operation 81 [1/8] (2.56ns)   --->   "%mul6 = fmul i32 %bitcast_ln21_2, i32 %cos_coefficients_table_load" [DFT/dft.cpp:21]   --->   Operation 81 'fmul' 'mul6' <Predicate = (!icmp_ln19)> <Delay = 2.56> <CoreInst = "FMul_maxdsp">   --->   Core 30 'FMul_maxdsp' <Latency = 7> <II = 1> <Delay = 2.56> <FuncUnit> <Opcode : 'fmul'> <InPorts = 2> <OutPorts = 1>
ST_10 : Operation 82 [2/8] (2.56ns)   --->   "%mul = fmul i32 %bitcast_ln21_2, i32 %sin_coefficients_table_load" [DFT/dft.cpp:22]   --->   Operation 82 'fmul' 'mul' <Predicate = (!icmp_ln19)> <Delay = 2.56> <CoreInst = "FMul_maxdsp">   --->   Core 30 'FMul_maxdsp' <Latency = 7> <II = 1> <Delay = 2.56> <FuncUnit> <Opcode : 'fmul'> <InPorts = 2> <OutPorts = 1>

State 11 <SV = 10> <Delay = 3.35>
ST_11 : Operation 83 [1/1] (0.00ns)   --->   "%add3_load = load i32 %add3" [DFT/dft.cpp:21]   --->   Operation 83 'load' 'add3_load' <Predicate = true> <Delay = 0.00>
ST_11 : Operation 84 [10/10] (3.35ns)   --->   "%add = fadd i32 %add3_load, i32 %mul6" [DFT/dft.cpp:21]   --->   Operation 84 'fadd' 'add' <Predicate = true> <Delay = 3.35> <CoreInst = "FAddSub_fulldsp">   --->   Core 18 'FAddSub_fulldsp' <Latency = 9> <II = 1> <Delay = 3.35> <FuncUnit> <Opcode : 'fadd' 'fsub'> <InPorts = 2> <OutPorts = 1>
ST_11 : Operation 85 [1/8] (2.56ns)   --->   "%mul = fmul i32 %bitcast_ln21_2, i32 %sin_coefficients_table_load" [DFT/dft.cpp:22]   --->   Operation 85 'fmul' 'mul' <Predicate = true> <Delay = 2.56> <CoreInst = "FMul_maxdsp">   --->   Core 30 'FMul_maxdsp' <Latency = 7> <II = 1> <Delay = 2.56> <FuncUnit> <Opcode : 'fmul'> <InPorts = 2> <OutPorts = 1>

State 12 <SV = 11> <Delay = 3.35>
ST_12 : Operation 86 [1/1] (0.00ns)   --->   "%add164_load = load i32 %add164" [DFT/dft.cpp:22]   --->   Operation 86 'load' 'add164_load' <Predicate = true> <Delay = 0.00>
ST_12 : Operation 87 [9/10] (3.35ns)   --->   "%add = fadd i32 %add3_load, i32 %mul6" [DFT/dft.cpp:21]   --->   Operation 87 'fadd' 'add' <Predicate = true> <Delay = 3.35> <CoreInst = "FAddSub_fulldsp">   --->   Core 18 'FAddSub_fulldsp' <Latency = 9> <II = 1> <Delay = 3.35> <FuncUnit> <Opcode : 'fadd' 'fsub'> <InPorts = 2> <OutPorts = 1>
ST_12 : Operation 88 [10/10] (3.35ns)   --->   "%add1 = fadd i32 %add164_load, i32 %mul" [DFT/dft.cpp:22]   --->   Operation 88 'fadd' 'add1' <Predicate = true> <Delay = 3.35> <CoreInst = "FAddSub_fulldsp">   --->   Core 18 'FAddSub_fulldsp' <Latency = 9> <II = 1> <Delay = 3.35> <FuncUnit> <Opcode : 'fadd' 'fsub'> <InPorts = 2> <OutPorts = 1>
ST_12 : Operation 115 [1/1] (0.00ns)   --->   "%ret_ln0 = ret"   --->   Operation 115 'ret' 'ret_ln0' <Predicate = (icmp_ln19)> <Delay = 0.00>

State 13 <SV = 12> <Delay = 3.35>
ST_13 : Operation 89 [8/10] (3.35ns)   --->   "%add = fadd i32 %add3_load, i32 %mul6" [DFT/dft.cpp:21]   --->   Operation 89 'fadd' 'add' <Predicate = true> <Delay = 3.35> <CoreInst = "FAddSub_fulldsp">   --->   Core 18 'FAddSub_fulldsp' <Latency = 9> <II = 1> <Delay = 3.35> <FuncUnit> <Opcode : 'fadd' 'fsub'> <InPorts = 2> <OutPorts = 1>
ST_13 : Operation 90 [9/10] (3.35ns)   --->   "%add1 = fadd i32 %add164_load, i32 %mul" [DFT/dft.cpp:22]   --->   Operation 90 'fadd' 'add1' <Predicate = true> <Delay = 3.35> <CoreInst = "FAddSub_fulldsp">   --->   Core 18 'FAddSub_fulldsp' <Latency = 9> <II = 1> <Delay = 3.35> <FuncUnit> <Opcode : 'fadd' 'fsub'> <InPorts = 2> <OutPorts = 1>

State 14 <SV = 13> <Delay = 3.35>
ST_14 : Operation 91 [7/10] (3.35ns)   --->   "%add = fadd i32 %add3_load, i32 %mul6" [DFT/dft.cpp:21]   --->   Operation 91 'fadd' 'add' <Predicate = true> <Delay = 3.35> <CoreInst = "FAddSub_fulldsp">   --->   Core 18 'FAddSub_fulldsp' <Latency = 9> <II = 1> <Delay = 3.35> <FuncUnit> <Opcode : 'fadd' 'fsub'> <InPorts = 2> <OutPorts = 1>
ST_14 : Operation 92 [8/10] (3.35ns)   --->   "%add1 = fadd i32 %add164_load, i32 %mul" [DFT/dft.cpp:22]   --->   Operation 92 'fadd' 'add1' <Predicate = true> <Delay = 3.35> <CoreInst = "FAddSub_fulldsp">   --->   Core 18 'FAddSub_fulldsp' <Latency = 9> <II = 1> <Delay = 3.35> <FuncUnit> <Opcode : 'fadd' 'fsub'> <InPorts = 2> <OutPorts = 1>

State 15 <SV = 14> <Delay = 3.35>
ST_15 : Operation 93 [6/10] (3.35ns)   --->   "%add = fadd i32 %add3_load, i32 %mul6" [DFT/dft.cpp:21]   --->   Operation 93 'fadd' 'add' <Predicate = true> <Delay = 3.35> <CoreInst = "FAddSub_fulldsp">   --->   Core 18 'FAddSub_fulldsp' <Latency = 9> <II = 1> <Delay = 3.35> <FuncUnit> <Opcode : 'fadd' 'fsub'> <InPorts = 2> <OutPorts = 1>
ST_15 : Operation 94 [7/10] (3.35ns)   --->   "%add1 = fadd i32 %add164_load, i32 %mul" [DFT/dft.cpp:22]   --->   Operation 94 'fadd' 'add1' <Predicate = true> <Delay = 3.35> <CoreInst = "FAddSub_fulldsp">   --->   Core 18 'FAddSub_fulldsp' <Latency = 9> <II = 1> <Delay = 3.35> <FuncUnit> <Opcode : 'fadd' 'fsub'> <InPorts = 2> <OutPorts = 1>

State 16 <SV = 15> <Delay = 3.35>
ST_16 : Operation 95 [5/10] (3.35ns)   --->   "%add = fadd i32 %add3_load, i32 %mul6" [DFT/dft.cpp:21]   --->   Operation 95 'fadd' 'add' <Predicate = true> <Delay = 3.35> <CoreInst = "FAddSub_fulldsp">   --->   Core 18 'FAddSub_fulldsp' <Latency = 9> <II = 1> <Delay = 3.35> <FuncUnit> <Opcode : 'fadd' 'fsub'> <InPorts = 2> <OutPorts = 1>
ST_16 : Operation 96 [6/10] (3.35ns)   --->   "%add1 = fadd i32 %add164_load, i32 %mul" [DFT/dft.cpp:22]   --->   Operation 96 'fadd' 'add1' <Predicate = true> <Delay = 3.35> <CoreInst = "FAddSub_fulldsp">   --->   Core 18 'FAddSub_fulldsp' <Latency = 9> <II = 1> <Delay = 3.35> <FuncUnit> <Opcode : 'fadd' 'fsub'> <InPorts = 2> <OutPorts = 1>

State 17 <SV = 16> <Delay = 3.35>
ST_17 : Operation 97 [4/10] (3.35ns)   --->   "%add = fadd i32 %add3_load, i32 %mul6" [DFT/dft.cpp:21]   --->   Operation 97 'fadd' 'add' <Predicate = true> <Delay = 3.35> <CoreInst = "FAddSub_fulldsp">   --->   Core 18 'FAddSub_fulldsp' <Latency = 9> <II = 1> <Delay = 3.35> <FuncUnit> <Opcode : 'fadd' 'fsub'> <InPorts = 2> <OutPorts = 1>
ST_17 : Operation 98 [5/10] (3.35ns)   --->   "%add1 = fadd i32 %add164_load, i32 %mul" [DFT/dft.cpp:22]   --->   Operation 98 'fadd' 'add1' <Predicate = true> <Delay = 3.35> <CoreInst = "FAddSub_fulldsp">   --->   Core 18 'FAddSub_fulldsp' <Latency = 9> <II = 1> <Delay = 3.35> <FuncUnit> <Opcode : 'fadd' 'fsub'> <InPorts = 2> <OutPorts = 1>

State 18 <SV = 17> <Delay = 3.35>
ST_18 : Operation 99 [3/10] (3.35ns)   --->   "%add = fadd i32 %add3_load, i32 %mul6" [DFT/dft.cpp:21]   --->   Operation 99 'fadd' 'add' <Predicate = true> <Delay = 3.35> <CoreInst = "FAddSub_fulldsp">   --->   Core 18 'FAddSub_fulldsp' <Latency = 9> <II = 1> <Delay = 3.35> <FuncUnit> <Opcode : 'fadd' 'fsub'> <InPorts = 2> <OutPorts = 1>
ST_18 : Operation 100 [4/10] (3.35ns)   --->   "%add1 = fadd i32 %add164_load, i32 %mul" [DFT/dft.cpp:22]   --->   Operation 100 'fadd' 'add1' <Predicate = true> <Delay = 3.35> <CoreInst = "FAddSub_fulldsp">   --->   Core 18 'FAddSub_fulldsp' <Latency = 9> <II = 1> <Delay = 3.35> <FuncUnit> <Opcode : 'fadd' 'fsub'> <InPorts = 2> <OutPorts = 1>

State 19 <SV = 18> <Delay = 3.35>
ST_19 : Operation 101 [2/10] (3.35ns)   --->   "%add = fadd i32 %add3_load, i32 %mul6" [DFT/dft.cpp:21]   --->   Operation 101 'fadd' 'add' <Predicate = true> <Delay = 3.35> <CoreInst = "FAddSub_fulldsp">   --->   Core 18 'FAddSub_fulldsp' <Latency = 9> <II = 1> <Delay = 3.35> <FuncUnit> <Opcode : 'fadd' 'fsub'> <InPorts = 2> <OutPorts = 1>
ST_19 : Operation 102 [3/10] (3.35ns)   --->   "%add1 = fadd i32 %add164_load, i32 %mul" [DFT/dft.cpp:22]   --->   Operation 102 'fadd' 'add1' <Predicate = true> <Delay = 3.35> <CoreInst = "FAddSub_fulldsp">   --->   Core 18 'FAddSub_fulldsp' <Latency = 9> <II = 1> <Delay = 3.35> <FuncUnit> <Opcode : 'fadd' 'fsub'> <InPorts = 2> <OutPorts = 1>

State 20 <SV = 19> <Delay = 3.35>
ST_20 : Operation 103 [1/10] (3.35ns)   --->   "%add = fadd i32 %add3_load, i32 %mul6" [DFT/dft.cpp:21]   --->   Operation 103 'fadd' 'add' <Predicate = true> <Delay = 3.35> <CoreInst = "FAddSub_fulldsp">   --->   Core 18 'FAddSub_fulldsp' <Latency = 9> <II = 1> <Delay = 3.35> <FuncUnit> <Opcode : 'fadd' 'fsub'> <InPorts = 2> <OutPorts = 1>
ST_20 : Operation 104 [2/10] (3.35ns)   --->   "%add1 = fadd i32 %add164_load, i32 %mul" [DFT/dft.cpp:22]   --->   Operation 104 'fadd' 'add1' <Predicate = true> <Delay = 3.35> <CoreInst = "FAddSub_fulldsp">   --->   Core 18 'FAddSub_fulldsp' <Latency = 9> <II = 1> <Delay = 3.35> <FuncUnit> <Opcode : 'fadd' 'fsub'> <InPorts = 2> <OutPorts = 1>

State 21 <SV = 20> <Delay = 3.35>
ST_21 : Operation 105 [1/1] (0.00ns)   --->   "%specloopname_ln7 = specloopname void @_ssdm_op_SpecLoopName, void @empty_2" [DFT/dft.cpp:7]   --->   Operation 105 'specloopname' 'specloopname_ln7' <Predicate = true> <Delay = 0.00>
ST_21 : Operation 106 [1/10] (3.35ns)   --->   "%add1 = fadd i32 %add164_load, i32 %mul" [DFT/dft.cpp:22]   --->   Operation 106 'fadd' 'add1' <Predicate = true> <Delay = 3.35> <CoreInst = "FAddSub_fulldsp">   --->   Core 18 'FAddSub_fulldsp' <Latency = 9> <II = 1> <Delay = 3.35> <FuncUnit> <Opcode : 'fadd' 'fsub'> <InPorts = 2> <OutPorts = 1>
ST_21 : Operation 107 [1/1] (0.00ns)   --->   "%bitcast_ln21_1 = bitcast i32 %add" [DFT/dft.cpp:21]   --->   Operation 107 'bitcast' 'bitcast_ln21_1' <Predicate = (ifzero)> <Delay = 0.00>
ST_21 : Operation 108 [1/1] (3.25ns)   --->   "%store_ln21 = store i32 %bitcast_ln21_1, i10 %real_op_addr" [DFT/dft.cpp:21]   --->   Operation 108 'store' 'store_ln21' <Predicate = (ifzero)> <Delay = 3.25> <CoreInst = "RAM">   --->   Core 82 'RAM' <Latency = 1> <II = 1> <Delay = 3.25> <Storage> <Opcode : 'load' 'store'> <Ports = 2> <Width = 32> <Depth = 1024> <RAM>
ST_21 : Operation 109 [1/1] (1.58ns)   --->   "%store_ln21 = store i32 %add, i32 %add3" [DFT/dft.cpp:21]   --->   Operation 109 'store' 'store_ln21' <Predicate = true> <Delay = 1.58>

State 22 <SV = 21> <Delay = 3.25>
ST_22 : Operation 110 [1/1] (0.00ns)   --->   "%bitcast_ln22_1 = bitcast i32 %add1" [DFT/dft.cpp:22]   --->   Operation 110 'bitcast' 'bitcast_ln22_1' <Predicate = (ifzero)> <Delay = 0.00>
ST_22 : Operation 111 [1/1] (3.25ns)   --->   "%store_ln22 = store i32 %bitcast_ln22_1, i10 %imag_op_addr" [DFT/dft.cpp:22]   --->   Operation 111 'store' 'store_ln22' <Predicate = (ifzero)> <Delay = 3.25> <CoreInst = "RAM">   --->   Core 82 'RAM' <Latency = 1> <II = 1> <Delay = 3.25> <Storage> <Opcode : 'load' 'store'> <Ports = 2> <Width = 32> <Depth = 1024> <RAM>
ST_22 : Operation 112 [1/1] (0.00ns)   --->   "%br_ln0 = br void %ifFalse"   --->   Operation 112 'br' 'br_ln0' <Predicate = (ifzero)> <Delay = 0.00>
ST_22 : Operation 113 [1/1] (1.58ns)   --->   "%store_ln22 = store i32 %add1, i32 %add164" [DFT/dft.cpp:22]   --->   Operation 113 'store' 'store_ln22' <Predicate = true> <Delay = 1.58>
ST_22 : Operation 114 [1/1] (0.00ns)   --->   "%br_ln0 = br void %for.inc"   --->   Operation 114 'br' 'br_ln0' <Predicate = true> <Delay = 0.00>


============================================================
+ Verbose Summary: Binding
============================================================
STG Binding: 
---------------- STG Properties BEGIN ----------------
- Is combinational: 0
- Is one-state seq: 0
- Is datapath-only: 0
- Is pipelined: 0
- Is top level: 0
Port [ Return ] is wired: 1; IO mode=ap_ctrl_hs:ce=0
Port [ bitcast_ln22]:  wired=1; compound=0; hidden=0; nouse=0; global=0; static=0; extern=0; dir=0; type=0; pingpong=0; private_global=0; IO mode=ap_none:ce=0
Port [ bitcast_ln21]:  wired=1; compound=0; hidden=0; nouse=0; global=0; static=0; extern=0; dir=0; type=0; pingpong=0; private_global=0; IO mode=ap_none:ce=0
Port [ imag_op]:  wired=1; compound=1; hidden=0; nouse=0; global=0; static=0; extern=0; dir=1; type=1; pingpong=0; private_global=0; MemPort=[03]; IO mode=ap_memory:ce=0
Port [ zext_ln17]:  wired=1; compound=0; hidden=0; nouse=0; global=0; static=0; extern=0; dir=0; type=0; pingpong=0; private_global=0; IO mode=ap_none:ce=0
Port [ real_op]:  wired=1; compound=1; hidden=0; nouse=0; global=0; static=0; extern=0; dir=1; type=1; pingpong=0; private_global=0; MemPort=[03]; IO mode=ap_memory:ce=0
Port [ trunc_ln]:  wired=1; compound=0; hidden=0; nouse=0; global=0; static=0; extern=0; dir=0; type=0; pingpong=0; private_global=0; IO mode=ap_none:ce=0
Port [ real_sample]:  wired=1; compound=1; hidden=0; nouse=0; global=0; static=0; extern=0; dir=0; type=1; pingpong=0; private_global=0; MemPort=[13]; IO mode=ap_memory:ce=0
Port [ cos_coefficients_table]:  wired=0; compound=1; hidden=1; nouse=0; global=1; static=1; extern=0; dir=0; type=1; pingpong=0; private_global=1; MemPort=[1]; IO mode=ap_memory:ce=0
Port [ sin_coefficients_table]:  wired=0; compound=1; hidden=1; nouse=0; global=1; static=1; extern=0; dir=0; type=1; pingpong=0; private_global=1; MemPort=[1]; IO mode=ap_memory:ce=0
---------------- STG Properties END ------------------

---------------- Datapath Model BEGIN ----------------

<LifeTime>
<method=bitvector/>
index                       (alloca           ) [ 01000000000000000000000]
add3                        (alloca           ) [ 01111111111111111111110]
add164                      (alloca           ) [ 01111111111111111111111]
n                           (alloca           ) [ 01000000000000000000000]
trunc_ln_read               (read             ) [ 00000000000000000000000]
zext_ln17_read              (read             ) [ 00000000000000000000000]
bitcast_ln21_read           (read             ) [ 00000000000000000000000]
bitcast_ln22_read           (read             ) [ 00000000000000000000000]
zext_ln17_cast              (zext             ) [ 00000000000000000000000]
specinterface_ln0           (specinterface    ) [ 00000000000000000000000]
specinterface_ln0           (specinterface    ) [ 00000000000000000000000]
specinterface_ln0           (specinterface    ) [ 00000000000000000000000]
store_ln0                   (store            ) [ 00000000000000000000000]
store_ln0                   (store            ) [ 00000000000000000000000]
store_ln0                   (store            ) [ 00000000000000000000000]
store_ln0                   (store            ) [ 00000000000000000000000]
br_ln0                      (br               ) [ 00000000000000000000000]
n_1                         (load             ) [ 00000000000000000000000]
imag_op_addr                (getelementptr    ) [ 01111111111111111111111]
real_op_addr                (getelementptr    ) [ 01111111111111111111110]
specpipeline_ln0            (specpipeline     ) [ 00000000000000000000000]
icmp_ln19                   (icmp             ) [ 01111111111110000000000]
empty                       (speclooptripcount) [ 00000000000000000000000]
add_ln19                    (add              ) [ 00000000000000000000000]
br_ln19                     (br               ) [ 00000000000000000000000]
index_load                  (load             ) [ 00000000000000000000000]
n_cast2                     (zext             ) [ 00000000000000000000000]
add_ln20                    (add              ) [ 00000000000000000000000]
real_sample_addr            (getelementptr    ) [ 00100000000000000000000]
zext_ln21                   (zext             ) [ 00000000000000000000000]
cos_coefficients_table_addr (getelementptr    ) [ 00100000000000000000000]
sin_coefficients_table_addr (getelementptr    ) [ 00100000000000000000000]
ifzero                      (icmp             ) [ 01111111111111111111111]
br_ln19                     (br               ) [ 00000000000000000000000]
store_ln19                  (store            ) [ 00000000000000000000000]
store_ln20                  (store            ) [ 00000000000000000000000]
real_sample_load            (load             ) [ 00010000000000000000000]
cos_coefficients_table_load (load             ) [ 00011111111000000000000]
sin_coefficients_table_load (load             ) [ 01011111111100000000000]
bitcast_ln21_2              (bitcast          ) [ 01001111111100000000000]
mul6                        (fmul             ) [ 01111111111111111111100]
add3_load                   (load             ) [ 00111111111011111111100]
mul                         (fmul             ) [ 01111111111011111111110]
add164_load                 (load             ) [ 01011111111001111111110]
add                         (fadd             ) [ 01000000000000000000010]
specloopname_ln7            (specloopname     ) [ 00000000000000000000000]
add1                        (fadd             ) [ 00100000000000000000001]
bitcast_ln21_1              (bitcast          ) [ 00000000000000000000000]
store_ln21                  (store            ) [ 00000000000000000000000]
store_ln21                  (store            ) [ 00000000000000000000000]
bitcast_ln22_1              (bitcast          ) [ 00000000000000000000000]
store_ln22                  (store            ) [ 00000000000000000000000]
br_ln0                      (br               ) [ 00000000000000000000000]
store_ln22                  (store            ) [ 00000000000000000000000]
br_ln0                      (br               ) [ 00000000000000000000000]
ret_ln0                     (ret              ) [ 00000000000000000000000]
</LifeTime>

<model>

<comp_list>
<comp id="0" class="1000" name="bitcast_ln22">
<pin_list>
<pin id="1" dir="1" index="0" bw="1" slack="0"/>
</pin_list>
<bind>
<StgValue><ssdm name="bitcast_ln22"/></StgValue>
</bind>
</comp>

<comp id="2" class="1000" name="bitcast_ln21">
<pin_list>
<pin id="3" dir="1" index="0" bw="1" slack="0"/>
</pin_list>
<bind>
<StgValue><ssdm name="bitcast_ln21"/></StgValue>
</bind>
</comp>

<comp id="4" class="1000" name="imag_op">
<pin_list>
<pin id="5" dir="1" index="0" bw="1" slack="0"/>
</pin_list>
<bind>
<StgValue><ssdm name="imag_op"/><MemPortTyVec>0 3 </MemPortTyVec>
</StgValue>
</bind>
</comp>

<comp id="6" class="1000" name="zext_ln17">
<pin_list>
<pin id="7" dir="1" index="0" bw="1" slack="0"/>
</pin_list>
<bind>
<StgValue><ssdm name="zext_ln17"/></StgValue>
</bind>
</comp>

<comp id="8" class="1000" name="real_op">
<pin_list>
<pin id="9" dir="1" index="0" bw="1" slack="0"/>
</pin_list>
<bind>
<StgValue><ssdm name="real_op"/><MemPortTyVec>0 3 </MemPortTyVec>
</StgValue>
</bind>
</comp>

<comp id="10" class="1000" name="trunc_ln">
<pin_list>
<pin id="11" dir="1" index="0" bw="1" slack="0"/>
</pin_list>
<bind>
<StgValue><ssdm name="trunc_ln"/></StgValue>
</bind>
</comp>

<comp id="12" class="1000" name="real_sample">
<pin_list>
<pin id="13" dir="1" index="0" bw="1" slack="0"/>
</pin_list>
<bind>
<StgValue><ssdm name="real_sample"/><MemPortTyVec>1 3 </MemPortTyVec>
</StgValue>
</bind>
</comp>

<comp id="14" class="1000" name="cos_coefficients_table">
<pin_list>
<pin id="15" dir="1" index="0" bw="1" slack="0"/>
</pin_list>
<bind>
<StgValue><ssdm name="cos_coefficients_table"/><MemPortTyVec>1 </MemPortTyVec>
</StgValue>
</bind>
</comp>

<comp id="16" class="1000" name="sin_coefficients_table">
<pin_list>
<pin id="17" dir="1" index="0" bw="1" slack="0"/>
</pin_list>
<bind>
<StgValue><ssdm name="sin_coefficients_table"/><MemPortTyVec>1 </MemPortTyVec>
</StgValue>
</bind>
</comp>

<comp id="18" class="1001" name="const_18">
<pin_list>
<pin id="19" dir="1" index="0" bw="1" slack="0"/>
</pin_list>
<bind>
<StgValue><ssdm name=""/></StgValue>
</bind>
</comp>

<comp id="20" class="1001" name="const_20">
<pin_list>
<pin id="21" dir="1" index="0" bw="1" slack="0"/>
</pin_list>
<bind>
<StgValue><ssdm name="_ssdm_op_Read.ap_auto.i10"/></StgValue>
</bind>
</comp>

<comp id="22" class="1001" name="const_22">
<pin_list>
<pin id="23" dir="1" index="0" bw="1" slack="0"/>
</pin_list>
<bind>
<StgValue><ssdm name="_ssdm_op_Read.ap_auto.float"/></StgValue>
</bind>
</comp>

<comp id="24" class="1001" name="const_24">
<pin_list>
<pin id="25" dir="1" index="0" bw="1" slack="2147483647"/>
</pin_list>
<bind>
<StgValue><ssdm name="_ssdm_op_SpecInterface"/></StgValue>
</bind>
</comp>

<comp id="26" class="1001" name="const_26">
<pin_list>
<pin id="27" dir="1" index="0" bw="1" slack="2147483647"/>
</pin_list>
<bind>
<StgValue><ssdm name="empty"/></StgValue>
</bind>
</comp>

<comp id="28" class="1001" name="const_28">
<pin_list>
<pin id="29" dir="1" index="0" bw="1" slack="2147483647"/>
</pin_list>
<bind>
<StgValue><ssdm name=""/></StgValue>
</bind>
</comp>

<comp id="30" class="1001" name="const_30">
<pin_list>
<pin id="31" dir="1" index="0" bw="1" slack="2147483647"/>
</pin_list>
<bind>
<StgValue><ssdm name="empty_0"/></StgValue>
</bind>
</comp>

<comp id="32" class="1001" name="const_32">
<pin_list>
<pin id="33" dir="1" index="0" bw="1" slack="2147483647"/>
</pin_list>
<bind>
<StgValue><ssdm name=""/></StgValue>
</bind>
</comp>

<comp id="34" class="1001" name="const_34">
<pin_list>
<pin id="35" dir="1" index="0" bw="1" slack="0"/>
</pin_list>
<bind>
<StgValue><ssdm name=""/></StgValue>
</bind>
</comp>

<comp id="36" class="1001" name="const_36">
<pin_list>
<pin id="37" dir="1" index="0" bw="1" slack="0"/>
</pin_list>
<bind>
<StgValue><ssdm name=""/></StgValue>
</bind>
</comp>

<comp id="38" class="1001" name="const_38">
<pin_list>
<pin id="39" dir="1" index="0" bw="1" slack="0"/>
</pin_list>
<bind>
<StgValue><ssdm name=""/></StgValue>
</bind>
</comp>

<comp id="40" class="1001" name="const_40">
<pin_list>
<pin id="41" dir="1" index="0" bw="1" slack="2147483647"/>
</pin_list>
<bind>
<StgValue><ssdm name="_ssdm_op_SpecPipeline"/></StgValue>
</bind>
</comp>

<comp id="42" class="1001" name="const_42">
<pin_list>
<pin id="43" dir="1" index="0" bw="1" slack="2147483647"/>
</pin_list>
<bind>
<StgValue><ssdm name="p_str"/></StgValue>
</bind>
</comp>

<comp id="44" class="1001" name="const_44">
<pin_list>
<pin id="45" dir="1" index="0" bw="1" slack="0"/>
</pin_list>
<bind>
<StgValue><ssdm name=""/></StgValue>
</bind>
</comp>

<comp id="46" class="1001" name="const_46">
<pin_list>
<pin id="47" dir="1" index="0" bw="1" slack="2147483647"/>
</pin_list>
<bind>
<StgValue><ssdm name="_ssdm_op_SpecLoopTripCount"/></StgValue>
</bind>
</comp>

<comp id="48" class="1001" name="const_48">
<pin_list>
<pin id="49" dir="1" index="0" bw="1" slack="2147483647"/>
</pin_list>
<bind>
<StgValue><ssdm name=""/></StgValue>
</bind>
</comp>

<comp id="50" class="1001" name="const_50">
<pin_list>
<pin id="51" dir="1" index="0" bw="1" slack="0"/>
</pin_list>
<bind>
<StgValue><ssdm name=""/></StgValue>
</bind>
</comp>

<comp id="52" class="1001" name="const_52">
<pin_list>
<pin id="53" dir="1" index="0" bw="1" slack="2147483647"/>
</pin_list>
<bind>
<StgValue><ssdm name="_ssdm_op_SpecLoopName"/></StgValue>
</bind>
</comp>

<comp id="54" class="1001" name="const_54">
<pin_list>
<pin id="55" dir="1" index="0" bw="1" slack="2147483647"/>
</pin_list>
<bind>
<StgValue><ssdm name="empty_2"/></StgValue>
</bind>
</comp>

<comp id="56" class="1004" name="index_fu_56">
<pin_list>
<pin id="57" dir="0" index="0" bw="1" slack="0"/>
<pin id="58" dir="1" index="1" bw="10" slack="0"/>
</pin_list>
<bind>
<opcode="alloca(26) " fcode="alloca"/>
<opset="index/1 "/>
</bind>
</comp>

<comp id="60" class="1004" name="add3_fu_60">
<pin_list>
<pin id="61" dir="0" index="0" bw="1" slack="0"/>
<pin id="62" dir="1" index="1" bw="32" slack="0"/>
</pin_list>
<bind>
<opcode="alloca(26) " fcode="alloca"/>
<opset="add3/1 "/>
</bind>
</comp>

<comp id="64" class="1004" name="add164_fu_64">
<pin_list>
<pin id="65" dir="0" index="0" bw="1" slack="0"/>
<pin id="66" dir="1" index="1" bw="32" slack="0"/>
</pin_list>
<bind>
<opcode="alloca(26) " fcode="alloca"/>
<opset="add164/1 "/>
</bind>
</comp>

<comp id="68" class="1004" name="n_fu_68">
<pin_list>
<pin id="69" dir="0" index="0" bw="1" slack="0"/>
<pin id="70" dir="1" index="1" bw="11" slack="0"/>
</pin_list>
<bind>
<opcode="alloca(26) " fcode="alloca"/>
<opset="n/1 "/>
</bind>
</comp>

<comp id="72" class="1004" name="trunc_ln_read_read_fu_72">
<pin_list>
<pin id="73" dir="0" index="0" bw="10" slack="0"/>
<pin id="74" dir="0" index="1" bw="10" slack="0"/>
<pin id="75" dir="1" index="2" bw="10" slack="0"/>
</pin_list>
<bind>
<opcode="read(1150) " fcode="read"/>
<opset="trunc_ln_read/1 "/>
</bind>
</comp>

<comp id="78" class="1004" name="zext_ln17_read_read_fu_78">
<pin_list>
<pin id="79" dir="0" index="0" bw="10" slack="0"/>
<pin id="80" dir="0" index="1" bw="10" slack="0"/>
<pin id="81" dir="1" index="2" bw="10" slack="0"/>
</pin_list>
<bind>
<opcode="read(1150) " fcode="read"/>
<opset="zext_ln17_read/1 "/>
</bind>
</comp>

<comp id="84" class="1004" name="bitcast_ln21_read_read_fu_84">
<pin_list>
<pin id="85" dir="0" index="0" bw="32" slack="0"/>
<pin id="86" dir="0" index="1" bw="32" slack="0"/>
<pin id="87" dir="1" index="2" bw="32" slack="0"/>
</pin_list>
<bind>
<opcode="read(1150) " fcode="read"/>
<opset="bitcast_ln21_read/1 "/>
</bind>
</comp>

<comp id="90" class="1004" name="bitcast_ln22_read_read_fu_90">
<pin_list>
<pin id="91" dir="0" index="0" bw="32" slack="0"/>
<pin id="92" dir="0" index="1" bw="32" slack="0"/>
<pin id="93" dir="1" index="2" bw="32" slack="0"/>
</pin_list>
<bind>
<opcode="read(1150) " fcode="read"/>
<opset="bitcast_ln22_read/1 "/>
</bind>
</comp>

<comp id="96" class="1004" name="imag_op_addr_gep_fu_96">
<pin_list>
<pin id="97" dir="0" index="0" bw="32" slack="0"/>
<pin id="98" dir="0" index="1" bw="1" slack="0"/>
<pin id="99" dir="0" index="2" bw="10" slack="0"/>
<pin id="100" dir="1" index="3" bw="10" slack="21"/>
</pin_list>
<bind>
<opcode="getelementptr(29) " fcode="getelementptr"/>
<opset="imag_op_addr/1 "/>
</bind>
</comp>

<comp id="103" class="1004" name="real_op_addr_gep_fu_103">
<pin_list>
<pin id="104" dir="0" index="0" bw="32" slack="0"/>
<pin id="105" dir="0" index="1" bw="1" slack="0"/>
<pin id="106" dir="0" index="2" bw="10" slack="0"/>
<pin id="107" dir="1" index="3" bw="10" slack="20"/>
</pin_list>
<bind>
<opcode="getelementptr(29) " fcode="getelementptr"/>
<opset="real_op_addr/1 "/>
</bind>
</comp>

<comp id="110" class="1004" name="real_sample_addr_gep_fu_110">
<pin_list>
<pin id="111" dir="0" index="0" bw="32" slack="0"/>
<pin id="112" dir="0" index="1" bw="1" slack="0"/>
<pin id="113" dir="0" index="2" bw="11" slack="0"/>
<pin id="114" dir="1" index="3" bw="10" slack="0"/>
</pin_list>
<bind>
<opcode="getelementptr(29) " fcode="getelementptr"/>
<opset="real_sample_addr/1 "/>
</bind>
</comp>

<comp id="117" class="1004" name="grp_access_fu_117">
<pin_list>
<pin id="118" dir="0" index="0" bw="10" slack="0"/>
<pin id="119" dir="0" index="1" bw="32" slack="2147483647"/>
<pin id="120" dir="0" index="2" bw="0" slack="2147483647"/>
<pin id="121" dir="1" index="3" bw="32" slack="1"/>
</pin_list>
<bind>
<opcode="load(27) " fcode="load"/>
<opset="real_sample_load/1 "/>
</bind>
</comp>

<comp id="123" class="1004" name="cos_coefficients_table_addr_gep_fu_123">
<pin_list>
<pin id="124" dir="0" index="0" bw="32" slack="0"/>
<pin id="125" dir="0" index="1" bw="1" slack="0"/>
<pin id="126" dir="0" index="2" bw="10" slack="0"/>
<pin id="127" dir="1" index="3" bw="10" slack="0"/>
</pin_list>
<bind>
<opcode="getelementptr(29) " fcode="getelementptr"/>
<opset="cos_coefficients_table_addr/1 "/>
</bind>
</comp>

<comp id="130" class="1004" name="grp_access_fu_130">
<pin_list>
<pin id="131" dir="0" index="0" bw="10" slack="0"/>
<pin id="132" dir="0" index="1" bw="32" slack="2147483647"/>
<pin id="133" dir="0" index="2" bw="0" slack="2147483647"/>
<pin id="134" dir="1" index="3" bw="32" slack="1"/>
</pin_list>
<bind>
<opcode="load(27) " fcode="load"/>
<opset="cos_coefficients_table_load/1 "/>
</bind>
</comp>

<comp id="136" class="1004" name="sin_coefficients_table_addr_gep_fu_136">
<pin_list>
<pin id="137" dir="0" index="0" bw="32" slack="0"/>
<pin id="138" dir="0" index="1" bw="1" slack="0"/>
<pin id="139" dir="0" index="2" bw="10" slack="0"/>
<pin id="140" dir="1" index="3" bw="10" slack="0"/>
</pin_list>
<bind>
<opcode="getelementptr(29) " fcode="getelementptr"/>
<opset="sin_coefficients_table_addr/1 "/>
</bind>
</comp>

<comp id="143" class="1004" name="grp_access_fu_143">
<pin_list>
<pin id="144" dir="0" index="0" bw="10" slack="0"/>
<pin id="145" dir="0" index="1" bw="32" slack="2147483647"/>
<pin id="146" dir="0" index="2" bw="0" slack="2147483647"/>
<pin id="147" dir="1" index="3" bw="32" slack="2"/>
</pin_list>
<bind>
<opcode="load(27) " fcode="load"/>
<opset="sin_coefficients_table_load/1 "/>
</bind>
</comp>

<comp id="149" class="1004" name="store_ln21_access_fu_149">
<pin_list>
<pin id="150" dir="0" index="0" bw="10" slack="20"/>
<pin id="151" dir="0" index="1" bw="32" slack="0"/>
<pin id="152" dir="0" index="2" bw="0" slack="2147483647"/>
<pin id="153" dir="1" index="3" bw="32" slack="2147483647"/>
</pin_list>
<bind>
<opcode="store(28) " fcode="store"/>
<opset="store_ln21/21 "/>
</bind>
</comp>

<comp id="154" class="1004" name="store_ln22_access_fu_154">
<pin_list>
<pin id="155" dir="0" index="0" bw="10" slack="21"/>
<pin id="156" dir="0" index="1" bw="32" slack="0"/>
<pin id="157" dir="0" index="2" bw="0" slack="2147483647"/>
<pin id="158" dir="1" index="3" bw="32" slack="2147483647"/>
</pin_list>
<bind>
<opcode="store(28) " fcode="store"/>
<opset="store_ln22/22 "/>
</bind>
</comp>

<comp id="159" class="1004" name="grp_fu_159">
<pin_list>
<pin id="160" dir="0" index="0" bw="32" slack="0"/>
<pin id="161" dir="0" index="1" bw="32" slack="1"/>
<pin id="162" dir="1" index="2" bw="32" slack="1"/>
</pin_list>
<bind>
<opcode="fadd(9) " fcode="fadd"/>
<opset="add/11 add1/12 "/>
</bind>
</comp>

<comp id="163" class="1004" name="grp_fu_163">
<pin_list>
<pin id="164" dir="0" index="0" bw="32" slack="0"/>
<pin id="165" dir="0" index="1" bw="32" slack="1"/>
<pin id="166" dir="1" index="2" bw="32" slack="1"/>
</pin_list>
<bind>
<opcode="fmul(13) " fcode="fmul"/>
<opset="mul6/3 mul/4 "/>
</bind>
</comp>

<comp id="167" class="1005" name="reg_167">
<pin_list>
<pin id="168" dir="0" index="0" bw="32" slack="1"/>
<pin id="169" dir="1" index="1" bw="32" slack="1"/>
</pin_list>
<bind>
<opset="add add1 "/>
</bind>
</comp>

<comp id="171" class="1004" name="zext_ln17_cast_fu_171">
<pin_list>
<pin id="172" dir="0" index="0" bw="10" slack="0"/>
<pin id="173" dir="1" index="1" bw="64" slack="0"/>
</pin_list>
<bind>
<opcode="zext(34) " fcode="zext"/>
<opset="zext_ln17_cast/1 "/>
</bind>
</comp>

<comp id="177" class="1004" name="store_ln0_store_fu_177">
<pin_list>
<pin id="178" dir="0" index="0" bw="1" slack="0"/>
<pin id="179" dir="0" index="1" bw="11" slack="0"/>
<pin id="180" dir="1" index="2" bw="0" slack="2147483647"/>
</pin_list>
<bind>
<opcode="store(28) " fcode="store"/>
<opset="store_ln0/1 "/>
</bind>
</comp>

<comp id="182" class="1004" name="store_ln0_store_fu_182">
<pin_list>
<pin id="183" dir="0" index="0" bw="32" slack="0"/>
<pin id="184" dir="0" index="1" bw="32" slack="0"/>
<pin id="185" dir="1" index="2" bw="0" slack="2147483647"/>
</pin_list>
<bind>
<opcode="store(28) " fcode="store"/>
<opset="store_ln0/1 "/>
</bind>
</comp>

<comp id="187" class="1004" name="store_ln0_store_fu_187">
<pin_list>
<pin id="188" dir="0" index="0" bw="32" slack="0"/>
<pin id="189" dir="0" index="1" bw="32" slack="0"/>
<pin id="190" dir="1" index="2" bw="0" slack="2147483647"/>
</pin_list>
<bind>
<opcode="store(28) " fcode="store"/>
<opset="store_ln0/1 "/>
</bind>
</comp>

<comp id="192" class="1004" name="store_ln0_store_fu_192">
<pin_list>
<pin id="193" dir="0" index="0" bw="1" slack="0"/>
<pin id="194" dir="0" index="1" bw="10" slack="0"/>
<pin id="195" dir="1" index="2" bw="0" slack="2147483647"/>
</pin_list>
<bind>
<opcode="store(28) " fcode="store"/>
<opset="store_ln0/1 "/>
</bind>
</comp>

<comp id="197" class="1004" name="n_1_load_fu_197">
<pin_list>
<pin id="198" dir="0" index="0" bw="11" slack="0"/>
<pin id="199" dir="1" index="1" bw="11" slack="0"/>
</pin_list>
<bind>
<opcode="load(27) " fcode="load"/>
<opset="n_1/1 "/>
</bind>
</comp>

<comp id="200" class="1004" name="icmp_ln19_fu_200">
<pin_list>
<pin id="201" dir="0" index="0" bw="11" slack="0"/>
<pin id="202" dir="0" index="1" bw="11" slack="0"/>
<pin id="203" dir="1" index="2" bw="1" slack="1"/>
</pin_list>
<bind>
<opcode="icmp(45) " fcode="icmp"/>
<opset="icmp_ln19/1 "/>
</bind>
</comp>

<comp id="206" class="1004" name="add_ln19_fu_206">
<pin_list>
<pin id="207" dir="0" index="0" bw="11" slack="0"/>
<pin id="208" dir="0" index="1" bw="1" slack="0"/>
<pin id="209" dir="1" index="2" bw="11" slack="0"/>
</pin_list>
<bind>
<opcode="add(8) " fcode="add"/>
<opset="add_ln19/1 "/>
</bind>
</comp>

<comp id="212" class="1004" name="index_load_load_fu_212">
<pin_list>
<pin id="213" dir="0" index="0" bw="10" slack="0"/>
<pin id="214" dir="1" index="1" bw="10" slack="0"/>
</pin_list>
<bind>
<opcode="load(27) " fcode="load"/>
<opset="index_load/1 "/>
</bind>
</comp>

<comp id="215" class="1004" name="n_cast2_fu_215">
<pin_list>
<pin id="216" dir="0" index="0" bw="11" slack="0"/>
<pin id="217" dir="1" index="1" bw="64" slack="0"/>
</pin_list>
<bind>
<opcode="zext(34) " fcode="zext"/>
<opset="n_cast2/1 "/>
</bind>
</comp>

<comp id="220" class="1004" name="add_ln20_fu_220">
<pin_list>
<pin id="221" dir="0" index="0" bw="10" slack="0"/>
<pin id="222" dir="0" index="1" bw="10" slack="0"/>
<pin id="223" dir="1" index="2" bw="10" slack="0"/>
</pin_list>
<bind>
<opcode="add(8) " fcode="add"/>
<opset="add_ln20/1 "/>
</bind>
</comp>

<comp id="226" class="1004" name="zext_ln21_fu_226">
<pin_list>
<pin id="227" dir="0" index="0" bw="10" slack="0"/>
<pin id="228" dir="1" index="1" bw="64" slack="0"/>
</pin_list>
<bind>
<opcode="zext(34) " fcode="zext"/>
<opset="zext_ln21/1 "/>
</bind>
</comp>

<comp id="232" class="1004" name="ifzero_fu_232">
<pin_list>
<pin id="233" dir="0" index="0" bw="11" slack="0"/>
<pin id="234" dir="0" index="1" bw="11" slack="0"/>
<pin id="235" dir="1" index="2" bw="1" slack="20"/>
</pin_list>
<bind>
<opcode="icmp(45) " fcode="icmp"/>
<opset="ifzero/1 "/>
</bind>
</comp>

<comp id="238" class="1004" name="store_ln19_store_fu_238">
<pin_list>
<pin id="239" dir="0" index="0" bw="11" slack="0"/>
<pin id="240" dir="0" index="1" bw="11" slack="0"/>
<pin id="241" dir="1" index="2" bw="0" slack="2147483647"/>
</pin_list>
<bind>
<opcode="store(28) " fcode="store"/>
<opset="store_ln19/1 "/>
</bind>
</comp>

<comp id="243" class="1004" name="store_ln20_store_fu_243">
<pin_list>
<pin id="244" dir="0" index="0" bw="10" slack="0"/>
<pin id="245" dir="0" index="1" bw="10" slack="0"/>
<pin id="246" dir="1" index="2" bw="0" slack="2147483647"/>
</pin_list>
<bind>
<opcode="store(28) " fcode="store"/>
<opset="store_ln20/1 "/>
</bind>
</comp>

<comp id="248" class="1004" name="bitcast_ln21_2_fu_248">
<pin_list>
<pin id="249" dir="0" index="0" bw="32" slack="1"/>
<pin id="250" dir="1" index="1" bw="32" slack="0"/>
</pin_list>
<bind>
<opcode="bitcast(44) " fcode="bitcast"/>
<opset="bitcast_ln21_2/3 "/>
</bind>
</comp>

<comp id="252" class="1004" name="add3_load_load_fu_252">
<pin_list>
<pin id="253" dir="0" index="0" bw="32" slack="10"/>
<pin id="254" dir="1" index="1" bw="32" slack="0"/>
</pin_list>
<bind>
<opcode="load(27) " fcode="load"/>
<opset="add3_load/11 "/>
</bind>
</comp>

<comp id="256" class="1004" name="add164_load_load_fu_256">
<pin_list>
<pin id="257" dir="0" index="0" bw="32" slack="11"/>
<pin id="258" dir="1" index="1" bw="32" slack="0"/>
</pin_list>
<bind>
<opcode="load(27) " fcode="load"/>
<opset="add164_load/12 "/>
</bind>
</comp>

<comp id="260" class="1004" name="bitcast_ln21_1_fu_260">
<pin_list>
<pin id="261" dir="0" index="0" bw="32" slack="1"/>
<pin id="262" dir="1" index="1" bw="32" slack="0"/>
</pin_list>
<bind>
<opcode="bitcast(44) " fcode="bitcast"/>
<opset="bitcast_ln21_1/21 "/>
</bind>
</comp>

<comp id="265" class="1004" name="store_ln21_store_fu_265">
<pin_list>
<pin id="266" dir="0" index="0" bw="32" slack="1"/>
<pin id="267" dir="0" index="1" bw="32" slack="20"/>
<pin id="268" dir="1" index="2" bw="0" slack="2147483647"/>
</pin_list>
<bind>
<opcode="store(28) " fcode="store"/>
<opset="store_ln21/21 "/>
</bind>
</comp>

<comp id="270" class="1004" name="bitcast_ln22_1_fu_270">
<pin_list>
<pin id="271" dir="0" index="0" bw="32" slack="1"/>
<pin id="272" dir="1" index="1" bw="32" slack="0"/>
</pin_list>
<bind>
<opcode="bitcast(44) " fcode="bitcast"/>
<opset="bitcast_ln22_1/22 "/>
</bind>
</comp>

<comp id="275" class="1004" name="store_ln22_store_fu_275">
<pin_list>
<pin id="276" dir="0" index="0" bw="32" slack="1"/>
<pin id="277" dir="0" index="1" bw="32" slack="21"/>
<pin id="278" dir="1" index="2" bw="0" slack="2147483647"/>
</pin_list>
<bind>
<opcode="store(28) " fcode="store"/>
<opset="store_ln22/22 "/>
</bind>
</comp>

<comp id="280" class="1005" name="index_reg_280">
<pin_list>
<pin id="281" dir="0" index="0" bw="10" slack="0"/>
<pin id="282" dir="1" index="1" bw="10" slack="0"/>
</pin_list>
<bind>
<opset="index "/>
</bind>
</comp>

<comp id="287" class="1005" name="add3_reg_287">
<pin_list>
<pin id="288" dir="0" index="0" bw="32" slack="0"/>
<pin id="289" dir="1" index="1" bw="32" slack="0"/>
</pin_list>
<bind>
<opset="add3 "/>
</bind>
</comp>

<comp id="294" class="1005" name="add164_reg_294">
<pin_list>
<pin id="295" dir="0" index="0" bw="32" slack="0"/>
<pin id="296" dir="1" index="1" bw="32" slack="0"/>
</pin_list>
<bind>
<opset="add164 "/>
</bind>
</comp>

<comp id="301" class="1005" name="n_reg_301">
<pin_list>
<pin id="302" dir="0" index="0" bw="11" slack="0"/>
<pin id="303" dir="1" index="1" bw="11" slack="0"/>
</pin_list>
<bind>
<opset="n "/>
</bind>
</comp>

<comp id="308" class="1005" name="imag_op_addr_reg_308">
<pin_list>
<pin id="309" dir="0" index="0" bw="10" slack="21"/>
<pin id="310" dir="1" index="1" bw="10" slack="21"/>
</pin_list>
<bind>
<opset="imag_op_addr "/>
</bind>
</comp>

<comp id="313" class="1005" name="real_op_addr_reg_313">
<pin_list>
<pin id="314" dir="0" index="0" bw="10" slack="20"/>
<pin id="315" dir="1" index="1" bw="10" slack="20"/>
</pin_list>
<bind>
<opset="real_op_addr "/>
</bind>
</comp>

<comp id="318" class="1005" name="icmp_ln19_reg_318">
<pin_list>
<pin id="319" dir="0" index="0" bw="1" slack="1"/>
<pin id="320" dir="1" index="1" bw="1" slack="2147483647"/>
</pin_list>
<bind>
<opset="icmp_ln19 "/>
</bind>
</comp>

<comp id="322" class="1005" name="real_sample_addr_reg_322">
<pin_list>
<pin id="323" dir="0" index="0" bw="10" slack="1"/>
<pin id="324" dir="1" index="1" bw="10" slack="1"/>
</pin_list>
<bind>
<opset="real_sample_addr "/>
</bind>
</comp>

<comp id="327" class="1005" name="cos_coefficients_table_addr_reg_327">
<pin_list>
<pin id="328" dir="0" index="0" bw="10" slack="1"/>
<pin id="329" dir="1" index="1" bw="10" slack="1"/>
</pin_list>
<bind>
<opset="cos_coefficients_table_addr "/>
</bind>
</comp>

<comp id="332" class="1005" name="sin_coefficients_table_addr_reg_332">
<pin_list>
<pin id="333" dir="0" index="0" bw="10" slack="1"/>
<pin id="334" dir="1" index="1" bw="10" slack="1"/>
</pin_list>
<bind>
<opset="sin_coefficients_table_addr "/>
</bind>
</comp>

<comp id="337" class="1005" name="ifzero_reg_337">
<pin_list>
<pin id="338" dir="0" index="0" bw="1" slack="20"/>
<pin id="339" dir="1" index="1" bw="1" slack="2147483647"/>
</pin_list>
<bind>
<opset="ifzero "/>
</bind>
</comp>

<comp id="341" class="1005" name="real_sample_load_reg_341">
<pin_list>
<pin id="342" dir="0" index="0" bw="32" slack="1"/>
<pin id="343" dir="1" index="1" bw="32" slack="1"/>
</pin_list>
<bind>
<opset="real_sample_load "/>
</bind>
</comp>

<comp id="346" class="1005" name="cos_coefficients_table_load_reg_346">
<pin_list>
<pin id="347" dir="0" index="0" bw="32" slack="1"/>
<pin id="348" dir="1" index="1" bw="32" slack="1"/>
</pin_list>
<bind>
<opset="cos_coefficients_table_load "/>
</bind>
</comp>

<comp id="351" class="1005" name="sin_coefficients_table_load_reg_351">
<pin_list>
<pin id="352" dir="0" index="0" bw="32" slack="2"/>
<pin id="353" dir="1" index="1" bw="32" slack="2"/>
</pin_list>
<bind>
<opset="sin_coefficients_table_load "/>
</bind>
</comp>

<comp id="356" class="1005" name="bitcast_ln21_2_reg_356">
<pin_list>
<pin id="357" dir="0" index="0" bw="32" slack="1"/>
<pin id="358" dir="1" index="1" bw="32" slack="1"/>
</pin_list>
<bind>
<opset="bitcast_ln21_2 "/>
</bind>
</comp>

<comp id="361" class="1005" name="mul6_reg_361">
<pin_list>
<pin id="362" dir="0" index="0" bw="32" slack="1"/>
<pin id="363" dir="1" index="1" bw="32" slack="1"/>
</pin_list>
<bind>
<opset="mul6 "/>
</bind>
</comp>

<comp id="366" class="1005" name="add3_load_reg_366">
<pin_list>
<pin id="367" dir="0" index="0" bw="32" slack="1"/>
<pin id="368" dir="1" index="1" bw="32" slack="1"/>
</pin_list>
<bind>
<opset="add3_load "/>
</bind>
</comp>

<comp id="371" class="1005" name="mul_reg_371">
<pin_list>
<pin id="372" dir="0" index="0" bw="32" slack="1"/>
<pin id="373" dir="1" index="1" bw="32" slack="1"/>
</pin_list>
<bind>
<opset="mul "/>
</bind>
</comp>

<comp id="376" class="1005" name="add164_load_reg_376">
<pin_list>
<pin id="377" dir="0" index="0" bw="32" slack="1"/>
<pin id="378" dir="1" index="1" bw="32" slack="1"/>
</pin_list>
<bind>
<opset="add164_load "/>
</bind>
</comp>

</comp_list>

<net_list>
<net id="59"><net_src comp="18" pin="0"/><net_sink comp="56" pin=0"/></net>

<net id="63"><net_src comp="18" pin="0"/><net_sink comp="60" pin=0"/></net>

<net id="67"><net_src comp="18" pin="0"/><net_sink comp="64" pin=0"/></net>

<net id="71"><net_src comp="18" pin="0"/><net_sink comp="68" pin=0"/></net>

<net id="76"><net_src comp="20" pin="0"/><net_sink comp="72" pin=0"/></net>

<net id="77"><net_src comp="10" pin="0"/><net_sink comp="72" pin=1"/></net>

<net id="82"><net_src comp="20" pin="0"/><net_sink comp="78" pin=0"/></net>

<net id="83"><net_src comp="6" pin="0"/><net_sink comp="78" pin=1"/></net>

<net id="88"><net_src comp="22" pin="0"/><net_sink comp="84" pin=0"/></net>

<net id="89"><net_src comp="2" pin="0"/><net_sink comp="84" pin=1"/></net>

<net id="94"><net_src comp="22" pin="0"/><net_sink comp="90" pin=0"/></net>

<net id="95"><net_src comp="0" pin="0"/><net_sink comp="90" pin=1"/></net>

<net id="101"><net_src comp="4" pin="0"/><net_sink comp="96" pin=0"/></net>

<net id="102"><net_src comp="38" pin="0"/><net_sink comp="96" pin=1"/></net>

<net id="108"><net_src comp="8" pin="0"/><net_sink comp="103" pin=0"/></net>

<net id="109"><net_src comp="38" pin="0"/><net_sink comp="103" pin=1"/></net>

<net id="115"><net_src comp="12" pin="0"/><net_sink comp="110" pin=0"/></net>

<net id="116"><net_src comp="38" pin="0"/><net_sink comp="110" pin=1"/></net>

<net id="122"><net_src comp="110" pin="3"/><net_sink comp="117" pin=0"/></net>

<net id="128"><net_src comp="14" pin="0"/><net_sink comp="123" pin=0"/></net>

<net id="129"><net_src comp="38" pin="0"/><net_sink comp="123" pin=1"/></net>

<net id="135"><net_src comp="123" pin="3"/><net_sink comp="130" pin=0"/></net>

<net id="141"><net_src comp="16" pin="0"/><net_sink comp="136" pin=0"/></net>

<net id="142"><net_src comp="38" pin="0"/><net_sink comp="136" pin=1"/></net>

<net id="148"><net_src comp="136" pin="3"/><net_sink comp="143" pin=0"/></net>

<net id="170"><net_src comp="159" pin="2"/><net_sink comp="167" pin=0"/></net>

<net id="174"><net_src comp="78" pin="2"/><net_sink comp="171" pin=0"/></net>

<net id="175"><net_src comp="171" pin="1"/><net_sink comp="96" pin=2"/></net>

<net id="176"><net_src comp="171" pin="1"/><net_sink comp="103" pin=2"/></net>

<net id="181"><net_src comp="34" pin="0"/><net_sink comp="177" pin=0"/></net>

<net id="186"><net_src comp="90" pin="2"/><net_sink comp="182" pin=0"/></net>

<net id="191"><net_src comp="84" pin="2"/><net_sink comp="187" pin=0"/></net>

<net id="196"><net_src comp="36" pin="0"/><net_sink comp="192" pin=0"/></net>

<net id="204"><net_src comp="197" pin="1"/><net_sink comp="200" pin=0"/></net>

<net id="205"><net_src comp="44" pin="0"/><net_sink comp="200" pin=1"/></net>

<net id="210"><net_src comp="197" pin="1"/><net_sink comp="206" pin=0"/></net>

<net id="211"><net_src comp="50" pin="0"/><net_sink comp="206" pin=1"/></net>

<net id="218"><net_src comp="197" pin="1"/><net_sink comp="215" pin=0"/></net>

<net id="219"><net_src comp="215" pin="1"/><net_sink comp="110" pin=2"/></net>

<net id="224"><net_src comp="212" pin="1"/><net_sink comp="220" pin=0"/></net>

<net id="225"><net_src comp="72" pin="2"/><net_sink comp="220" pin=1"/></net>

<net id="229"><net_src comp="212" pin="1"/><net_sink comp="226" pin=0"/></net>

<net id="230"><net_src comp="226" pin="1"/><net_sink comp="123" pin=2"/></net>

<net id="231"><net_src comp="226" pin="1"/><net_sink comp="136" pin=2"/></net>

<net id="236"><net_src comp="206" pin="2"/><net_sink comp="232" pin=0"/></net>

<net id="237"><net_src comp="44" pin="0"/><net_sink comp="232" pin=1"/></net>

<net id="242"><net_src comp="206" pin="2"/><net_sink comp="238" pin=0"/></net>

<net id="247"><net_src comp="220" pin="2"/><net_sink comp="243" pin=0"/></net>

<net id="251"><net_src comp="248" pin="1"/><net_sink comp="163" pin=0"/></net>

<net id="255"><net_src comp="252" pin="1"/><net_sink comp="159" pin=0"/></net>

<net id="259"><net_src comp="256" pin="1"/><net_sink comp="159" pin=0"/></net>

<net id="263"><net_src comp="167" pin="1"/><net_sink comp="260" pin=0"/></net>

<net id="264"><net_src comp="260" pin="1"/><net_sink comp="149" pin=1"/></net>

<net id="269"><net_src comp="167" pin="1"/><net_sink comp="265" pin=0"/></net>

<net id="273"><net_src comp="167" pin="1"/><net_sink comp="270" pin=0"/></net>

<net id="274"><net_src comp="270" pin="1"/><net_sink comp="154" pin=1"/></net>

<net id="279"><net_src comp="167" pin="1"/><net_sink comp="275" pin=0"/></net>

<net id="283"><net_src comp="56" pin="1"/><net_sink comp="280" pin=0"/></net>

<net id="284"><net_src comp="280" pin="1"/><net_sink comp="192" pin=1"/></net>

<net id="285"><net_src comp="280" pin="1"/><net_sink comp="212" pin=0"/></net>

<net id="286"><net_src comp="280" pin="1"/><net_sink comp="243" pin=1"/></net>

<net id="290"><net_src comp="60" pin="1"/><net_sink comp="287" pin=0"/></net>

<net id="291"><net_src comp="287" pin="1"/><net_sink comp="187" pin=1"/></net>

<net id="292"><net_src comp="287" pin="1"/><net_sink comp="252" pin=0"/></net>

<net id="293"><net_src comp="287" pin="1"/><net_sink comp="265" pin=1"/></net>

<net id="297"><net_src comp="64" pin="1"/><net_sink comp="294" pin=0"/></net>

<net id="298"><net_src comp="294" pin="1"/><net_sink comp="182" pin=1"/></net>

<net id="299"><net_src comp="294" pin="1"/><net_sink comp="256" pin=0"/></net>

<net id="300"><net_src comp="294" pin="1"/><net_sink comp="275" pin=1"/></net>

<net id="304"><net_src comp="68" pin="1"/><net_sink comp="301" pin=0"/></net>

<net id="305"><net_src comp="301" pin="1"/><net_sink comp="177" pin=1"/></net>

<net id="306"><net_src comp="301" pin="1"/><net_sink comp="197" pin=0"/></net>

<net id="307"><net_src comp="301" pin="1"/><net_sink comp="238" pin=1"/></net>

<net id="311"><net_src comp="96" pin="3"/><net_sink comp="308" pin=0"/></net>

<net id="312"><net_src comp="308" pin="1"/><net_sink comp="154" pin=0"/></net>

<net id="316"><net_src comp="103" pin="3"/><net_sink comp="313" pin=0"/></net>

<net id="317"><net_src comp="313" pin="1"/><net_sink comp="149" pin=0"/></net>

<net id="321"><net_src comp="200" pin="2"/><net_sink comp="318" pin=0"/></net>

<net id="325"><net_src comp="110" pin="3"/><net_sink comp="322" pin=0"/></net>

<net id="326"><net_src comp="322" pin="1"/><net_sink comp="117" pin=0"/></net>

<net id="330"><net_src comp="123" pin="3"/><net_sink comp="327" pin=0"/></net>

<net id="331"><net_src comp="327" pin="1"/><net_sink comp="130" pin=0"/></net>

<net id="335"><net_src comp="136" pin="3"/><net_sink comp="332" pin=0"/></net>

<net id="336"><net_src comp="332" pin="1"/><net_sink comp="143" pin=0"/></net>

<net id="340"><net_src comp="232" pin="2"/><net_sink comp="337" pin=0"/></net>

<net id="344"><net_src comp="117" pin="3"/><net_sink comp="341" pin=0"/></net>

<net id="345"><net_src comp="341" pin="1"/><net_sink comp="248" pin=0"/></net>

<net id="349"><net_src comp="130" pin="3"/><net_sink comp="346" pin=0"/></net>

<net id="350"><net_src comp="346" pin="1"/><net_sink comp="163" pin=1"/></net>

<net id="354"><net_src comp="143" pin="3"/><net_sink comp="351" pin=0"/></net>

<net id="355"><net_src comp="351" pin="1"/><net_sink comp="163" pin=1"/></net>

<net id="359"><net_src comp="248" pin="1"/><net_sink comp="356" pin=0"/></net>

<net id="360"><net_src comp="356" pin="1"/><net_sink comp="163" pin=0"/></net>

<net id="364"><net_src comp="163" pin="2"/><net_sink comp="361" pin=0"/></net>

<net id="365"><net_src comp="361" pin="1"/><net_sink comp="159" pin=1"/></net>

<net id="369"><net_src comp="252" pin="1"/><net_sink comp="366" pin=0"/></net>

<net id="370"><net_src comp="366" pin="1"/><net_sink comp="159" pin=0"/></net>

<net id="374"><net_src comp="163" pin="2"/><net_sink comp="371" pin=0"/></net>

<net id="375"><net_src comp="371" pin="1"/><net_sink comp="159" pin=1"/></net>

<net id="379"><net_src comp="256" pin="1"/><net_sink comp="376" pin=0"/></net>

<net id="380"><net_src comp="376" pin="1"/><net_sink comp="159" pin=0"/></net>

</net_list>

</model> 
---------------- Datapath Model END ------------------

* FSMD analyzer results:
  - Output states:
	Port: imag_op | {22 }
	Port: real_op | {21 }
	Port: real_sample | {}
	Port: cos_coefficients_table | {}
	Port: sin_coefficients_table | {}
 - Input state : 
	Port: dft_Pipeline_VITIS_LOOP_19_2 : bitcast_ln22 | {1 }
	Port: dft_Pipeline_VITIS_LOOP_19_2 : bitcast_ln21 | {1 }
	Port: dft_Pipeline_VITIS_LOOP_19_2 : imag_op | {}
	Port: dft_Pipeline_VITIS_LOOP_19_2 : zext_ln17 | {1 }
	Port: dft_Pipeline_VITIS_LOOP_19_2 : real_op | {}
	Port: dft_Pipeline_VITIS_LOOP_19_2 : trunc_ln | {1 }
	Port: dft_Pipeline_VITIS_LOOP_19_2 : real_sample | {1 2 }
	Port: dft_Pipeline_VITIS_LOOP_19_2 : cos_coefficients_table | {1 2 }
	Port: dft_Pipeline_VITIS_LOOP_19_2 : sin_coefficients_table | {1 2 }
  - Chain level:
	State 1
		store_ln0 : 1
		store_ln0 : 1
		n_1 : 1
		imag_op_addr : 1
		real_op_addr : 1
		icmp_ln19 : 2
		add_ln19 : 2
		br_ln19 : 3
		index_load : 1
		n_cast2 : 2
		add_ln20 : 2
		real_sample_addr : 3
		real_sample_load : 4
		zext_ln21 : 2
		cos_coefficients_table_addr : 3
		cos_coefficients_table_load : 4
		sin_coefficients_table_addr : 3
		sin_coefficients_table_load : 4
		ifzero : 3
		br_ln19 : 4
		store_ln19 : 3
		store_ln20 : 3
	State 2
	State 3
		mul6 : 1
	State 4
	State 5
	State 6
	State 7
	State 8
	State 9
	State 10
	State 11
		add : 1
	State 12
		add1 : 1
	State 13
	State 14
	State 15
	State 16
	State 17
	State 18
	State 19
	State 20
	State 21
		store_ln21 : 1
	State 22
		store_ln22 : 1


============================================================
+ Verbose Summary: Datapath Resource usage 
============================================================

* Functional unit list:
|----------|------------------------------|---------|---------|---------|
| Operation|        Functional Unit       |   DSP   |    FF   |   LUT   |
|----------|------------------------------|---------|---------|---------|
|   fadd   |          grp_fu_159          |    2    |   365   |   421   |
|----------|------------------------------|---------|---------|---------|
|   fmul   |          grp_fu_163          |    3    |   199   |   324   |
|----------|------------------------------|---------|---------|---------|
|    add   |        add_ln19_fu_206       |    0    |    0    |    12   |
|          |        add_ln20_fu_220       |    0    |    0    |    13   |
|----------|------------------------------|---------|---------|---------|
|   icmp   |       icmp_ln19_fu_200       |    0    |    0    |    11   |
|          |         ifzero_fu_232        |    0    |    0    |    11   |
|----------|------------------------------|---------|---------|---------|
|          |   trunc_ln_read_read_fu_72   |    0    |    0    |    0    |
|   read   |   zext_ln17_read_read_fu_78  |    0    |    0    |    0    |
|          | bitcast_ln21_read_read_fu_84 |    0    |    0    |    0    |
|          | bitcast_ln22_read_read_fu_90 |    0    |    0    |    0    |
|----------|------------------------------|---------|---------|---------|
|          |     zext_ln17_cast_fu_171    |    0    |    0    |    0    |
|   zext   |        n_cast2_fu_215        |    0    |    0    |    0    |
|          |       zext_ln21_fu_226       |    0    |    0    |    0    |
|----------|------------------------------|---------|---------|---------|
|   Total  |                              |    5    |   564   |   792   |
|----------|------------------------------|---------|---------|---------|

Memories:
N/A

* Register list:
+-----------------------------------+--------+
|                                   |   FF   |
+-----------------------------------+--------+
|        add164_load_reg_376        |   32   |
|           add164_reg_294          |   32   |
|         add3_load_reg_366         |   32   |
|            add3_reg_287           |   32   |
|       bitcast_ln21_2_reg_356      |   32   |
|cos_coefficients_table_addr_reg_327|   10   |
|cos_coefficients_table_load_reg_346|   32   |
|         icmp_ln19_reg_318         |    1   |
|           ifzero_reg_337          |    1   |
|        imag_op_addr_reg_308       |   10   |
|           index_reg_280           |   10   |
|            mul6_reg_361           |   32   |
|            mul_reg_371            |   32   |
|             n_reg_301             |   11   |
|        real_op_addr_reg_313       |   10   |
|      real_sample_addr_reg_322     |   10   |
|      real_sample_load_reg_341     |   32   |
|              reg_167              |   32   |
|sin_coefficients_table_addr_reg_332|   10   |
|sin_coefficients_table_load_reg_351|   32   |
+-----------------------------------+--------+
|               Total               |   425  |
+-----------------------------------+--------+

* Multiplexer (MUX) list: 
|-------------------|------|------|------|--------||---------||---------|
|        Comp       |  Pin | Size |  BW  | S x BW ||  Delay  ||   LUT   |
|-------------------|------|------|------|--------||---------||---------|
| grp_access_fu_117 |  p0  |   2  |  10  |   20   ||    9    |
| grp_access_fu_130 |  p0  |   2  |  10  |   20   ||    9    |
| grp_access_fu_143 |  p0  |   2  |  10  |   20   ||    9    |
|     grp_fu_159    |  p0  |   4  |  32  |   128  ||    20   |
|     grp_fu_159    |  p1  |   2  |  32  |   64   ||    9    |
|     grp_fu_163    |  p0  |   2  |  32  |   64   ||    9    |
|     grp_fu_163    |  p1  |   2  |  32  |   64   ||    9    |
|-------------------|------|------|------|--------||---------||---------|
|       Total       |      |      |      |   380  || 11.3546 ||    74   |
|-------------------|------|------|------|--------||---------||---------|



* Summary:
+-----------+--------+--------+--------+--------+
|           |   DSP  |  Delay |   FF   |   LUT  |
+-----------+--------+--------+--------+--------+
|  Function |    5   |    -   |   564  |   792  |
|   Memory  |    -   |    -   |    -   |    -   |
|Multiplexer|    -   |   11   |    -   |   74   |
|  Register |    -   |    -   |   425  |    -   |
+-----------+--------+--------+--------+--------+
|   Total   |    5   |   11   |   989  |   866  |
+-----------+--------+--------+--------+--------+
