INFO-FLOW: Workspace D:/1111HLS/LabC/DFT/DFT/opt1_pipeline opened at Fri Nov 11 20:42:55 +0800 2022
Execute     ap_set_clock -name default -period 5 -default=false 
INFO: [SYN 201-201] Setting up clock 'default' with a period of 5ns.
Execute     set_part xc7z020-clg400-1 
Execute       create_platform xc7z020-clg400-1 -board  
DBG:HLSDevice: Trying to load device library: D:/Xilinx/Vitis_HLS/2022.1\lib\win64.o\librdi_hlsvwrap.dll
DBG:HLSDevice: first parts/arch.xml in RDI_DATADIR: D:/Xilinx/Vivado/2022.1/data/parts/arch.xml
DBG:HLSDevice: init success
INFO: [HLS 200-1611] Setting target device to 'xc7z020-clg400-1'
Command       create_platform done; 1.62 sec.
Execute       source D:/Xilinx/Vitis_HLS/2022.1/common/technology/xilinx/common/xilinx.gen 
Execute         source D:/Xilinx/Vitis_HLS/2022.1/common/technology/xilinx/interface/plb46.gen 
Execute         source D:/Xilinx/Vitis_HLS/2022.1/common/technology/xilinx/interface/axi4.gen 
Execute         source D:/Xilinx/Vitis_HLS/2022.1/common/technology/xilinx/interface/nativeAXI4.gen 
Execute           source D:/Xilinx/Vitis_HLS/2022.1/common/technology/xilinx/interface/saxilite.gen 
Execute         source D:/Xilinx/Vitis_HLS/2022.1/common/technology/xilinx/scripts/xilinxcoregen.gen 
Execute         source D:/Xilinx/Vitis_HLS/2022.1/common/technology/xilinx/interface/XilEDKCoreGen.gen 
Execute         source D:/Xilinx/Vitis_HLS/2022.1/common/technology/xilinx/ip/dds_compiler.gen 
Execute         source D:/Xilinx/Vitis_HLS/2022.1/common/technology/xilinx/ip/util.gen 
Execute         source D:/Xilinx/Vitis_HLS/2022.1/common/technology/xilinx/ip/xfft.gen 
Execute         source D:/Xilinx/Vitis_HLS/2022.1/common/technology/xilinx/ip/xfir.gen 
Execute         source D:/Xilinx/Vitis_HLS/2022.1/common/technology/xilinx/DSP48/dsp48.gen 
Execute       ap_part_info -name xc7z020-clg400-1 -data info 
Execute       config_compile -quiet -complex-mul-dsp=0 
Command     set_part done; 1.766 sec.
Execute     send_msg_by_id INFO @200-1505@%s%s  vivado 
INFO: [HLS 200-1505] Using flow_target 'vivado'
Execute     get_config_interface -m_axi_latency 
Execute     get_config_interface -m_axi_alignment_byte_size 
Execute     get_config_interface -m_axi_max_widen_bitwidth 
Execute     get_config_interface -default_interface 
Execute     get_config_rtl -register_reset_num 
Command   open_solution done; 1.78 sec.
Execute   set_part xc7z020clg400-1 
INFO: [HLS 200-1510] Running: set_part xc7z020clg400-1 
Execute     create_platform xc7z020clg400-1 -board  
Execute     source D:/Xilinx/Vitis_HLS/2022.1/common/technology/xilinx/common/xilinx.gen 
Execute       source D:/Xilinx/Vitis_HLS/2022.1/common/technology/xilinx/interface/plb46.gen 
Execute       source D:/Xilinx/Vitis_HLS/2022.1/common/technology/xilinx/interface/axi4.gen 
Execute       source D:/Xilinx/Vitis_HLS/2022.1/common/technology/xilinx/interface/nativeAXI4.gen 
Execute         source D:/Xilinx/Vitis_HLS/2022.1/common/technology/xilinx/interface/saxilite.gen 
Execute       source D:/Xilinx/Vitis_HLS/2022.1/common/technology/xilinx/scripts/xilinxcoregen.gen 
Execute       source D:/Xilinx/Vitis_HLS/2022.1/common/technology/xilinx/interface/XilEDKCoreGen.gen 
Execute       source D:/Xilinx/Vitis_HLS/2022.1/common/technology/xilinx/ip/dds_compiler.gen 
Execute       source D:/Xilinx/Vitis_HLS/2022.1/common/technology/xilinx/ip/util.gen 
Execute       source D:/Xilinx/Vitis_HLS/2022.1/common/technology/xilinx/ip/xfft.gen 
Execute       source D:/Xilinx/Vitis_HLS/2022.1/common/technology/xilinx/ip/xfir.gen 
Execute       source D:/Xilinx/Vitis_HLS/2022.1/common/technology/xilinx/DSP48/dsp48.gen 
Execute     ap_part_info -name xc7z020-clg400-1 -data info 
Execute     config_compile -quiet -complex-mul-dsp=0 
Command   set_part done; 0.147 sec.
Execute   create_clock -period 5 -name default 
INFO: [HLS 200-1510] Running: create_clock -period 5 -name default 
Execute   csynth_design 
INFO: [HLS 200-1510] Running: csynth_design 
Execute     get_config_compile -effort 
Execute     get_config_compile -enable_clang39 
Execute     get_config_compile -g 
Execute     get_config_compile -hw_syn 
Execute     get_config_compile -ng 
Execute     get_config_compile -opt_fp 
Execute     get_config_compile -skip_cdt 
Execute     get_config_compile -skip_syncheck 
Execute     get_config_compile -skip_transform 
Execute     get_config_compile -pre_tcl 
Execute     get_config_compile -keep_printf 
Execute     elaborate -effort=medium -skip_syncheck=0 -keep_printf=0 -skip_cdt=0 -skip_transform=0 -ng=0 -g=0 -opt_fp=0 -from_csynth_design=1 
INFO: [HLS 200-111] Finished File checks and directory preparation: CPU user time: 0 seconds. CPU system time: 0 seconds. Elapsed time: 0.009 seconds; current allocated memory: 1.464 GB.
INFO: [HLS 200-10] Analyzing design file 'DFT/dft.cpp' ... 
INFO-FLOW: Compiling one TU...
Execute       get_config_compile -pragma_strict_mode 
INFO-FLOW: Handling DFT/dft.cpp as C++
Execute       ap_part_info -name xc7z020-clg400-1 -data info 
INFO-FLOW: Running: GCC PP 39
INFO-FLOW: Source preprocessing
Execute       ap_eval exec -ignorestderr D:/Xilinx/Vitis_HLS/2022.1/win64/tools/clang-3.9-csynth/bin/clang DFT/dft.cpp -foptimization-record-file=D:/1111HLS/LabC/DFT/DFT/opt1_pipeline/.autopilot/db/dft.cpp.clang.diag.yml -mllvm -pass-remarks-missed=reflow|pasta|unroll -mllvm -pass-remarks=reflow|pasta|unroll|inline -fno-limit-debug-info --sysroot D:/Xilinx/Vitis_HLS/2022.1/tps/mingw/8.3.0/win64.o/nt -fhls -fno-exceptions -E -fno-math-errno -c -emit-llvm -mllvm -disable-llvm-optzns -Werror=implicit-function-declaration -Werror=implicit-hls-streams -Werror=return-type -Wpragmas -Wunused-parameter -Wdump-hls-pragmas -fno-threadsafe-statics -fno-use-cxa-atexit -std=gnu++14 -target fpga64-xilinx-mingw32 -fno-threadsafe-statics -fno-use-cxa-atexit -D__VITIS_HLS__ -DAESL_SYN -D__SYNTHESIS__ -D__HLS_SYN__ -I D:/Xilinx/Vitis_HLS/2022.1/common/technology/autopilot -I D:/Xilinx/Vitis_HLS/2022.1/common/technology/autopilot/ap_sysc -include etc/autopilot_ssdm_op.h -D__DSP48E1__ -I /usr/include/x86_64-linux-gnu -o D:/1111HLS/LabC/DFT/DFT/opt1_pipeline/.autopilot/db/dft.pp.0.cpp -hls-platform-db-name=D:/Xilinx/Vitis_HLS/2022.1/common/technology/xilinx/common/platform.db -hls-platform-name=zynq_slow -device-resource-info=BRAM_280.000000_DSP_220.000000_FF_106400.000000_LUT_53200.000000_SLICE_13300.000000_URAM_0.000000 > D:/1111HLS/LabC/DFT/DFT/opt1_pipeline/.autopilot/db/dft.cpp.clang.out.log 2> D:/1111HLS/LabC/DFT/DFT/opt1_pipeline/.autopilot/db/dft.cpp.clang.err.log 
Command       ap_eval done; 0.119 sec.
INFO-FLOW: Done: GCC PP 39 time: 0.1 seconds per iteration
Execute       set_directive_top dft -name=dft 
Execute       source D:/Xilinx/Vitis_HLS/2022.1/tps/tcl/tcllib1.11.1/yaml/huddle.tcl 
Execute       source D:/Xilinx/Vitis_HLS/2022.1/tps/tcl/tcllib1.11.1/yaml/json2huddle.tcl 
INFO-FLOW: Source syntax check for synthesis
Execute       ap_eval exec -ignorestderr D:/Xilinx/Vitis_HLS/2022.1/win64/tools/clang-3.9-csynth/bin/clang -foptimization-record-file=D:/1111HLS/LabC/DFT/DFT/opt1_pipeline/.autopilot/db/clang.diag.yml -mllvm -pass-remarks-missed=reflow|pasta|unroll -mllvm -pass-remarks=reflow|pasta|unroll|inline -fsyntax-only -fhls -target fpga64-xilinx-linux-gnu D:/1111HLS/LabC/DFT/DFT/opt1_pipeline/.autopilot/db/dft.pp.0.cpp -hls-platform-db-name=D:/Xilinx/Vitis_HLS/2022.1/common/technology/xilinx/common/platform.db -hls-platform-name=zynq_slow -device-resource-info=BRAM_280.000000_DSP_220.000000_FF_106400.000000_LUT_53200.000000_SLICE_13300.000000_URAM_0.000000 > D:/1111HLS/LabC/DFT/DFT/opt1_pipeline/.autopilot/db/clang.out.log 2> D:/1111HLS/LabC/DFT/DFT/opt1_pipeline/.autopilot/db/clang.err.log 
Execute       clang_tidy xilinx-systemc-detector -desc systemc-detector D:/1111HLS/LabC/DFT/DFT/opt1_pipeline/.autopilot/db/dft.pp.0.cpp std=gnu++14 -target fpga  -directive=D:/1111HLS/LabC/DFT/DFT/opt1_pipeline/.autopilot/db/.systemc_flag 
INFO-FLOW: exec D:/Xilinx/Vitis_HLS/2022.1/win64/tools/clang-3.9-csynth/bin/clang-tidy -header-filter=.* --checks=-*,xilinx-systemc-detector -import-directive=D:/1111HLS/LabC/DFT/DFT/opt1_pipeline/.autopilot/db/.systemc_flag -fix-errors D:/1111HLS/LabC/DFT/DFT/opt1_pipeline/.autopilot/db/dft.pp.0.cpp -- -std=gnu++14 -target fpga -fhls -ferror-limit=0
INFO-FLOW: Running: clang-tidy CDT preprocess 39
Execute       clang_tidy xilinx-directive2pragma -desc directive2pragma D:/1111HLS/LabC/DFT/DFT/opt1_pipeline/.autopilot/db/dft.pp.0.cpp std=gnu++14 -target fpga  -directive=D:/1111HLS/LabC/DFT/DFT/opt1_pipeline/.autopilot/db/all.directive.json 
INFO-FLOW: exec D:/Xilinx/Vitis_HLS/2022.1/win64/tools/clang-3.9-csynth/bin/clang-tidy -header-filter=.* --checks=-*,xilinx-directive2pragma -import-directive=D:/1111HLS/LabC/DFT/DFT/opt1_pipeline/.autopilot/db/all.directive.json -fix-errors D:/1111HLS/LabC/DFT/DFT/opt1_pipeline/.autopilot/db/dft.pp.0.cpp -- -std=gnu++14 -target fpga -fhls -ferror-limit=0
Execute       clang_tidy xilinx-remove-assert -desc remove-assert D:/1111HLS/LabC/DFT/DFT/opt1_pipeline/.autopilot/db/dft.pp.0.cpp std=gnu++14 -target fpga  
INFO-FLOW: exec D:/Xilinx/Vitis_HLS/2022.1/win64/tools/clang-3.9-csynth/bin/clang-tidy -header-filter=.* --checks=-*,xilinx-remove-assert -fix-errors D:/1111HLS/LabC/DFT/DFT/opt1_pipeline/.autopilot/db/dft.pp.0.cpp -- -std=gnu++14 -target fpga -fhls -ferror-limit=0
INFO-FLOW: Done: clang-tidy CDT preprocess 39 time: 0.1 seconds per iteration
INFO-FLOW: Calling xilinx-label-all-loops ... 
INFO-FLOW: Calling xilinx-aggregate-on-hls-vector ... 
Execute       clang_tidy -errorcheck -desc loop-label xilinx-label-all-loops,xilinx-aggregate-on-hls-vector,,xilinx-warn-mayneed-no-ctor-attribute D:/1111HLS/LabC/DFT/DFT/opt1_pipeline/.autopilot/db/dft.pp.0.cpp std=gnu++14 -target fpga  
Execute         ap_eval exec -ignorestderr D:/Xilinx/Vitis_HLS/2022.1/win64/tools/clang-3.9-csynth/bin/clang-tidy -export-fixes=D:/1111HLS/LabC/DFT/DFT/opt1_pipeline/.autopilot/db/dft.pp.0.cpp.clang-tidy.loop-label.diag.yml -header-filter=.* --checks=-*,xilinx-label-all-loops,xilinx-aggregate-on-hls-vector,,xilinx-warn-mayneed-no-ctor-attribute -fix-errors D:/1111HLS/LabC/DFT/DFT/opt1_pipeline/.autopilot/db/dft.pp.0.cpp -- -std=gnu++14 -target fpga -fhls -ferror-limit=0 > D:/1111HLS/LabC/DFT/DFT/opt1_pipeline/.autopilot/db/dft.pp.0.cpp.clang-tidy.loop-label.out.log 2> D:/1111HLS/LabC/DFT/DFT/opt1_pipeline/.autopilot/db/dft.pp.0.cpp.clang-tidy.loop-label.err.log 
Execute         source D:/Xilinx/Vitis_HLS/2022.1/tps/tcl/tcllib1.11.1/yaml/yaml.tcl 
Execute       get_config_dataflow -strict_mode 
Execute       ap_eval exec -ignorestderr D:/Xilinx/Vitis_HLS/2022.1/win64/tools/clang-3.9-csynth/bin/xilinx-dataflow-lawyer -export-fixes=D:/1111HLS/LabC/DFT/DFT/opt1_pipeline/.autopilot/db/dft.pp.0.cpp.xilinx-dataflow-lawyer.diag.yml D:/1111HLS/LabC/DFT/DFT/opt1_pipeline/.autopilot/db/dft.pp.0.cpp -- -std=gnu++14 -target fpga -fhls -ferror-limit=0 -fstrict-dataflow > D:/1111HLS/LabC/DFT/DFT/opt1_pipeline/.autopilot/db/dft.pp.0.cpp.xilinx-dataflow-lawyer.out.log 2> D:/1111HLS/LabC/DFT/DFT/opt1_pipeline/.autopilot/db/dft.pp.0.cpp.xilinx-dataflow-lawyer.err.log 
Execute       ap_part_info -name xc7z020-clg400-1 -data info 
INFO-FLOW: compiling source code to llvm bc
Execute       ap_eval exec -ignorestderr D:/Xilinx/Vitis_HLS/2022.1/win64/tools/clang-3.9-csynth/bin/clang -foptimization-record-file=D:/1111HLS/LabC/DFT/DFT/opt1_pipeline/.autopilot/db/dft.pp.0.cpp.clang.diag.yml -mllvm -pass-remarks-missed=reflow|pasta|unroll -mllvm -pass-remarks=reflow|pasta|unroll|inline -fno-limit-debug-info -fhls -flto -fno-exceptions -Wno-error=c++11-narrowing D:/1111HLS/LabC/DFT/DFT/opt1_pipeline/.autopilot/db/dft.pp.0.cpp -fno-math-errno -c -emit-llvm -mllvm -disable-llvm-optzns -Werror=implicit-function-declaration -Werror=implicit-hls-streams -Werror=return-type -Wpragmas -Wunused-parameter -Wdump-hls-pragmas -fno-threadsafe-statics -fno-use-cxa-atexit -std=gnu++14 -target fpga64-xilinx-linux-gnu -D__VITIS_HLS__ -DAESL_SYN -D__SYNTHESIS__ -D__HLS_SYN__ -I D:/Xilinx/Vitis_HLS/2022.1/common/technology/autopilot -I D:/Xilinx/Vitis_HLS/2022.1/common/technology/autopilot/ap_sysc -include etc/autopilot_ssdm_op.h -D__DSP48E1__ -g -o D:/1111HLS/LabC/DFT/DFT/opt1_pipeline/.autopilot/db/dft.bc -hls-platform-db-name=D:/Xilinx/Vitis_HLS/2022.1/common/technology/xilinx/common/platform.db -hls-platform-name=zynq_slow -device-resource-info=BRAM_280.000000_DSP_220.000000_FF_106400.000000_LUT_53200.000000_SLICE_13300.000000_URAM_0.000000 > D:/1111HLS/LabC/DFT/DFT/opt1_pipeline/.autopilot/db/dft.pp.0.cpp.clang.out.log 2> D:/1111HLS/LabC/DFT/DFT/opt1_pipeline/.autopilot/db/dft.pp.0.cpp.clang.err.log 
WARNING: [HLS 207-5292] unused parameter 'imag_sample' (DFT/dft.cpp:5:79)
INFO: [HLS 200-111] Finished Source Code Analysis and Preprocessing: CPU user time: 0 seconds. CPU system time: 0 seconds. Elapsed time: 0.663 seconds; current allocated memory: 1.464 GB.
INFO-FLOW: Linking Debug ...
INFO-FLOW: Linking dut bc code.
Execute       run_link_or_opt -out D:/1111HLS/LabC/DFT/DFT/opt1_pipeline/.autopilot/db/a.g.ld.0.bc -args  "D:/1111HLS/LabC/DFT/DFT/opt1_pipeline/.autopilot/db/dft.g.bc"  
Execute         ap_eval exec -ignorestderr D:/Xilinx/Vitis_HLS/2022.1/win64/tools/clang-3.9-csynth/bin/llvm-link D:/1111HLS/LabC/DFT/DFT/opt1_pipeline/.autopilot/db/dft.g.bc -o D:/1111HLS/LabC/DFT/DFT/opt1_pipeline/.autopilot/db/a.g.ld.0.bc > D:/1111HLS/LabC/DFT/DFT/opt1_pipeline/.autopilot/db/a.g.ld.0.bc.llvm-link.out.log 2> D:/1111HLS/LabC/DFT/DFT/opt1_pipeline/.autopilot/db/a.g.ld.0.bc.llvm-link.err.log 
INFO-FLOW: 
Execute       run_link_or_opt -opt -out D:/1111HLS/LabC/DFT/DFT/opt1_pipeline/.autopilot/db/a.g.ld.1.lower.bc -args D:/1111HLS/LabC/DFT/DFT/opt1_pipeline/.autopilot/db/a.g.ld.0.bc -reflow-lower-math-intrinsics 
Execute         ap_eval exec -ignorestderr D:/Xilinx/Vitis_HLS/2022.1/win64/tools/clang-3.9-csynth/bin/opt -pass-remarks-missed=reflow|pasta|unroll -pass-remarks=reflow|pasta|unroll|inline -pass-remarks-output=D:/1111HLS/LabC/DFT/DFT/opt1_pipeline/.autopilot/db/a.g.ld.1.lower.bc.opt.diag.yml D:/1111HLS/LabC/DFT/DFT/opt1_pipeline/.autopilot/db/a.g.ld.0.bc -reflow-lower-math-intrinsics -o D:/1111HLS/LabC/DFT/DFT/opt1_pipeline/.autopilot/db/a.g.ld.1.lower.bc > D:/1111HLS/LabC/DFT/DFT/opt1_pipeline/.autopilot/db/a.g.ld.1.lower.bc.opt.out.log 2> D:/1111HLS/LabC/DFT/DFT/opt1_pipeline/.autopilot/db/a.g.ld.1.lower.bc.opt.err.log 
INFO-FLOW: 
INFO-FLOW: Linking math bc lib
Execute       run_link_or_opt -out D:/1111HLS/LabC/DFT/DFT/opt1_pipeline/.autopilot/db/a.g.ld.2.m1.bc -args D:/1111HLS/LabC/DFT/DFT/opt1_pipeline/.autopilot/db/a.g.ld.1.lower.bc -only-needed D:/Xilinx/Vitis_HLS/2022.1/win64/lib/libhlsm_39.bc D:/Xilinx/Vitis_HLS/2022.1/win64/lib/libhlsmc++_39.bc 
Execute         ap_eval exec -ignorestderr D:/Xilinx/Vitis_HLS/2022.1/win64/tools/clang-3.9-csynth/bin/llvm-link D:/1111HLS/LabC/DFT/DFT/opt1_pipeline/.autopilot/db/a.g.ld.1.lower.bc -only-needed D:/Xilinx/Vitis_HLS/2022.1/win64/lib/libhlsm_39.bc D:/Xilinx/Vitis_HLS/2022.1/win64/lib/libhlsmc++_39.bc -o D:/1111HLS/LabC/DFT/DFT/opt1_pipeline/.autopilot/db/a.g.ld.2.m1.bc > D:/1111HLS/LabC/DFT/DFT/opt1_pipeline/.autopilot/db/a.g.ld.2.m1.bc.llvm-link.out.log 2> D:/1111HLS/LabC/DFT/DFT/opt1_pipeline/.autopilot/db/a.g.ld.2.m1.bc.llvm-link.err.log 
Command         ap_eval done; 1.843 sec.
INFO-FLOW: 
Command       run_link_or_opt done; 1.844 sec.
Execute       run_link_or_opt -opt -out D:/1111HLS/LabC/DFT/DFT/opt1_pipeline/.autopilot/db/a.g.ld.3.fpc.bc -args D:/1111HLS/LabC/DFT/DFT/opt1_pipeline/.autopilot/db/a.g.ld.2.m1.bc -reflow-globaldce -hls-top-function-name=dft -reflow-float-conversion 
Execute         ap_eval exec -ignorestderr D:/Xilinx/Vitis_HLS/2022.1/win64/tools/clang-3.9-csynth/bin/opt -pass-remarks-missed=reflow|pasta|unroll -pass-remarks=reflow|pasta|unroll|inline -pass-remarks-output=D:/1111HLS/LabC/DFT/DFT/opt1_pipeline/.autopilot/db/a.g.ld.3.fpc.bc.opt.diag.yml D:/1111HLS/LabC/DFT/DFT/opt1_pipeline/.autopilot/db/a.g.ld.2.m1.bc -reflow-globaldce -hls-top-function-name=dft -reflow-float-conversion -o D:/1111HLS/LabC/DFT/DFT/opt1_pipeline/.autopilot/db/a.g.ld.3.fpc.bc > D:/1111HLS/LabC/DFT/DFT/opt1_pipeline/.autopilot/db/a.g.ld.3.fpc.bc.opt.out.log 2> D:/1111HLS/LabC/DFT/DFT/opt1_pipeline/.autopilot/db/a.g.ld.3.fpc.bc.opt.err.log 
Command         ap_eval done; 0.665 sec.
INFO-FLOW: 
Command       run_link_or_opt done; 0.667 sec.
Execute       run_link_or_opt -out D:/1111HLS/LabC/DFT/DFT/opt1_pipeline/.autopilot/db/a.g.ld.4.m2.bc -args D:/1111HLS/LabC/DFT/DFT/opt1_pipeline/.autopilot/db/a.g.ld.3.fpc.bc -only-needed D:/Xilinx/Vitis_HLS/2022.1/win64/lib/libfloatconversion_39.bc 
Execute         ap_eval exec -ignorestderr D:/Xilinx/Vitis_HLS/2022.1/win64/tools/clang-3.9-csynth/bin/llvm-link D:/1111HLS/LabC/DFT/DFT/opt1_pipeline/.autopilot/db/a.g.ld.3.fpc.bc -only-needed D:/Xilinx/Vitis_HLS/2022.1/win64/lib/libfloatconversion_39.bc -o D:/1111HLS/LabC/DFT/DFT/opt1_pipeline/.autopilot/db/a.g.ld.4.m2.bc > D:/1111HLS/LabC/DFT/DFT/opt1_pipeline/.autopilot/db/a.g.ld.4.m2.bc.llvm-link.out.log 2> D:/1111HLS/LabC/DFT/DFT/opt1_pipeline/.autopilot/db/a.g.ld.4.m2.bc.llvm-link.err.log 
INFO-FLOW: 
Execute       run_link_or_opt -opt -out D:/1111HLS/LabC/DFT/DFT/opt1_pipeline/.autopilot/db/a.g.ld.5.gdce.bc -args D:/1111HLS/LabC/DFT/DFT/opt1_pipeline/.autopilot/db/a.g.ld.4.m2.bc -reflow-globaldce -hls-top-function-name=dft 
Execute         ap_eval exec -ignorestderr D:/Xilinx/Vitis_HLS/2022.1/win64/tools/clang-3.9-csynth/bin/opt -pass-remarks-missed=reflow|pasta|unroll -pass-remarks=reflow|pasta|unroll|inline -pass-remarks-output=D:/1111HLS/LabC/DFT/DFT/opt1_pipeline/.autopilot/db/a.g.ld.5.gdce.bc.opt.diag.yml D:/1111HLS/LabC/DFT/DFT/opt1_pipeline/.autopilot/db/a.g.ld.4.m2.bc -reflow-globaldce -hls-top-function-name=dft -o D:/1111HLS/LabC/DFT/DFT/opt1_pipeline/.autopilot/db/a.g.ld.5.gdce.bc > D:/1111HLS/LabC/DFT/DFT/opt1_pipeline/.autopilot/db/a.g.ld.5.gdce.bc.opt.out.log 2> D:/1111HLS/LabC/DFT/DFT/opt1_pipeline/.autopilot/db/a.g.ld.5.gdce.bc.opt.err.log 
INFO-FLOW: 
Execute       get_solution -flow_target 
Execute       get_config_export -xo 
Execute       get_config_export -format 
Execute       get_config_rtl -module_prefix 
Execute       get_config_interface -default_slave_interface 
Execute       get_solution -flow_target 
Execute       get_config_export -xo 
Execute       get_config_export -format 
Execute       get_config_interface -m_axi_offset 
Execute       get_config_interface -m_axi_latency 
Execute       get_config_interface -m_axi_alignment_byte_size 
Execute       get_config_interface -m_axi_min_bitwidth 
Execute       get_config_interface -m_axi_max_bitwidth 
Execute       get_config_interface -m_axi_max_widen_bitwidth 
Execute       get_config_interface -m_axi_num_read_outstanding 
Execute       get_config_interface -m_axi_num_write_outstanding 
Execute       get_config_interface -m_axi_max_read_burst_length 
Execute       get_config_interface -m_axi_max_write_burst_length 
Execute       get_config_interface -m_axi_min_bitwidth 
Execute       get_config_interface -m_axi_max_bitwidth 
Execute       get_config_interface -m_axi_latency 
Execute       get_config_interface -m_axi_min_bitwidth 
Execute       get_config_interface -m_axi_max_bitwidth 
Execute       get_config_interface -m_axi_max_widen_bitwidth 
Execute       get_config_interface -m_axi_auto_max_ports 
Execute       get_config_interface -m_axi_num_read_outstanding 
Execute       get_config_interface -m_axi_num_write_outstanding 
Execute       get_config_interface -m_axi_max_read_burst_length 
Execute       get_config_interface -m_axi_max_write_burst_length 
Execute       get_config_interface -s_axilite_data64 
Execute       get_config_compile -instruction_warning_threshold 
Execute       get_config_compile -pipeline_loops 
Execute       get_config_interface -m_axi_alignment_byte_size 
Execute       get_config_compile -pragma_strict_mode 
Execute       get_config_compile -pipeline_style 
Execute       get_config_dataflow -strict_mode 
Execute       get_config_array_partition -throughput_driven 
Execute       send_msg_by_id INFO @200-777@%s Vivado 
INFO: [HLS 200-777] Using interface defaults for 'Vivado' flow target.
Execute       is_m_axi_addr64 
Execute       get_clock_period -ns -default 
INFO-FLOW: Doing LTO.
Execute       ap_eval exec -ignorestderr D:/Xilinx/Vitis_HLS/2022.1/win64/tools/clang-3.9-csynth/bin/clang -foptimization-record-file=D:/1111HLS/LabC/DFT/DFT/opt1_pipeline/.autopilot/db/a.g.ld.0.bc.clang.diag.yml -mllvm -pass-remarks-missed=reflow|pasta|unroll -mllvm -pass-remarks=reflow|pasta|unroll|inline -fhls -mllvm -hls-top-function-name=dft -mllvm -hls-db-dir -mllvm D:/1111HLS/LabC/DFT/DFT/opt1_pipeline/.autopilot/db -emit-llvm -c -target fpga64-xilinx-none -mllvm -xcl-xmlinfo=D:/1111HLS/LabC/DFT/DFT/opt1_pipeline/.autopilot/db/kernel.internal.xml -mllvm -top-io-mapping-info=D:/1111HLS/LabC/DFT/DFT/opt1_pipeline/.autopilot/db/top-io-fe.xml -mllvm -hls-bitcode-version=3.1 -mllvm -reflow-enable-slave-interface-default-setting=true -mllvm -gen-kernel-xml=false -mllvm -default-maxi-offset=slave -mllvm -maxi-latency=0 -mllvm -hls-maxi-data-size-in-bits=8 -mllvm -hls-maxi-max-data-size-in-bits=1024 -mllvm -hls-max-widen-size-in-bits=0 -mllvm -xcl-kernel-max-mem-ports=0 -mllvm -maxi-read-trans=16 -mllvm -maxi-write-trans=16 -mllvm -maxi-read-burst-len=16 -mllvm -maxi-write-burst-len=16 -mllvm -reflow-enable-saxi-64bits=0 -mllvm -reflow-basic-block-instr-threshold=200000 -mllvm -reflow-auto-pipeline-threshold=64 -mllvm -assume-maxi-align=0 -mllvm -no-unaligned-maxi-accesses -mllvm -reflow-pipeline-style-llvm-setting=2 -mllvm -reflow-enable-dataflow-strict-mode-checking=1 -mllvm -reflow-auto-array-partition-mode=default -mllvm -reflow-enable-auto-array-partition=true -mllvm -reflow-enable-auto-parallel-performance-driven=true -mllvm -reflow-enable-partition-for-automation=true -mllvm -reflow-aggregate-bitwidth-threshold=4096 -mllvm -hls -mllvm -disable-inlined-alloca-merging=true -x ir D:/1111HLS/LabC/DFT/DFT/opt1_pipeline/.autopilot/db/a.g.ld.5.gdce.bc -o D:/1111HLS/LabC/DFT/DFT/opt1_pipeline/.autopilot/db/a.g.lto.bc -hls-platform-db-name=D:/Xilinx/Vitis_HLS/2022.1/common/technology/xilinx/common/platform.db -hls-platform-name=zynq_slow -device-resource-info=BRAM_280.000000_DSP_220.000000_FF_106400.000000_LUT_53200.000000_SLICE_13300.000000_URAM_0.000000 > D:/1111HLS/LabC/DFT/DFT/opt1_pipeline/.autopilot/db/a.g.ld.0.bc.clang.out.log 2> D:/1111HLS/LabC/DFT/DFT/opt1_pipeline/.autopilot/db/a.g.ld.0.bc.clang.err.log 
Command       ap_eval done; 0.117 sec.
INFO-FLOW: DBG:PUTS: copy_raw_kernel_xml ap_link_39: kernel.xml not generated: D:/1111HLS/LabC/DFT/DFT/opt1_pipeline/.autopilot/db/kernel.internal.xml
INFO: [HLS 200-111] Finished Compiling Optimization and Transform: CPU user time: 0 seconds. CPU system time: 0 seconds. Elapsed time: 2.754 seconds; current allocated memory: 1.464 GB.
INFO: [HLS 200-111] Finished Checking Pragmas: CPU user time: 0 seconds. CPU system time: 0 seconds. Elapsed time: 0.002 seconds; current allocated memory: 1.464 GB.
Execute       opt_and_import_c a -opt_level=2 -skip_syncheck=0 -ng=0 -keep_printf=0 
Execute         cleanup_all_models 
INFO: [HLS 200-10] Starting code transformations ...
INFO-FLOW: Running Standard Transforms...
Execute         transform -hls -share-std-xform -demangle-name -inline-byval-memcpy -always-inline -promote-dbg-pointer -interface-preproc -mem2reg -scalarrepl -mem2reg -keep-read-access -instcombine -dce -promote-dbg-pointer -bitop-raise -loop-simplify -indvarspre -indvars -loop-simplify -xunroll -constprop -instcombine -simplifycfg -indvars -simplifycfg -dce -globaldce -basicaa -simplifycfg -mem2reg -globalopt -global-constprop -deadargelim -instcombine -simplifycfg -scalarrepl -instcombine -reassociate -licm -simplifycfg -loop-simplify -indvars -instcombine -simplifycfg -mem2reg -loop-simplify -indvars -instcombine -gvn -gvn -instcombine -adce -break-crit-edges -simplifycfg -loop-delete -global-array-opt -dce -dse -adce -find-syn-modules -top dft -deadargelim -mem2reg -instcombine -dce -presyn-prepare -auto-rom-infer -interface-preproc -syn-check -check-rec-only -find-region -simplifycfg -func-extr -function-inline -globaldce -mem2reg -instcombine -dce -gvn -globaldce -adce -adse -constprop -instcombine -bit-constprop -instcombine -dce -simplifycfg -bitop-raise -simplifycfg -dce -loop-delete -reassociate -globalopt -global-privatize -mem2reg -dce -global-constprop -pointer-simplify -constprop -dce -func-inst -deadargelim -auto-shift-reg-idiom -promote-dbg-pointer -norm-name D:/1111HLS/LabC/DFT/DFT/opt1_pipeline/.autopilot/db/a.g.0.bc -o D:/1111HLS/LabC/DFT/DFT/opt1_pipeline/.autopilot/db/a.g.1.bc -f -phase std-opt 
INFO: [HLS 200-111] Finished Standard Transforms: CPU user time: 0 seconds. CPU system time: 0 seconds. Elapsed time: 0.01 seconds; current allocated memory: 1.464 GB.
INFO: [HLS 200-10] Checking synthesizability ...
INFO-FLOW: Checking Synthesizability 1/2..
Execute         transform -hls -syn-check -check-rec-only -scalarrepl -norm-name -dce -mem2reg -instcombine -function-uniquify -directive-preproc -mem2reg -dse -dce -auto-rom-infer -dce -pag -array-normalize -instcombine -dce -array-seg-normalize -instcombine -dce -data-pack -instcombine -dce -inst-simplify -array-flatten -instcombine -dce -array-burst -dce -deadargelim -promote-global-argument -simplifycfg -mem2reg -globaldce -dce -deadargelim -dce -instcombine -function-inline -globaldce -dce -doublePtrSimplify -doublePtrElim -dce -doublePtrSimplify -promote-dbg-pointer -dce -scalarrepl -dse -adse -instcombine -ptrLegalization -simplifycfg -dce -instcombine -pointer-simplify -ptrArgReplace -dce -instcombine -resolve-double-ptr -scalarrepl -norm-name -dce -mem2reg -instcombine -ptrLegalization -simplifycfg -deadargelim -instcombine -dce -inst-simplify -function-uniquify -directive-preproc -mem2reg -dse -dce -globaldce D:/1111HLS/LabC/DFT/DFT/opt1_pipeline/.autopilot/db/a.g.1.bc -o D:/1111HLS/LabC/DFT/DFT/opt1_pipeline/.autopilot/db/a.g.2.prechk.bc -f 
INFO-FLOW: Checking Synthesizability 2/2..
Execute         transform -syn-check D:/1111HLS/LabC/DFT/DFT/opt1_pipeline/.autopilot/db/a.g.2.prechk.bc -o D:/1111HLS/LabC/DFT/DFT/opt1_pipeline/.autopilot/db/a.g.2.bc -f -phase syn-check 
INFO: [HLS 200-111] Finished Checking Synthesizability: CPU user time: 0 seconds. CPU system time: 0 seconds. Elapsed time: 0.006 seconds; current allocated memory: 1.464 GB.
INFO-FLOW: Compiler optimizing ...
INFO-FLOW: Share syncheck's 1.bc for syn flow: copy D:/1111HLS/LabC/DFT/DFT/opt1_pipeline/.autopilot/db/a.g.1.bc to D:/1111HLS/LabC/DFT/DFT/opt1_pipeline/.autopilot/db/a.o.1.bc
INFO-FLOW: Presyn 1...
Execute         transform -hls -tmp D:/1111HLS/LabC/DFT/DFT/opt1_pipeline/.autopilot/db -interface-port-rename -function-uniquify -directive-preproc -mem2reg -dse -dce -scalarrepl -norm-name -deadargelim -mem2reg -instcombine -dce -simplifycfg -auto-rom-infer -dce -function-uniquify -resource-proc -clib-intrinsic-prepare -dce -func-buffer -dce -pag -array-normalize -func-legal -instcombine -gvn -constprop -dce -simplifycfg -mem2reg -globaldce -resolve-double-ptr -dce -deadargelim -dce -instcombine -ptrArgReplace -mem2reg -dce -array-seg-normalize -deadargelim -instcombine -dce -function-uniquify -directive-preproc -mem2reg -dse -dce -pointer-simplify -dce -port-alignment -dce -interface-preproc -data-pack -instcombine -dce -basicaa -aggr-aa -aggrmodref-aa -aggr-aa -gvn -gvn -basicaa -aggr-aa -aggrmodref-aa -aggr-aa -dse -adse -adce -loop-simplify -indvars -instcombine -gvn -loop-simplify -mem2reg -dce -find-region -instcombine -auto-loop-pipeline -inst-simplify -interface-preproc -cfgopt -instcombine -indvars -auto-loop-unroll -loop-simplify -loop-bound -xunroll -constprop -instcombine -simplifycfg -indvars -simplifycfg -dce -globaldce -clean-region -attach-range -gvn -inst-simplify -constprop -simplifycfg -dce -pointer-simplify -dce -globalopt -constprop -dce -array-promote -scalar-auto-dep-elim -constprop -dce -ptrArgReplace -mem2reg -simplifycfg -dce -instcombine -dce -array-transform-check -array-reshape -instcombine -simplifycfg -dce -ptrArgReplace -deadargelim -mem2reg -instcombine -simplifycfg -dce -indvars -loop-simplify -loop-bound -xunroll -constprop -instcombine -simplifycfg -indvars -simplifycfg -dce -globaldce -basicaa -aggr-aa -aggrmodref-aa -aggr-aa -dse -duplicate-dataflow-processes -globaldce -instcombine -array-partition -prepare-dynamic-array-partition -instcombine -simplifycfg -dce -ptrArgReplace -global-constprop -deadargelim -mem2reg -func-legal -dce -global-constprop -deadargelim -mem2reg -simplifycfg -dce -merge-param -deadargelim -globalopt -constprop -dce -array-promote -scalar-auto-dep-elim -constprop -dce -ptrArgReplace -mem2reg -simplifycfg -dce -mem-intrinsic-preproc -dce -global-internalize -global-privatize -mem2reg -globaldce -promote-global-argument -ptrArgReplace -mem2reg -dce -globalopt -mergereturn -simplify-global-access -mem2reg -dce -pointer-simplify -dce -functionattrs -basicaa -aggr-aa -aggrmodref-aa -aggr-aa -gvn -gvn -basicaa -aggr-aa -aggrmodref-aa -aggr-aa -dse -adse -adce -dce -norm-name -basicaa -aggr-aa -aggrmodref-aa -aggr-aa -accesses-merge -function-inline -complex-op-raise -inst-simplify -globaldce -func-inst -constprop -instcombine -simplifycfg -dce -func-legal -dce -loop-bound -arraycheck -bitwidthmin2 -bitwidthmin2 -on-by-dataflow -loop-delete -instcombine -simplifycfg -globaldce -dce -gvn -deadargelim -dce -loop-simplify -clean-region -simplifycfg -propagate-stable-arguments -loop-stream -instcombine -simplifycfg -dce -globaldce -duplicate-dataflow-processes -stream-intrinsic-preproc -dce -check-ap-stream -loop-simplify -eliminate-keepreads -extract-dataflow-in-loop -loop-simplify -dce -gvn -deadargelim -dse -duplicate-dataflow-processes -check-dataflow-syntax -legalize-stream-variable -legalize-global -extract-subproc -dce -dead-channel-elimination -canonicalize-gep -globaldce -dce -gvn -hls-dead-arg-elim -deadargelim -directive-preproc -annotate-dataflow-channels -canonicalize-dataflow -dce -globaldce -scalar-preprocessing -scalar-propagation2 -deadargelim -globaldce -mem2reg -check-dataflow-channels -function-stream -dce -globaldce -prop-fifo-spec -internal-stream-gen -canonicalize-gep -globaldce -dce -gvn -deadargelim -mergereturn -indvars -loop-simplify -instcombine -array-stream -array-seg-normalize -array-partition -func-legal -instcombine -simplifycfg -dce -bundle-memfifo-ops -deadargelim -function-uniquify -directive-preproc -mem2reg -dse -dce -group-axi-access -licm -simplifycfg -dce -loop-delete -hls-display -norm-name D:/1111HLS/LabC/DFT/DFT/opt1_pipeline/.autopilot/db/a.o.1.bc -o D:/1111HLS/LabC/DFT/DFT/opt1_pipeline/.autopilot/db/a.o.1.tmp.bc -f 
INFO-FLOW: Presyn 2...
Execute         transform -hls -keep-callgraph -scalarrepl -mem2reg -port-alignment -attach-range -dce -pipe-mux-gen -indvars -loop-bound -inst-simplify -instcombine -dce -merge-array-access -mem2reg -dce -clean-region -mergereturn -if-conv -instcombine -dce -constprop -basicaa -aggr-aa -aggrmodref-aa -aggr-aa -gvn -gvn -basicaa -aggr-aa -aggrmodref-aa -aggr-aa -dse -adse -adce -scalarrepl -mem2reg -global-constprop -deadargelim -deadargelim -instcombine -dce -simplifycfg -ptrArgReplace -mem2reg -function-inline -globaldce -mem2reg -instcombine -dce -expr-balance -instcombine -dce -bitwidthmin2 -bitwidthmin2 -interface-preproc -directive-preproc -inst-rectify -instcombine -dce -functionattrs -constprop -instcombine -bit-constprop -simplify-global-access -globalopt -globaldce -inst-simplify -instcombine -elimdeaddata -dce -loop-delete -simplifycfg -loop-simplify -auto-burst -barrier -norm-name D:/1111HLS/LabC/DFT/DFT/opt1_pipeline/.autopilot/db/a.o.1.tmp.bc -o D:/1111HLS/LabC/DFT/DFT/opt1_pipeline/.autopilot/db/a.o.2.bc -f -phase presyn 
INFO: [HLS 200-111] Finished Loop, function and other optimizations: CPU user time: 0 seconds. CPU system time: 0 seconds. Elapsed time: 0.027 seconds; current allocated memory: 1.464 GB.
Execute         get_config_compile -enable_auto_rewind 
Execute         get_config_compile -enable_loop_extract 
INFO-FLOW: Building ssdm...
Execute         transform -hls -function-uniquify -auto-function-inline -globaldce -ptrArgReplace -mem2reg -dce -reset-lda -loop-simplify -indvars -aggr-aa -licm -loop-dep -loop-bound -licm -loop-simplify -loop-sink-hoist -flattenloopnest -array-flatten -gvn -instcombine -dce -array-map -dce -func-legal -gvn -adce -instcombine -cfgopt -simplifycfg -loop-simplify -array-burst -promote-global-argument -dce -array-seg-normalize -basicaa -aggrmodref-aa -globalsmodref-aa -aggr-aa -gvn -gvn -basicaa -aggrmodref-aa -globalsmodref-aa -aggr-aa -dse -adse -adce -licm -inst-simplify -dce -globaldce -instcombine -array-stream -eliminate-keepreads -instcombine -dce -deadargelim -doublePtrSimplify -doublePtrElim -dce -doublePtrSimplify -promote-dbg-pointer -dce -scalarrepl -mem2reg -norm-name -mem2reg -instcombine -dse -adse -adce -ptrLegalization -dce -auto-rom-infer -array-flatten -dce -instcombine -check-doubleptr -loop-rot -constprop -cfgopt -simplifycfg -loop-simplify -indvars -pointer-simplify -dce -loop-bound -loop-simplify -loop-preproc -constprop -global-constprop -gvn -mem2reg -instcombine -dce -loop-bound -loop-merge -dce -deadargelim -dce -canonicalize-dataflow -dce -deadargelim -globaldce -mem2reg -bram-byte-enable -load-elim -read-loop-dep -loop-simplify -loop-extract-inner -directive-preproc -bitwidthmin2 -bitwidthmin2 -read-loop-dep -interface-preproc -directive-preproc -interface-gen -bram-byte-enable-spec-prop -deadargelim -inst-simplify -dce -gvn -mem2reg -instcombine -dce -adse -loop-bound -instcombine -cfgopt -simplifycfg -loop-simplify -clean-region -io-protocol -find-region -mem2reg -bitop-raise -complex-op-raise -inst-simplify -inst-rectify -instcombine -adce -deadargelim -float-op-raise -loop-simplify -phi-opt -bitop-raise -cfgopt -simplifycfg -strip-dead-prototypes -interface-lower -bitop-lower -intrinsic-lower -auto-function-inline -basicaa -aggrmodref-aa -globalsmodref-aa -aggr-aa -inst-simplify -simplifycfg -loop-simplify -mergereturn -inst-simplify -inst-rectify -dce -load-elim -bitop-lower -float-op-raise -fma-raise -loop-rewind -pointer-simplify -dce -cfgopt -dce -loop-bound -loop-dep -read-loop-dep -dce -dyn-mem-reuse -dce -recurrence-min -dce -share-scalar-alloca -deadargelim -dce -check-stream -norm-name -legalize -validate-dataflow -inst-clarity -bitwidth -dump-loop-dep-to-ir -check-all-ssdm -cdfg-build D:/1111HLS/LabC/DFT/DFT/opt1_pipeline/.autopilot/db/a.o.2.bc -o D:/1111HLS/LabC/DFT/DFT/opt1_pipeline/.autopilot/db/a.o.3.bc -f -phase build-ssdm 
INFO: [XFORM 203-541] Flattening a loop nest 'VITIS_LOOP_10_1' (DFT/dft.cpp:7:9) in function 'dft'.
INFO: [HLS 200-111] Finished Architecture Synthesis: CPU user time: 0 seconds. CPU system time: 0 seconds. Elapsed time: 0.02 seconds; current allocated memory: 1.464 GB.
INFO-FLOW: Finish building internal data model.
Command     elaborate done; 3.49 sec.
Execute     ap_eval exec zip -j D:/1111HLS/LabC/DFT/DFT/opt1_pipeline/.autopilot/db/dut.hcp $dbDir/a.o.3.bc $dbDir/${topname}.rtl_wrap.cfg.tcl $dbDir/apatb_${topname}.cpp $dbDir/apatb_${topname}_util.cpp $dbDir/apatb_${topname}_ir.ll $dbDir/mapper_${topname}.cpp $dbDir/top-io-fe.xml $dbDir/kernel.internal.xml $workdir/../hls.app 
Execute     autosyn -from_csynth_design=1 
INFO: [HLS 200-10] Starting hardware synthesis ...
INFO-FLOW: Synthesizing C/C++ design ...
INFO: [HLS 200-10] Synthesizing 'dft' ...
Execute       ap_set_top_model dft 
Execute       get_model_list dft -filter all-wo-channel -topdown 
Execute       preproc_iomode -model dft 
Execute       get_model_list dft -filter all-wo-channel 
INFO-FLOW: Model list for configure: dft
INFO-FLOW: Configuring Module : dft ...
Execute       set_default_model dft 
Execute       apply_spec_resource_limit dft 
INFO-FLOW: Model list for preprocess: dft
INFO-FLOW: Preprocessing Module: dft ...
Execute       set_default_model dft 
Execute       cdfg_preprocess -model dft 
Execute       rtl_gen_preprocess dft 
INFO-FLOW: Model list for synthesis: dft
INFO: [HLS 200-10] ----------------------------------------------------------------
INFO: [HLS 200-42] -- Implementing module 'dft' 
INFO: [HLS 200-10] ----------------------------------------------------------------
Execute       set_default_model dft 
Execute       schedule -model dft 
INFO: [SCHED 204-11] Starting scheduling ...
INFO: [SCHED 204-61] Pipelining loop 'VITIS_LOOP_10_1_VITIS_LOOP_12_2'.
INFO: [HLS 200-1470] Pipelining result : Target II = 1, Final II = 1, Depth = 25, loop 'VITIS_LOOP_10_1_VITIS_LOOP_12_2'
WARNING: [HLS 200-871] Estimated clock period (5.79925ns) exceeds the target (target clock period: 5ns, clock uncertainty: 1.35ns, effective delay budget: 3.65ns).
WARNING: [HLS 200-1016] The critical path in module 'dft' consists of the following:	'load' operation ('k_load', DFT/dft.cpp:12) on local variable 'k' [29]  (0 ns)
	'icmp' operation ('icmp_ln12', DFT/dft.cpp:12) [33]  (1.88 ns)
	'select' operation ('select_ln10', DFT/dft.cpp:10) [34]  (0.692 ns)
	'add' operation ('add_ln12', DFT/dft.cpp:12) [66]  (1.64 ns)
	'store' operation ('k_write_ln12', DFT/dft.cpp:12) of variable 'add_ln12', DFT/dft.cpp:12 on local variable 'k' [69]  (1.59 ns)

INFO: [SCHED 204-11] Finished scheduling.
INFO: [HLS 200-111] Finished Scheduling: CPU user time: 0 seconds. CPU system time: 0 seconds. Elapsed time: 0.112 seconds; current allocated memory: 1.464 GB.
Execute       syn_report -verbosereport -o D:/1111HLS/LabC/DFT/DFT/opt1_pipeline/.autopilot/db/dft.verbose.sched.rpt 
Execute         AP::get_flow_target_display_name
Execute           get_solution -flow_target 
Execute       db_write -o D:/1111HLS/LabC/DFT/DFT/opt1_pipeline/.autopilot/db/dft.sched.adb -f 
INFO-FLOW: Finish scheduling dft.
Execute       set_default_model dft 
Execute       bind -model dft 
INFO: [BIND 205-100] Starting micro-architecture generation ...
INFO: [BIND 205-101] Performing variable lifetime analysis.
INFO: [BIND 205-101] Exploring resource sharing.
INFO: [BIND 205-101] Binding ...
INFO: [BIND 205-100] Finished micro-architecture generation.
INFO: [HLS 200-111] Finished Binding: CPU user time: 0 seconds. CPU system time: 0 seconds. Elapsed time: 0.106 seconds; current allocated memory: 1.464 GB.
Execute       syn_report -verbosereport -o D:/1111HLS/LabC/DFT/DFT/opt1_pipeline/.autopilot/db/dft.verbose.bind.rpt 
Execute         AP::get_flow_target_display_name
Execute           get_solution -flow_target 
Execute       db_write -o D:/1111HLS/LabC/DFT/DFT/opt1_pipeline/.autopilot/db/dft.bind.adb -f 
INFO-FLOW: Finish binding dft.
Execute       get_model_list dft -filter all-wo-channel 
INFO-FLOW: Preprocessing for RTLGen ...
Execute       rtl_gen_preprocess dft 
INFO-FLOW: Model list for RTL generation: dft
INFO: [HLS 200-10] ----------------------------------------------------------------
INFO: [HLS 200-10] -- Generating RTL for module 'dft' 
INFO: [HLS 200-10] ----------------------------------------------------------------
Execute       get_config_rtl -module_prefix 
Execute       get_config_rtl -module_prefix 
Execute       get_config_rtl -module_auto_prefix 
Execute       create_rtl_model dft -top_prefix  -sub_prefix dft_ -mg_file D:/1111HLS/LabC/DFT/DFT/opt1_pipeline/.autopilot/db/dft.compgen.tcl 
INFO: [RTGEN 206-500] Setting interface mode on port 'dft/real_sample' to 'ap_memory'.
INFO: [RTGEN 206-500] Setting interface mode on port 'dft/imag_sample' to 'ap_memory'.
INFO: [RTGEN 206-500] Setting interface mode on port 'dft/real_op' to 'ap_memory'.
INFO: [RTGEN 206-500] Setting interface mode on port 'dft/imag_op' to 'ap_memory'.
INFO: [RTGEN 206-500] Setting interface mode on function 'dft' to 'ap_ctrl_hs'.
INFO: [HLS 200-1030] Apply Unified Pipeline Control on module 'dft' pipeline 'VITIS_LOOP_10_1_VITIS_LOOP_12_2' pipeline type 'loop pipeline'
WARNING: [RTGEN 206-101] Port 'dft/imag_sample_address0' has no fanin or fanout and is left dangling.
               Please use C simulation to confirm this function argument can be read from or written to.
WARNING: [RTGEN 206-101] Setting dangling out port 'dft/imag_sample_address0' to 0.
WARNING: [RTGEN 206-101] Port 'dft/imag_sample_ce0' has no fanin or fanout and is left dangling.
               Please use C simulation to confirm this function argument can be read from or written to.
WARNING: [RTGEN 206-101] Setting dangling out port 'dft/imag_sample_ce0' to 0.
WARNING: [RTGEN 206-101] Port 'dft/imag_sample_we0' has no fanin or fanout and is left dangling.
               Please use C simulation to confirm this function argument can be read from or written to.
WARNING: [RTGEN 206-101] Setting dangling out port 'dft/imag_sample_we0' to 0.
WARNING: [RTGEN 206-101] Port 'dft/imag_sample_d0' has no fanin or fanout and is left dangling.
               Please use C simulation to confirm this function argument can be read from or written to.
WARNING: [RTGEN 206-101] Setting dangling out port 'dft/imag_sample_d0' to 0.
WARNING: [RTGEN 206-101] Port 'dft/imag_sample_q0' has no fanin or fanout and is left dangling.
               Please use C simulation to confirm this function argument can be read from or written to.
WARNING: [RTGEN 206-101] Port 'dft/imag_sample_address1' has no fanin or fanout and is left dangling.
               Please use C simulation to confirm this function argument can be read from or written to.
WARNING: [RTGEN 206-101] Setting dangling out port 'dft/imag_sample_address1' to 0.
WARNING: [RTGEN 206-101] Port 'dft/imag_sample_ce1' has no fanin or fanout and is left dangling.
               Please use C simulation to confirm this function argument can be read from or written to.
WARNING: [RTGEN 206-101] Setting dangling out port 'dft/imag_sample_ce1' to 0.
WARNING: [RTGEN 206-101] Port 'dft/imag_sample_we1' has no fanin or fanout and is left dangling.
               Please use C simulation to confirm this function argument can be read from or written to.
WARNING: [RTGEN 206-101] Setting dangling out port 'dft/imag_sample_we1' to 0.
WARNING: [RTGEN 206-101] Port 'dft/imag_sample_d1' has no fanin or fanout and is left dangling.
               Please use C simulation to confirm this function argument can be read from or written to.
WARNING: [RTGEN 206-101] Setting dangling out port 'dft/imag_sample_d1' to 0.
WARNING: [RTGEN 206-101] Port 'dft/imag_sample_q1' has no fanin or fanout and is left dangling.
               Please use C simulation to confirm this function argument can be read from or written to.
INFO: [RTGEN 206-100] Generating core module 'fadd_32ns_32ns_32_10_full_dsp_1': 2 instance(s).
INFO: [RTGEN 206-100] Generating core module 'fmul_32ns_32ns_32_8_max_dsp_1': 2 instance(s).
INFO: [RTGEN 206-100] Generating core module 'mul_10s_10s_10_3_1': 1 instance(s).
INFO: [RTGEN 206-100] Finished creating RTL model for 'dft'.
INFO: [HLS 200-111] Finished Creating RTL model: CPU user time: 0 seconds. CPU system time: 0 seconds. Elapsed time: 0.14 seconds; current allocated memory: 1.464 GB.
Execute       source D:/1111HLS/LabC/DFT/DFT/opt1_pipeline/.autopilot/db/dft.rtl_wrap.cfg.tcl 
Execute       gen_rtl dft -istop -style xilinx -f -lang vhdl -o D:/1111HLS/LabC/DFT/DFT/opt1_pipeline/syn/vhdl/dft 
Execute       gen_rtl dft -istop -style xilinx -f -lang vlog -o D:/1111HLS/LabC/DFT/DFT/opt1_pipeline/syn/verilog/dft 
Execute       syn_report -csynth -model dft -o D:/1111HLS/LabC/DFT/DFT/opt1_pipeline/syn/report/dft_csynth.rpt 
Execute         AP::get_flow_target_display_name
Execute           get_solution -flow_target 
Execute       syn_report -rtlxml -model dft -o D:/1111HLS/LabC/DFT/DFT/opt1_pipeline/syn/report/dft_csynth.xml 
Execute         get_solution -flow_target
Execute           get_solution -flow_target 
Execute       syn_report -verbosereport -model dft -o D:/1111HLS/LabC/DFT/DFT/opt1_pipeline/.autopilot/db/dft.verbose.rpt 
Execute         AP::get_flow_target_display_name
Execute           get_solution -flow_target 
Command       syn_report done; 0.325 sec.
Execute       db_write -model dft -f -o D:/1111HLS/LabC/DFT/DFT/opt1_pipeline/.autopilot/db/dft.adb 
Execute       db_write -model dft -bindview -o D:/1111HLS/LabC/DFT/DFT/opt1_pipeline/.autopilot/db/design.bindinfo.xml 
Execute       gen_tb_info dft -p D:/1111HLS/LabC/DFT/DFT/opt1_pipeline/.autopilot/db -o D:/1111HLS/LabC/DFT/DFT/opt1_pipeline/.autopilot/db/dft 
Execute       export_constraint_db -f -tool general -o D:/1111HLS/LabC/DFT/DFT/opt1_pipeline/.autopilot/db/dft.constraint.tcl 
Execute       syn_report -designview -model dft -o D:/1111HLS/LabC/DFT/DFT/opt1_pipeline/.autopilot/db/dft.design.xml 
Execute       syn_report -csynthDesign -model dft -o D:/1111HLS/LabC/DFT/DFT/opt1_pipeline/syn/report/csynth.rpt 
Execute         AP::get_flow_target_display_name
Execute           get_solution -flow_target 
Execute       get_config_rtl -disable_wave_debug 
Execute       syn_report -wcfg -model dft -o D:/1111HLS/LabC/DFT/DFT/opt1_pipeline/.autopilot/db/dft_dataflow_ana.wcfg 
Execute       syn_report -protoinst -model dft -o D:/1111HLS/LabC/DFT/DFT/opt1_pipeline/.autopilot/db/dft.protoinst 
Execute       get_config_debug -directory 
Execute       sc_get_clocks dft 
Execute       get_config_export -vivado_clock 
Execute       get_config_rtl -module_prefix 
Execute       get_config_rtl -module_prefix 
Execute       get_config_rtl -module_auto_prefix 
Execute       sc_get_portdomain dft 
INFO-FLOW: Model list for RTL component generation: dft
INFO-FLOW: Handling components in module [dft] ... 
Execute       source D:/1111HLS/LabC/DFT/DFT/opt1_pipeline/.autopilot/db/dft.compgen.tcl 
INFO-FLOW: Found component dft_fadd_32ns_32ns_32_10_full_dsp_1.
INFO-FLOW: Append model dft_fadd_32ns_32ns_32_10_full_dsp_1
INFO-FLOW: Found component dft_fmul_32ns_32ns_32_8_max_dsp_1.
INFO-FLOW: Append model dft_fmul_32ns_32ns_32_8_max_dsp_1
INFO-FLOW: Found component dft_mul_10s_10s_10_3_1.
INFO-FLOW: Append model dft_mul_10s_10s_10_3_1
INFO-FLOW: Found component dft_cos_coefficients_table_ROM_AUTO_1R.
INFO-FLOW: Append model dft_cos_coefficients_table_ROM_AUTO_1R
INFO-FLOW: Found component dft_sin_coefficients_table_ROM_AUTO_1R.
INFO-FLOW: Append model dft_sin_coefficients_table_ROM_AUTO_1R
INFO-FLOW: Found component dft_flow_control_loop_pipe.
INFO-FLOW: Append model dft_flow_control_loop_pipe
INFO-FLOW: Append model dft
INFO-FLOW: Generating RTL model list ...
INFO-FLOW: All models in this session: dft_fadd_32ns_32ns_32_10_full_dsp_1 dft_fmul_32ns_32ns_32_8_max_dsp_1 dft_mul_10s_10s_10_3_1 dft_cos_coefficients_table_ROM_AUTO_1R dft_sin_coefficients_table_ROM_AUTO_1R dft_flow_control_loop_pipe dft
INFO-FLOW: Generating D:/1111HLS/LabC/DFT/DFT/opt1_pipeline/.autopilot/db/autopilot.rtl.models.txt file...
INFO-FLOW: To file: write model dft_fadd_32ns_32ns_32_10_full_dsp_1
INFO-FLOW: To file: write model dft_fmul_32ns_32ns_32_8_max_dsp_1
INFO-FLOW: To file: write model dft_mul_10s_10s_10_3_1
INFO-FLOW: To file: write model dft_cos_coefficients_table_ROM_AUTO_1R
INFO-FLOW: To file: write model dft_sin_coefficients_table_ROM_AUTO_1R
INFO-FLOW: To file: write model dft_flow_control_loop_pipe
INFO-FLOW: To file: write model dft
INFO-FLOW: Generating D:/1111HLS/LabC/DFT/DFT/opt1_pipeline/.autopilot/db/autopilot.rtl.models.tcl file...
INFO-FLOW: Finished generating RTL model list.


INFO-FLOW: RTL Generation done.
INFO-FLOW: CAS Generation done.
INFO-FLOW: CBC Generation done.
INFO-FLOW: DBG:PROC: ::AESL_AUTOMG::auto_generate_csynth_design
Execute       get_top 
Execute       get_config_export -ipname 
Execute       get_config_export -xo 
Execute       get_config_export -format 
Execute       get_config_rtl -module_auto_prefix 
INFO-FLOW: DBG:PUTS: read_platform_lib D:/1111HLS/LabC/DFT/DFT/opt1_pipeline/.autopilot/db/global.setting.tcl
Execute       source D:/Xilinx/Vitis_HLS/2022.1/common/technology/generic/autopilot/common.gen 
Execute         source D:/Xilinx/Vitis_HLS/2022.1/common/technology/generic/autopilot/APCoreGen.gen 
Execute       source D:/Xilinx/Vitis_HLS/2022.1/common/technology/generic/autopilot/op.gen 
Execute       source D:/Xilinx/Vitis_HLS/2022.1/common/technology/generic/autopilot/op_simcore.gen 
Execute       source D:/Xilinx/Vitis_HLS/2022.1/common/technology/generic/autopilot/interface.gen 
Execute       source D:/1111HLS/LabC/DFT/DFT/opt1_pipeline/.autopilot/db/global.setting.tcl 
Execute       source D:/Xilinx/Vitis_HLS/2022.1/common/technology/xilinx/common/xilinx.gen 
Execute         source D:/Xilinx/Vitis_HLS/2022.1/common/technology/xilinx/interface/plb46.gen 
Execute         source D:/Xilinx/Vitis_HLS/2022.1/common/technology/xilinx/interface/axi4.gen 
Execute         source D:/Xilinx/Vitis_HLS/2022.1/common/technology/xilinx/interface/nativeAXI4.gen 
Execute           source D:/Xilinx/Vitis_HLS/2022.1/common/technology/xilinx/interface/saxilite.gen 
Execute         source D:/Xilinx/Vitis_HLS/2022.1/common/technology/xilinx/scripts/xilinxcoregen.gen 
Execute         source D:/Xilinx/Vitis_HLS/2022.1/common/technology/xilinx/interface/XilEDKCoreGen.gen 
Execute         source D:/Xilinx/Vitis_HLS/2022.1/common/technology/xilinx/ip/dds_compiler.gen 
Execute         source D:/Xilinx/Vitis_HLS/2022.1/common/technology/xilinx/ip/util.gen 
Execute         source D:/Xilinx/Vitis_HLS/2022.1/common/technology/xilinx/ip/xfft.gen 
Execute         source D:/Xilinx/Vitis_HLS/2022.1/common/technology/xilinx/ip/xfir.gen 
Execute         source D:/Xilinx/Vitis_HLS/2022.1/common/technology/xilinx/DSP48/dsp48.gen 
INFO-FLOW: DBG:PUTS:   using AESL_AUTOCG::g_clock_period=5.000 (was NA)
INFO-FLOW: DBG:PROC: ::AESL_AUTOMG::generate_ip_cores gen_sim_model='1' gen_fp_models='0' gen_for_export='0' dstSCDir='' dstVhdlDir='D:/1111HLS/LabC/DFT/DFT/opt1_pipeline/.autopilot/db/vhdl' dstVlogDir='D:/1111HLS/LabC/DFT/DFT/opt1_pipeline/.autopilot/db/vlog' tclDir='D:/1111HLS/LabC/DFT/DFT/opt1_pipeline/.autopilot/db' modelList='dft_fadd_32ns_32ns_32_10_full_dsp_1
dft_fmul_32ns_32ns_32_8_max_dsp_1
dft_mul_10s_10s_10_3_1
dft_cos_coefficients_table_ROM_AUTO_1R
dft_sin_coefficients_table_ROM_AUTO_1R
dft_flow_control_loop_pipe
dft
' expOnly='0'
Execute       source D:/1111HLS/LabC/DFT/DFT/opt1_pipeline/.autopilot/db/global.setting.tcl 
Execute       ap_part_info -name xc7z020-clg400-1 -data names -quiet 
Execute       ap_part_info -name xc7z020-clg400-1 -data info -quiet 
Execute       source D:/1111HLS/LabC/DFT/DFT/opt1_pipeline/.autopilot/db/global.setting.tcl 
Execute       source D:/1111HLS/LabC/DFT/DFT/opt1_pipeline/.autopilot/db/global.setting.tcl 
Execute       source D:/1111HLS/LabC/DFT/DFT/opt1_pipeline/.autopilot/db/dft.compgen.tcl 
Execute         ap_part_info -name xc7z020-clg400-1 -data names -quiet 
Execute         ap_part_info -name xc7z020-clg400-1 -data info -quiet 
INFO: [RTMG 210-279] Implementing memory 'dft_cos_coefficients_table_ROM_AUTO_1R' using auto ROMs.
Execute         ap_part_info -name xc7z020-clg400-1 -data names -quiet 
Execute         ap_part_info -name xc7z020-clg400-1 -data info -quiet 
Execute         ap_part_info -name xc7z020-clg400-1 -data names -quiet 
Execute         ap_part_info -name xc7z020-clg400-1 -data info -quiet 
Execute         ap_part_info -name xc7z020-clg400-1 -data names -quiet 
Execute         ap_part_info -name xc7z020-clg400-1 -data info -quiet 
INFO: [RTMG 210-279] Implementing memory 'dft_sin_coefficients_table_ROM_AUTO_1R' using auto ROMs.
Execute         ap_part_info -name xc7z020-clg400-1 -data names -quiet 
Execute         ap_part_info -name xc7z020-clg400-1 -data info -quiet 
Execute         ap_part_info -name xc7z020-clg400-1 -data names -quiet 
Execute         ap_part_info -name xc7z020-clg400-1 -data info -quiet 
Command       ap_source done; 0.258 sec.
INFO: [HLS 200-111] Finished Generating all RTL models: CPU user time: 1 seconds. CPU system time: 0 seconds. Elapsed time: 0.924 seconds; current allocated memory: 1.464 GB.
INFO-FLOW: DBG:PROC: ::HLSREPORTS::create_csynth_xml bind_info_var='bind_info' RtlSubPrefix='dft_' outfile=''
INFO-FLOW: Running: create_csynth_xml read xml data
INFO-FLOW: Done: create_csynth_xml read xml data time: 0 seconds per iteration
INFO-FLOW: Running: create_csynth_xml bind info
INFO-FLOW: Done: create_csynth_xml bind info time: 0 seconds per iteration
INFO-FLOW: Running: create_csynth_xml config info
Execute       get_config_op mul -impl 
Execute       get_config_op mul -latency 
Execute       get_config_op mul -precision 
Execute       get_config_op add -impl 
Execute       get_config_op add -latency 
Execute       get_config_op add -precision 
Execute       get_config_op sub -impl 
Execute       get_config_op sub -latency 
Execute       get_config_op sub -precision 
Execute       get_config_op fadd -impl 
Execute       get_config_op fadd -latency 
Execute       get_config_op fadd -precision 
Execute       get_config_op fsub -impl 
Execute       get_config_op fsub -latency 
Execute       get_config_op fsub -precision 
Execute       get_config_op fdiv -impl 
Execute       get_config_op fdiv -latency 
Execute       get_config_op fdiv -precision 
Execute       get_config_op fexp -impl 
Execute       get_config_op fexp -latency 
Execute       get_config_op fexp -precision 
Execute       get_config_op flog -impl 
Execute       get_config_op flog -latency 
Execute       get_config_op flog -precision 
Execute       get_config_op fmul -impl 
Execute       get_config_op fmul -latency 
Execute       get_config_op fmul -precision 
Execute       get_config_op frsqrt -impl 
Execute       get_config_op frsqrt -latency 
Execute       get_config_op frsqrt -precision 
Execute       get_config_op frecip -impl 
Execute       get_config_op frecip -latency 
Execute       get_config_op frecip -precision 
Execute       get_config_op fsqrt -impl 
Execute       get_config_op fsqrt -latency 
Execute       get_config_op fsqrt -precision 
Execute       get_config_op dadd -impl 
Execute       get_config_op dadd -latency 
Execute       get_config_op dadd -precision 
Execute       get_config_op dsub -impl 
Execute       get_config_op dsub -latency 
Execute       get_config_op dsub -precision 
Execute       get_config_op ddiv -impl 
Execute       get_config_op ddiv -latency 
Execute       get_config_op ddiv -precision 
Execute       get_config_op dexp -impl 
Execute       get_config_op dexp -latency 
Execute       get_config_op dexp -precision 
Execute       get_config_op dlog -impl 
Execute       get_config_op dlog -latency 
Execute       get_config_op dlog -precision 
Execute       get_config_op dmul -impl 
Execute       get_config_op dmul -latency 
Execute       get_config_op dmul -precision 
Execute       get_config_op drsqrt -impl 
Execute       get_config_op drsqrt -latency 
Execute       get_config_op drsqrt -precision 
Execute       get_config_op drecip -impl 
Execute       get_config_op drecip -latency 
Execute       get_config_op drecip -precision 
Execute       get_config_op dsqrt -impl 
Execute       get_config_op dsqrt -latency 
Execute       get_config_op dsqrt -precision 
Execute       get_config_op hadd -impl 
Execute       get_config_op hadd -latency 
Execute       get_config_op hadd -precision 
Execute       get_config_op hsub -impl 
Execute       get_config_op hsub -latency 
Execute       get_config_op hsub -precision 
Execute       get_config_op hdiv -impl 
Execute       get_config_op hdiv -latency 
Execute       get_config_op hdiv -precision 
Execute       get_config_op hmul -impl 
Execute       get_config_op hmul -latency 
Execute       get_config_op hmul -precision 
Execute       get_config_op hsqrt -impl 
Execute       get_config_op hsqrt -latency 
Execute       get_config_op hsqrt -precision 
Execute       get_config_op facc -impl 
Execute       get_config_op facc -latency 
Execute       get_config_op facc -precision 
Execute       get_config_op fmacc -impl 
Execute       get_config_op fmacc -latency 
Execute       get_config_op fmacc -precision 
Execute       get_config_op fmadd -impl 
Execute       get_config_op fmadd -latency 
Execute       get_config_op fmadd -precision 
Execute       get_config_storage fifo -auto_srl_max_bits 
Execute       get_config_storage fifo -auto_srl_max_depth 
Execute       get_config_storage fifo -impl 
Execute       get_solution -flow_target 
Execute       get_config_array_partition -complete_threshold 
Execute       get_config_array_partition -throughput_driven 
Execute       get_config_compile -enable_auto_rewind 
Execute       get_config_compile -ignore_long_run_time 
Execute       get_config_compile -name_max_length 
Execute       get_config_compile -no_signed_zeros 
Execute       get_config_compile -pipeline_loops 
Execute       get_config_compile -pipeline_style 
Execute       get_config_compile -pragma_strict_mode 
Execute       get_config_compile -pre_tcl 
Execute       get_config_compile -unsafe_math_optimizations 
Execute       get_config_dataflow -default_channel 
Execute       get_config_dataflow -disable_fifo_sizing_opt 
Execute       get_config_dataflow -fifo_depth 
Execute       get_config_dataflow -override_user_fifo_depth 
Execute       get_config_dataflow -scalar_fifo_depth 
Execute       get_config_dataflow -start_fifo_depth 
Execute       get_config_dataflow -strict_mode 
Execute       get_config_dataflow -strict_stable_sync 
Execute       get_config_dataflow -task_level_fifo_depth 
Execute       get_config_debug -directory 
Execute       get_config_debug -enable 
Execute       get_config_export -description 
Execute       get_config_export -display_name 
Execute       get_config_export -format 
Execute       get_config_export -ip_xdc_file 
Execute       get_config_export -ip_xdc_ooc_file 
Execute       get_config_export -ipname 
Execute       get_config_export -library 
Execute       get_config_export -output 
Execute       get_config_export -rtl 
Execute       get_config_export -taxonomy 
Execute       get_config_export -vendor 
Execute       get_config_export -version 
Execute       get_config_export -vivado_clock 
Execute       get_config_export -vivado_impl_strategy 
Execute       get_config_export -vivado_max_timing_paths 
Execute       get_config_export -vivado_optimization_level 
Execute       get_config_export -vivado_pblock 
Execute       get_config_export -vivado_phys_opt 
Execute       get_config_export -vivado_report_level 
Execute       get_config_export -vivado_synth_design_args 
Execute       get_config_export -vivado_synth_strategy 
Execute       get_config_interface -clock_enable 
Execute       get_config_interface -default_slave_interface 
Execute       get_config_interface -m_axi_addr64 
Execute       get_config_interface -m_axi_alignment_byte_size 
Execute       get_config_interface -m_axi_auto_max_ports 
Execute       get_config_interface -m_axi_buffer_impl 
Execute       get_config_interface -m_axi_conservative_mode 
Execute       get_config_interface -m_axi_flush_mode 
Execute       get_config_interface -m_axi_latency 
Execute       get_config_interface -m_axi_max_bitwidth 
Execute       get_config_interface -m_axi_max_read_burst_length 
Execute       get_config_interface -m_axi_max_widen_bitwidth 
Execute       get_config_interface -m_axi_max_write_burst_length 
Execute       get_config_interface -m_axi_min_bitwidth 
Execute       get_config_interface -m_axi_num_read_outstanding 
Execute       get_config_interface -m_axi_num_write_outstanding 
Execute       get_config_interface -m_axi_offset 
Execute       get_config_interface -register_io 
Execute       get_config_interface -s_axilite_auto_restart_counter 
Execute       get_config_interface -s_axilite_data64 
Execute       get_config_interface -s_axilite_interrupt_mode 
Execute       get_config_interface -s_axilite_mailbox 
Execute       get_config_interface -s_axilite_status_regs 
Execute       get_config_interface -s_axilite_sw_reset 
Execute       get_config_rtl -deadlock_detection 
Execute       get_config_rtl -header 
Execute       get_config_rtl -kernel_profile 
Execute       get_config_rtl -module_auto_prefix 
Execute       get_config_rtl -module_prefix 
Execute       get_config_rtl -mult_keep_attribute 
Execute       get_config_rtl -register_all_io 
Execute       get_config_rtl -register_reset_num 
Execute       get_config_rtl -reset 
Execute       get_config_rtl -reset_async 
Execute       get_config_rtl -reset_level 
Execute       get_config_schedule -enable_dsp_full_reg 
Execute       get_config_unroll -tripcount_threshold 
INFO-FLOW: Done: create_csynth_xml config info time: 0 seconds per iteration
INFO-FLOW: Running: create_csynth_xml write xml
INFO-FLOW: Done: create_csynth_xml write xml time: 0 seconds per iteration
INFO-FLOW: DBG:PUTS:      create_csynth_xml wrote csynth_xml=D:/1111HLS/LabC/DFT/DFT/opt1_pipeline/syn/report/csynth.xml
INFO-FLOW: DBG:PROC: ::AP::DESIGN_DATA::generate_json generate_bd_files='0' generate_xo_files='0' modelList='dft_fadd_32ns_32ns_32_10_full_dsp_1
dft_fmul_32ns_32ns_32_8_max_dsp_1
dft_mul_10s_10s_10_3_1
dft_cos_coefficients_table_ROM_AUTO_1R
dft_sin_coefficients_table_ROM_AUTO_1R
dft_flow_control_loop_pipe
dft
' rtl_lang='both' bootstrap_tcl='false' outdir='' outfilename=''
Execute       source D:/1111HLS/LabC/DFT/DFT/opt1_pipeline/.autopilot/db/global.setting.tcl 
Execute       source D:/1111HLS/LabC/DFT/DFT/opt1_pipeline/.autopilot/db/global.setting.tcl 
Execute       get_solution -flow_target 
Execute       get_config_export -xo 
Execute       get_config_export -format 
Execute       source D:/1111HLS/LabC/DFT/DFT/opt1_pipeline/.autopilot/db/top-io-be.tcl 
Execute       source D:/1111HLS/LabC/DFT/DFT/opt1_pipeline/.autopilot/db/dft.tbgen.tcl 
Execute       source D:/1111HLS/LabC/DFT/DFT/opt1_pipeline/.autopilot/db/dft.rtl_wrap.cfg.tcl 
Execute       source D:/1111HLS/LabC/DFT/DFT/opt1_pipeline/.autopilot/db/dft.compgen.dataonly.tcl 
Execute       get_config_export -format 
Execute       get_config_export -vendor 
Execute       get_config_export -library 
Execute       get_config_export -version 
Execute       get_config_export -ipname 
Execute       get_config_export -taxonomy 
Execute       get_config_export -description 
Execute       get_config_export -display_name 
Execute       source D:/1111HLS/LabC/DFT/DFT/opt1_pipeline/.autopilot/db/dft.tbgen.tcl 
Execute       source D:/1111HLS/LabC/DFT/DFT/opt1_pipeline/.autopilot/db/global.setting.tcl 
Execute       ap_part_info -name xc7z020-clg400-1 -data names -quiet 
Execute       ap_part_info -name xc7z020-clg400-1 -data info -quiet 
Execute       get_solution -flow_target 
Execute       get_config_rtl -kernel_profile 
Execute       get_config_rtl -kernel_profile 
Execute       get_config_rtl -stall_sig_gen 
Execute       get_config_rtl -profile 
Execute       source D:/1111HLS/LabC/DFT/DFT/opt1_pipeline/.autopilot/db/dft.constraint.tcl 
Execute       sc_get_clocks dft 
Execute       source D:/1111HLS/LabC/DFT/DFT/opt1_pipeline/.autopilot/db/global.setting.tcl 
Execute       get_config_export -ip_xdc_file 
Execute       get_config_export -ip_xdc_ooc_file 
Execute       get_config_debug -directory 
Execute       source D:/1111HLS/LabC/DFT/DFT/opt1_pipeline/impl/misc/dft_fadd_32ns_32ns_32_10_full_dsp_1_ip.tcl 
Execute       source D:/1111HLS/LabC/DFT/DFT/opt1_pipeline/impl/misc/dft_fmul_32ns_32ns_32_8_max_dsp_1_ip.tcl 
INFO-FLOW: DBG:PROC: ::HLSREPORTS::add_csynth_report_sections bind_info_dict='adapter_nodes {} report_dict {TOPINST dft MODULE2INSTS {dft dft} INST2MODULE {dft dft} INSTDATA {dft {DEPTH 1 CHILDREN {}}} MODULEDATA {dft {BINDINFO {{BINDTYPE op ID {} IMPL fabric LATENCY 0 OPTYPE add PRAGMA {} RTLNAME add_ln10_fu_181_p2 SOURCE DFT/dft.cpp:10 VARIABLE add_ln10 LOOP VITIS_LOOP_10_1_VITIS_LOOP_12_2 BUNDLEDNAME {} DSP 0 BRAM 0 URAM 0 DISPNAME {bind_op add}} {BINDTYPE op ID {} IMPL fabric LATENCY 0 OPTYPE add PRAGMA {} RTLNAME add_ln10_1_fu_212_p2 SOURCE DFT/dft.cpp:10 VARIABLE add_ln10_1 LOOP VITIS_LOOP_10_1_VITIS_LOOP_12_2 BUNDLEDNAME {} DSP 0 BRAM 0 URAM 0 DISPNAME {bind_op add}} {BINDTYPE op ID {} IMPL dsp LATENCY 2 OPTYPE mul PRAGMA {} RTLNAME mul_10s_10s_10_3_1_U5 SOURCE DFT/dft.cpp:14 VARIABLE index LOOP VITIS_LOOP_10_1_VITIS_LOOP_12_2 BUNDLEDNAME {} DSP 1 BRAM 0 URAM 0 DISPNAME {bind_op mul}} {BINDTYPE op ID {} IMPL maxdsp LATENCY 7 OPTYPE fmul PRAGMA {} RTLNAME fmul_32ns_32ns_32_8_max_dsp_1_U3 SOURCE DFT/dft.cpp:15 VARIABLE mul6 LOOP VITIS_LOOP_10_1_VITIS_LOOP_12_2 BUNDLEDNAME {} DSP 3 BRAM 0 URAM 0 DISPNAME {bind_op fmul}} {BINDTYPE op ID {} IMPL fulldsp LATENCY 9 OPTYPE fadd PRAGMA {} RTLNAME fadd_32ns_32ns_32_10_full_dsp_1_U1 SOURCE DFT/dft.cpp:15 VARIABLE add LOOP VITIS_LOOP_10_1_VITIS_LOOP_12_2 BUNDLEDNAME {} DSP 2 BRAM 0 URAM 0 DISPNAME {bind_op fadd}} {BINDTYPE op ID {} IMPL maxdsp LATENCY 7 OPTYPE fmul PRAGMA {} RTLNAME fmul_32ns_32ns_32_8_max_dsp_1_U4 SOURCE DFT/dft.cpp:16 VARIABLE mul LOOP VITIS_LOOP_10_1_VITIS_LOOP_12_2 BUNDLEDNAME {} DSP 3 BRAM 0 URAM 0 DISPNAME {bind_op fmul}} {BINDTYPE op ID {} IMPL fulldsp LATENCY 9 OPTYPE fadd PRAGMA {} RTLNAME fadd_32ns_32ns_32_10_full_dsp_1_U2 SOURCE DFT/dft.cpp:16 VARIABLE add1 LOOP VITIS_LOOP_10_1_VITIS_LOOP_12_2 BUNDLEDNAME {} DSP 2 BRAM 0 URAM 0 DISPNAME {bind_op fadd}} {BINDTYPE op ID {} IMPL fabric LATENCY 0 OPTYPE add PRAGMA {} RTLNAME add_ln12_fu_240_p2 SOURCE DFT/dft.cpp:12 VARIABLE add_ln12 LOOP VITIS_LOOP_10_1_VITIS_LOOP_12_2 BUNDLEDNAME {} DSP 0 BRAM 0 URAM 0 DISPNAME {bind_op add}} {BINDTYPE storage ID {} IMPL auto LATENCY 1 OPTYPE rom_1p PRAGMA {} RTLNAME cos_coefficients_table_U SOURCE {} VARIABLE cos_coefficients_table LOOP {} BUNDLEDNAME {} DSP 0 BRAM 2 URAM 0 DISPNAME {bind_storage rom_1p}} {BINDTYPE storage ID {} IMPL auto LATENCY 1 OPTYPE rom_1p PRAGMA {} RTLNAME sin_coefficients_table_U SOURCE {} VARIABLE sin_coefficients_table LOOP {} BUNDLEDNAME {} DSP 0 BRAM 2 URAM 0 DISPNAME {bind_storage rom_1p}}} AREA {DSP 11 BRAM 4 URAM 0}}}}'
INFO-FLOW: DBG:PUTS:      update_csynth_reports json2rpt_hw_sw_interfaces
INFO-FLOW: Running: gen_csynth_sec_pragma
INFO-FLOW: Done: gen_csynth_sec_pragma time: 0 seconds per iteration
INFO-FLOW: DBG:PUTS:      update_csynth_reports wrote xml
INFO-FLOW: DBG:PUTS:      update_csynth_reports appended to csynth rpt file
INFO: [HLS 200-111] Finished Updating report files: CPU user time: 0 seconds. CPU system time: 0 seconds. Elapsed time: 0.277 seconds; current allocated memory: 1.464 GB.
INFO: [VHDL 208-304] Generating VHDL RTL for dft.
INFO: [VLOG 209-307] Generating Verilog RTL for dft.
Execute       syn_report -model dft -printsummary 
INFO: [HLS 200-790] **** Loop Constraint Status: All loop constraints were satisfied.
INFO: [HLS 200-789] **** Estimated Fmax: 172.44 MHz
Command     autosyn done; 1.529 sec.
Command   csynth_design done; 5.067 sec.
INFO: [HLS 200-111] Finished Command csynth_design CPU user time: 1 seconds. CPU system time: 0 seconds. Elapsed time: 5.067 seconds; current allocated memory: 0.000 MB.
Command ap_source done; 7.01 sec.
Execute cleanup_all 
