#-----------------------------------------------------------
# xsim v2022.1 (64-bit)
# SW Build 3526262 on Mon Apr 18 15:48:16 MDT 2022
# IP Build 3524634 on Mon Apr 18 20:55:01 MDT 2022
# Start of session at: Sat Nov 12 17:51:02 2022
# Process ID: 17156
# Current directory: D:/1111HLS/LabC/DFT/DFT/opt2_unroll/sim/verilog
# Command line: xsim.exe -mode tcl -source {xsim.dir/dft/xsim_script.tcl}
# Log file: D:/1111HLS/LabC/DFT/DFT/opt2_unroll/sim/verilog/xsim.log
# Journal file: D:/1111HLS/LabC/DFT/DFT/opt2_unroll/sim/verilog\xsim.jou
# Running On: DESKTOP-DR3I53C, OS: Windows, CPU Frequency: 2496 MHz, CPU Physical cores: 6, Host memory: 34137 MB
#-----------------------------------------------------------
source xsim.dir/dft/xsim_script.tcl
# xsim {dft} -view {{dft_dataflow_ana.wcfg}} -tclbatch {dft.tcl} -protoinst {dft.protoinst}
INFO: [Wavedata 42-565] Reading protoinst file dft.protoinst
INFO: [Wavedata 42-564]   Found protocol instance at /apatb_dft_top/AESL_inst_dft//AESL_inst_dft_activity
Time resolution is 1 ps
open_wave_config dft_dataflow_ana.wcfg
source dft.tcl
## log_wave [get_objects -filter {type == in_port || type == out_port || type == inout_port || type == port} /apatb_dft_top/AESL_inst_dft/*]
## set designtopgroup [add_wave_group "Design Top Signals"]
## set cinoutgroup [add_wave_group "C InOuts" -into $designtopgroup]
## set return_group [add_wave_group return(memory) -into $cinoutgroup]
## add_wave /apatb_dft_top/AESL_inst_dft/imag_op_20_q1 -into $return_group -radix hex
## add_wave /apatb_dft_top/AESL_inst_dft/imag_op_20_ce1 -into $return_group -color #ffff00 -radix hex
## add_wave /apatb_dft_top/AESL_inst_dft/imag_op_20_address1 -into $return_group -radix hex
## add_wave /apatb_dft_top/AESL_inst_dft/imag_op_20_d0 -into $return_group -radix hex
## add_wave /apatb_dft_top/AESL_inst_dft/imag_op_20_we0 -into $return_group -color #ffff00 -radix hex
## add_wave /apatb_dft_top/AESL_inst_dft/imag_op_20_ce0 -into $return_group -color #ffff00 -radix hex
## add_wave /apatb_dft_top/AESL_inst_dft/imag_op_20_address0 -into $return_group -radix hex
## add_wave /apatb_dft_top/AESL_inst_dft/imag_op_19_q1 -into $return_group -radix hex
## add_wave /apatb_dft_top/AESL_inst_dft/imag_op_19_ce1 -into $return_group -color #ffff00 -radix hex
## add_wave /apatb_dft_top/AESL_inst_dft/imag_op_19_address1 -into $return_group -radix hex
## add_wave /apatb_dft_top/AESL_inst_dft/imag_op_19_d0 -into $return_group -radix hex
## add_wave /apatb_dft_top/AESL_inst_dft/imag_op_19_we0 -into $return_group -color #ffff00 -radix hex
## add_wave /apatb_dft_top/AESL_inst_dft/imag_op_19_ce0 -into $return_group -color #ffff00 -radix hex
## add_wave /apatb_dft_top/AESL_inst_dft/imag_op_19_address0 -into $return_group -radix hex
## add_wave /apatb_dft_top/AESL_inst_dft/imag_op_18_q1 -into $return_group -radix hex
## add_wave /apatb_dft_top/AESL_inst_dft/imag_op_18_ce1 -into $return_group -color #ffff00 -radix hex
## add_wave /apatb_dft_top/AESL_inst_dft/imag_op_18_address1 -into $return_group -radix hex
## add_wave /apatb_dft_top/AESL_inst_dft/imag_op_18_d0 -into $return_group -radix hex
## add_wave /apatb_dft_top/AESL_inst_dft/imag_op_18_we0 -into $return_group -color #ffff00 -radix hex
## add_wave /apatb_dft_top/AESL_inst_dft/imag_op_18_ce0 -into $return_group -color #ffff00 -radix hex
## add_wave /apatb_dft_top/AESL_inst_dft/imag_op_18_address0 -into $return_group -radix hex
## add_wave /apatb_dft_top/AESL_inst_dft/imag_op_17_q1 -into $return_group -radix hex
## add_wave /apatb_dft_top/AESL_inst_dft/imag_op_17_ce1 -into $return_group -color #ffff00 -radix hex
## add_wave /apatb_dft_top/AESL_inst_dft/imag_op_17_address1 -into $return_group -radix hex
## add_wave /apatb_dft_top/AESL_inst_dft/imag_op_17_d0 -into $return_group -radix hex
## add_wave /apatb_dft_top/AESL_inst_dft/imag_op_17_we0 -into $return_group -color #ffff00 -radix hex
## add_wave /apatb_dft_top/AESL_inst_dft/imag_op_17_ce0 -into $return_group -color #ffff00 -radix hex
## add_wave /apatb_dft_top/AESL_inst_dft/imag_op_17_address0 -into $return_group -radix hex
## add_wave /apatb_dft_top/AESL_inst_dft/imag_op_16_q1 -into $return_group -radix hex
## add_wave /apatb_dft_top/AESL_inst_dft/imag_op_16_ce1 -into $return_group -color #ffff00 -radix hex
## add_wave /apatb_dft_top/AESL_inst_dft/imag_op_16_address1 -into $return_group -radix hex
## add_wave /apatb_dft_top/AESL_inst_dft/imag_op_16_d0 -into $return_group -radix hex
## add_wave /apatb_dft_top/AESL_inst_dft/imag_op_16_we0 -into $return_group -color #ffff00 -radix hex
## add_wave /apatb_dft_top/AESL_inst_dft/imag_op_16_ce0 -into $return_group -color #ffff00 -radix hex
## add_wave /apatb_dft_top/AESL_inst_dft/imag_op_16_address0 -into $return_group -radix hex
## add_wave /apatb_dft_top/AESL_inst_dft/imag_op_15_q1 -into $return_group -radix hex
## add_wave /apatb_dft_top/AESL_inst_dft/imag_op_15_ce1 -into $return_group -color #ffff00 -radix hex
## add_wave /apatb_dft_top/AESL_inst_dft/imag_op_15_address1 -into $return_group -radix hex
## add_wave /apatb_dft_top/AESL_inst_dft/imag_op_15_d0 -into $return_group -radix hex
## add_wave /apatb_dft_top/AESL_inst_dft/imag_op_15_we0 -into $return_group -color #ffff00 -radix hex
## add_wave /apatb_dft_top/AESL_inst_dft/imag_op_15_ce0 -into $return_group -color #ffff00 -radix hex
## add_wave /apatb_dft_top/AESL_inst_dft/imag_op_15_address0 -into $return_group -radix hex
## add_wave /apatb_dft_top/AESL_inst_dft/imag_op_14_q1 -into $return_group -radix hex
## add_wave /apatb_dft_top/AESL_inst_dft/imag_op_14_ce1 -into $return_group -color #ffff00 -radix hex
## add_wave /apatb_dft_top/AESL_inst_dft/imag_op_14_address1 -into $return_group -radix hex
## add_wave /apatb_dft_top/AESL_inst_dft/imag_op_14_d0 -into $return_group -radix hex
## add_wave /apatb_dft_top/AESL_inst_dft/imag_op_14_we0 -into $return_group -color #ffff00 -radix hex
## add_wave /apatb_dft_top/AESL_inst_dft/imag_op_14_ce0 -into $return_group -color #ffff00 -radix hex
## add_wave /apatb_dft_top/AESL_inst_dft/imag_op_14_address0 -into $return_group -radix hex
## add_wave /apatb_dft_top/AESL_inst_dft/imag_op_13_q1 -into $return_group -radix hex
## add_wave /apatb_dft_top/AESL_inst_dft/imag_op_13_ce1 -into $return_group -color #ffff00 -radix hex
## add_wave /apatb_dft_top/AESL_inst_dft/imag_op_13_address1 -into $return_group -radix hex
## add_wave /apatb_dft_top/AESL_inst_dft/imag_op_13_d0 -into $return_group -radix hex
## add_wave /apatb_dft_top/AESL_inst_dft/imag_op_13_we0 -into $return_group -color #ffff00 -radix hex
## add_wave /apatb_dft_top/AESL_inst_dft/imag_op_13_ce0 -into $return_group -color #ffff00 -radix hex
## add_wave /apatb_dft_top/AESL_inst_dft/imag_op_13_address0 -into $return_group -radix hex
## add_wave /apatb_dft_top/AESL_inst_dft/imag_op_12_q1 -into $return_group -radix hex
## add_wave /apatb_dft_top/AESL_inst_dft/imag_op_12_ce1 -into $return_group -color #ffff00 -radix hex
## add_wave /apatb_dft_top/AESL_inst_dft/imag_op_12_address1 -into $return_group -radix hex
## add_wave /apatb_dft_top/AESL_inst_dft/imag_op_12_d0 -into $return_group -radix hex
## add_wave /apatb_dft_top/AESL_inst_dft/imag_op_12_we0 -into $return_group -color #ffff00 -radix hex
## add_wave /apatb_dft_top/AESL_inst_dft/imag_op_12_ce0 -into $return_group -color #ffff00 -radix hex
## add_wave /apatb_dft_top/AESL_inst_dft/imag_op_12_address0 -into $return_group -radix hex
## add_wave /apatb_dft_top/AESL_inst_dft/imag_op_11_q1 -into $return_group -radix hex
## add_wave /apatb_dft_top/AESL_inst_dft/imag_op_11_ce1 -into $return_group -color #ffff00 -radix hex
## add_wave /apatb_dft_top/AESL_inst_dft/imag_op_11_address1 -into $return_group -radix hex
## add_wave /apatb_dft_top/AESL_inst_dft/imag_op_11_d0 -into $return_group -radix hex
## add_wave /apatb_dft_top/AESL_inst_dft/imag_op_11_we0 -into $return_group -color #ffff00 -radix hex
## add_wave /apatb_dft_top/AESL_inst_dft/imag_op_11_ce0 -into $return_group -color #ffff00 -radix hex
## add_wave /apatb_dft_top/AESL_inst_dft/imag_op_11_address0 -into $return_group -radix hex
## add_wave /apatb_dft_top/AESL_inst_dft/imag_op_10_q1 -into $return_group -radix hex
## add_wave /apatb_dft_top/AESL_inst_dft/imag_op_10_ce1 -into $return_group -color #ffff00 -radix hex
## add_wave /apatb_dft_top/AESL_inst_dft/imag_op_10_address1 -into $return_group -radix hex
## add_wave /apatb_dft_top/AESL_inst_dft/imag_op_10_d0 -into $return_group -radix hex
## add_wave /apatb_dft_top/AESL_inst_dft/imag_op_10_we0 -into $return_group -color #ffff00 -radix hex
## add_wave /apatb_dft_top/AESL_inst_dft/imag_op_10_ce0 -into $return_group -color #ffff00 -radix hex
## add_wave /apatb_dft_top/AESL_inst_dft/imag_op_10_address0 -into $return_group -radix hex
## add_wave /apatb_dft_top/AESL_inst_dft/imag_op_9_q1 -into $return_group -radix hex
## add_wave /apatb_dft_top/AESL_inst_dft/imag_op_9_ce1 -into $return_group -color #ffff00 -radix hex
## add_wave /apatb_dft_top/AESL_inst_dft/imag_op_9_address1 -into $return_group -radix hex
## add_wave /apatb_dft_top/AESL_inst_dft/imag_op_9_d0 -into $return_group -radix hex
## add_wave /apatb_dft_top/AESL_inst_dft/imag_op_9_we0 -into $return_group -color #ffff00 -radix hex
## add_wave /apatb_dft_top/AESL_inst_dft/imag_op_9_ce0 -into $return_group -color #ffff00 -radix hex
## add_wave /apatb_dft_top/AESL_inst_dft/imag_op_9_address0 -into $return_group -radix hex
## add_wave /apatb_dft_top/AESL_inst_dft/imag_op_8_q1 -into $return_group -radix hex
## add_wave /apatb_dft_top/AESL_inst_dft/imag_op_8_ce1 -into $return_group -color #ffff00 -radix hex
## add_wave /apatb_dft_top/AESL_inst_dft/imag_op_8_address1 -into $return_group -radix hex
## add_wave /apatb_dft_top/AESL_inst_dft/imag_op_8_d0 -into $return_group -radix hex
## add_wave /apatb_dft_top/AESL_inst_dft/imag_op_8_we0 -into $return_group -color #ffff00 -radix hex
## add_wave /apatb_dft_top/AESL_inst_dft/imag_op_8_ce0 -into $return_group -color #ffff00 -radix hex
## add_wave /apatb_dft_top/AESL_inst_dft/imag_op_8_address0 -into $return_group -radix hex
## add_wave /apatb_dft_top/AESL_inst_dft/imag_op_7_q1 -into $return_group -radix hex
## add_wave /apatb_dft_top/AESL_inst_dft/imag_op_7_ce1 -into $return_group -color #ffff00 -radix hex
## add_wave /apatb_dft_top/AESL_inst_dft/imag_op_7_address1 -into $return_group -radix hex
## add_wave /apatb_dft_top/AESL_inst_dft/imag_op_7_d0 -into $return_group -radix hex
## add_wave /apatb_dft_top/AESL_inst_dft/imag_op_7_we0 -into $return_group -color #ffff00 -radix hex
## add_wave /apatb_dft_top/AESL_inst_dft/imag_op_7_ce0 -into $return_group -color #ffff00 -radix hex
## add_wave /apatb_dft_top/AESL_inst_dft/imag_op_7_address0 -into $return_group -radix hex
## add_wave /apatb_dft_top/AESL_inst_dft/imag_op_6_q1 -into $return_group -radix hex
## add_wave /apatb_dft_top/AESL_inst_dft/imag_op_6_ce1 -into $return_group -color #ffff00 -radix hex
## add_wave /apatb_dft_top/AESL_inst_dft/imag_op_6_address1 -into $return_group -radix hex
## add_wave /apatb_dft_top/AESL_inst_dft/imag_op_6_d0 -into $return_group -radix hex
## add_wave /apatb_dft_top/AESL_inst_dft/imag_op_6_we0 -into $return_group -color #ffff00 -radix hex
## add_wave /apatb_dft_top/AESL_inst_dft/imag_op_6_ce0 -into $return_group -color #ffff00 -radix hex
## add_wave /apatb_dft_top/AESL_inst_dft/imag_op_6_address0 -into $return_group -radix hex
## add_wave /apatb_dft_top/AESL_inst_dft/imag_op_5_q1 -into $return_group -radix hex
## add_wave /apatb_dft_top/AESL_inst_dft/imag_op_5_ce1 -into $return_group -color #ffff00 -radix hex
## add_wave /apatb_dft_top/AESL_inst_dft/imag_op_5_address1 -into $return_group -radix hex
## add_wave /apatb_dft_top/AESL_inst_dft/imag_op_5_d0 -into $return_group -radix hex
## add_wave /apatb_dft_top/AESL_inst_dft/imag_op_5_we0 -into $return_group -color #ffff00 -radix hex
## add_wave /apatb_dft_top/AESL_inst_dft/imag_op_5_ce0 -into $return_group -color #ffff00 -radix hex
## add_wave /apatb_dft_top/AESL_inst_dft/imag_op_5_address0 -into $return_group -radix hex
## add_wave /apatb_dft_top/AESL_inst_dft/imag_op_4_q1 -into $return_group -radix hex
## add_wave /apatb_dft_top/AESL_inst_dft/imag_op_4_ce1 -into $return_group -color #ffff00 -radix hex
## add_wave /apatb_dft_top/AESL_inst_dft/imag_op_4_address1 -into $return_group -radix hex
## add_wave /apatb_dft_top/AESL_inst_dft/imag_op_4_d0 -into $return_group -radix hex
## add_wave /apatb_dft_top/AESL_inst_dft/imag_op_4_we0 -into $return_group -color #ffff00 -radix hex
## add_wave /apatb_dft_top/AESL_inst_dft/imag_op_4_ce0 -into $return_group -color #ffff00 -radix hex
## add_wave /apatb_dft_top/AESL_inst_dft/imag_op_4_address0 -into $return_group -radix hex
## add_wave /apatb_dft_top/AESL_inst_dft/imag_op_3_q1 -into $return_group -radix hex
## add_wave /apatb_dft_top/AESL_inst_dft/imag_op_3_ce1 -into $return_group -color #ffff00 -radix hex
## add_wave /apatb_dft_top/AESL_inst_dft/imag_op_3_address1 -into $return_group -radix hex
## add_wave /apatb_dft_top/AESL_inst_dft/imag_op_3_d0 -into $return_group -radix hex
## add_wave /apatb_dft_top/AESL_inst_dft/imag_op_3_we0 -into $return_group -color #ffff00 -radix hex
## add_wave /apatb_dft_top/AESL_inst_dft/imag_op_3_ce0 -into $return_group -color #ffff00 -radix hex
## add_wave /apatb_dft_top/AESL_inst_dft/imag_op_3_address0 -into $return_group -radix hex
## add_wave /apatb_dft_top/AESL_inst_dft/imag_op_2_q1 -into $return_group -radix hex
## add_wave /apatb_dft_top/AESL_inst_dft/imag_op_2_ce1 -into $return_group -color #ffff00 -radix hex
## add_wave /apatb_dft_top/AESL_inst_dft/imag_op_2_address1 -into $return_group -radix hex
## add_wave /apatb_dft_top/AESL_inst_dft/imag_op_2_d0 -into $return_group -radix hex
## add_wave /apatb_dft_top/AESL_inst_dft/imag_op_2_we0 -into $return_group -color #ffff00 -radix hex
## add_wave /apatb_dft_top/AESL_inst_dft/imag_op_2_ce0 -into $return_group -color #ffff00 -radix hex
## add_wave /apatb_dft_top/AESL_inst_dft/imag_op_2_address0 -into $return_group -radix hex
## add_wave /apatb_dft_top/AESL_inst_dft/imag_op_1_q1 -into $return_group -radix hex
## add_wave /apatb_dft_top/AESL_inst_dft/imag_op_1_ce1 -into $return_group -color #ffff00 -radix hex
## add_wave /apatb_dft_top/AESL_inst_dft/imag_op_1_address1 -into $return_group -radix hex
## add_wave /apatb_dft_top/AESL_inst_dft/imag_op_1_d0 -into $return_group -radix hex
## add_wave /apatb_dft_top/AESL_inst_dft/imag_op_1_we0 -into $return_group -color #ffff00 -radix hex
## add_wave /apatb_dft_top/AESL_inst_dft/imag_op_1_ce0 -into $return_group -color #ffff00 -radix hex
## add_wave /apatb_dft_top/AESL_inst_dft/imag_op_1_address0 -into $return_group -radix hex
## add_wave /apatb_dft_top/AESL_inst_dft/imag_op_0_q1 -into $return_group -radix hex
## add_wave /apatb_dft_top/AESL_inst_dft/imag_op_0_ce1 -into $return_group -color #ffff00 -radix hex
## add_wave /apatb_dft_top/AESL_inst_dft/imag_op_0_address1 -into $return_group -radix hex
## add_wave /apatb_dft_top/AESL_inst_dft/imag_op_0_d0 -into $return_group -radix hex
## add_wave /apatb_dft_top/AESL_inst_dft/imag_op_0_we0 -into $return_group -color #ffff00 -radix hex
## add_wave /apatb_dft_top/AESL_inst_dft/imag_op_0_ce0 -into $return_group -color #ffff00 -radix hex
## add_wave /apatb_dft_top/AESL_inst_dft/imag_op_0_address0 -into $return_group -radix hex
## add_wave /apatb_dft_top/AESL_inst_dft/real_op_20_q1 -into $return_group -radix hex
## add_wave /apatb_dft_top/AESL_inst_dft/real_op_20_ce1 -into $return_group -color #ffff00 -radix hex
## add_wave /apatb_dft_top/AESL_inst_dft/real_op_20_address1 -into $return_group -radix hex
## add_wave /apatb_dft_top/AESL_inst_dft/real_op_20_d0 -into $return_group -radix hex
## add_wave /apatb_dft_top/AESL_inst_dft/real_op_20_we0 -into $return_group -color #ffff00 -radix hex
## add_wave /apatb_dft_top/AESL_inst_dft/real_op_20_ce0 -into $return_group -color #ffff00 -radix hex
## add_wave /apatb_dft_top/AESL_inst_dft/real_op_20_address0 -into $return_group -radix hex
## add_wave /apatb_dft_top/AESL_inst_dft/real_op_19_q1 -into $return_group -radix hex
## add_wave /apatb_dft_top/AESL_inst_dft/real_op_19_ce1 -into $return_group -color #ffff00 -radix hex
## add_wave /apatb_dft_top/AESL_inst_dft/real_op_19_address1 -into $return_group -radix hex
## add_wave /apatb_dft_top/AESL_inst_dft/real_op_19_d0 -into $return_group -radix hex
## add_wave /apatb_dft_top/AESL_inst_dft/real_op_19_we0 -into $return_group -color #ffff00 -radix hex
## add_wave /apatb_dft_top/AESL_inst_dft/real_op_19_ce0 -into $return_group -color #ffff00 -radix hex
## add_wave /apatb_dft_top/AESL_inst_dft/real_op_19_address0 -into $return_group -radix hex
## add_wave /apatb_dft_top/AESL_inst_dft/real_op_18_q1 -into $return_group -radix hex
## add_wave /apatb_dft_top/AESL_inst_dft/real_op_18_ce1 -into $return_group -color #ffff00 -radix hex
## add_wave /apatb_dft_top/AESL_inst_dft/real_op_18_address1 -into $return_group -radix hex
## add_wave /apatb_dft_top/AESL_inst_dft/real_op_18_d0 -into $return_group -radix hex
## add_wave /apatb_dft_top/AESL_inst_dft/real_op_18_we0 -into $return_group -color #ffff00 -radix hex
## add_wave /apatb_dft_top/AESL_inst_dft/real_op_18_ce0 -into $return_group -color #ffff00 -radix hex
## add_wave /apatb_dft_top/AESL_inst_dft/real_op_18_address0 -into $return_group -radix hex
## add_wave /apatb_dft_top/AESL_inst_dft/real_op_17_q1 -into $return_group -radix hex
## add_wave /apatb_dft_top/AESL_inst_dft/real_op_17_ce1 -into $return_group -color #ffff00 -radix hex
## add_wave /apatb_dft_top/AESL_inst_dft/real_op_17_address1 -into $return_group -radix hex
## add_wave /apatb_dft_top/AESL_inst_dft/real_op_17_d0 -into $return_group -radix hex
## add_wave /apatb_dft_top/AESL_inst_dft/real_op_17_we0 -into $return_group -color #ffff00 -radix hex
## add_wave /apatb_dft_top/AESL_inst_dft/real_op_17_ce0 -into $return_group -color #ffff00 -radix hex
## add_wave /apatb_dft_top/AESL_inst_dft/real_op_17_address0 -into $return_group -radix hex
## add_wave /apatb_dft_top/AESL_inst_dft/real_op_16_q1 -into $return_group -radix hex
## add_wave /apatb_dft_top/AESL_inst_dft/real_op_16_ce1 -into $return_group -color #ffff00 -radix hex
## add_wave /apatb_dft_top/AESL_inst_dft/real_op_16_address1 -into $return_group -radix hex
## add_wave /apatb_dft_top/AESL_inst_dft/real_op_16_d0 -into $return_group -radix hex
## add_wave /apatb_dft_top/AESL_inst_dft/real_op_16_we0 -into $return_group -color #ffff00 -radix hex
## add_wave /apatb_dft_top/AESL_inst_dft/real_op_16_ce0 -into $return_group -color #ffff00 -radix hex
## add_wave /apatb_dft_top/AESL_inst_dft/real_op_16_address0 -into $return_group -radix hex
## add_wave /apatb_dft_top/AESL_inst_dft/real_op_15_q1 -into $return_group -radix hex
## add_wave /apatb_dft_top/AESL_inst_dft/real_op_15_ce1 -into $return_group -color #ffff00 -radix hex
## add_wave /apatb_dft_top/AESL_inst_dft/real_op_15_address1 -into $return_group -radix hex
## add_wave /apatb_dft_top/AESL_inst_dft/real_op_15_d0 -into $return_group -radix hex
## add_wave /apatb_dft_top/AESL_inst_dft/real_op_15_we0 -into $return_group -color #ffff00 -radix hex
## add_wave /apatb_dft_top/AESL_inst_dft/real_op_15_ce0 -into $return_group -color #ffff00 -radix hex
## add_wave /apatb_dft_top/AESL_inst_dft/real_op_15_address0 -into $return_group -radix hex
## add_wave /apatb_dft_top/AESL_inst_dft/real_op_14_q1 -into $return_group -radix hex
## add_wave /apatb_dft_top/AESL_inst_dft/real_op_14_ce1 -into $return_group -color #ffff00 -radix hex
## add_wave /apatb_dft_top/AESL_inst_dft/real_op_14_address1 -into $return_group -radix hex
## add_wave /apatb_dft_top/AESL_inst_dft/real_op_14_d0 -into $return_group -radix hex
## add_wave /apatb_dft_top/AESL_inst_dft/real_op_14_we0 -into $return_group -color #ffff00 -radix hex
## add_wave /apatb_dft_top/AESL_inst_dft/real_op_14_ce0 -into $return_group -color #ffff00 -radix hex
## add_wave /apatb_dft_top/AESL_inst_dft/real_op_14_address0 -into $return_group -radix hex
## add_wave /apatb_dft_top/AESL_inst_dft/real_op_13_q1 -into $return_group -radix hex
## add_wave /apatb_dft_top/AESL_inst_dft/real_op_13_ce1 -into $return_group -color #ffff00 -radix hex
## add_wave /apatb_dft_top/AESL_inst_dft/real_op_13_address1 -into $return_group -radix hex
## add_wave /apatb_dft_top/AESL_inst_dft/real_op_13_d0 -into $return_group -radix hex
## add_wave /apatb_dft_top/AESL_inst_dft/real_op_13_we0 -into $return_group -color #ffff00 -radix hex
## add_wave /apatb_dft_top/AESL_inst_dft/real_op_13_ce0 -into $return_group -color #ffff00 -radix hex
## add_wave /apatb_dft_top/AESL_inst_dft/real_op_13_address0 -into $return_group -radix hex
## add_wave /apatb_dft_top/AESL_inst_dft/real_op_12_q1 -into $return_group -radix hex
## add_wave /apatb_dft_top/AESL_inst_dft/real_op_12_ce1 -into $return_group -color #ffff00 -radix hex
## add_wave /apatb_dft_top/AESL_inst_dft/real_op_12_address1 -into $return_group -radix hex
## add_wave /apatb_dft_top/AESL_inst_dft/real_op_12_d0 -into $return_group -radix hex
## add_wave /apatb_dft_top/AESL_inst_dft/real_op_12_we0 -into $return_group -color #ffff00 -radix hex
## add_wave /apatb_dft_top/AESL_inst_dft/real_op_12_ce0 -into $return_group -color #ffff00 -radix hex
## add_wave /apatb_dft_top/AESL_inst_dft/real_op_12_address0 -into $return_group -radix hex
## add_wave /apatb_dft_top/AESL_inst_dft/real_op_11_q1 -into $return_group -radix hex
## add_wave /apatb_dft_top/AESL_inst_dft/real_op_11_ce1 -into $return_group -color #ffff00 -radix hex
## add_wave /apatb_dft_top/AESL_inst_dft/real_op_11_address1 -into $return_group -radix hex
## add_wave /apatb_dft_top/AESL_inst_dft/real_op_11_d0 -into $return_group -radix hex
## add_wave /apatb_dft_top/AESL_inst_dft/real_op_11_we0 -into $return_group -color #ffff00 -radix hex
## add_wave /apatb_dft_top/AESL_inst_dft/real_op_11_ce0 -into $return_group -color #ffff00 -radix hex
## add_wave /apatb_dft_top/AESL_inst_dft/real_op_11_address0 -into $return_group -radix hex
## add_wave /apatb_dft_top/AESL_inst_dft/real_op_10_q1 -into $return_group -radix hex
## add_wave /apatb_dft_top/AESL_inst_dft/real_op_10_ce1 -into $return_group -color #ffff00 -radix hex
## add_wave /apatb_dft_top/AESL_inst_dft/real_op_10_address1 -into $return_group -radix hex
## add_wave /apatb_dft_top/AESL_inst_dft/real_op_10_d0 -into $return_group -radix hex
## add_wave /apatb_dft_top/AESL_inst_dft/real_op_10_we0 -into $return_group -color #ffff00 -radix hex
## add_wave /apatb_dft_top/AESL_inst_dft/real_op_10_ce0 -into $return_group -color #ffff00 -radix hex
## add_wave /apatb_dft_top/AESL_inst_dft/real_op_10_address0 -into $return_group -radix hex
## add_wave /apatb_dft_top/AESL_inst_dft/real_op_9_q1 -into $return_group -radix hex
## add_wave /apatb_dft_top/AESL_inst_dft/real_op_9_ce1 -into $return_group -color #ffff00 -radix hex
## add_wave /apatb_dft_top/AESL_inst_dft/real_op_9_address1 -into $return_group -radix hex
## add_wave /apatb_dft_top/AESL_inst_dft/real_op_9_d0 -into $return_group -radix hex
## add_wave /apatb_dft_top/AESL_inst_dft/real_op_9_we0 -into $return_group -color #ffff00 -radix hex
## add_wave /apatb_dft_top/AESL_inst_dft/real_op_9_ce0 -into $return_group -color #ffff00 -radix hex
## add_wave /apatb_dft_top/AESL_inst_dft/real_op_9_address0 -into $return_group -radix hex
## add_wave /apatb_dft_top/AESL_inst_dft/real_op_8_q1 -into $return_group -radix hex
## add_wave /apatb_dft_top/AESL_inst_dft/real_op_8_ce1 -into $return_group -color #ffff00 -radix hex
## add_wave /apatb_dft_top/AESL_inst_dft/real_op_8_address1 -into $return_group -radix hex
## add_wave /apatb_dft_top/AESL_inst_dft/real_op_8_d0 -into $return_group -radix hex
## add_wave /apatb_dft_top/AESL_inst_dft/real_op_8_we0 -into $return_group -color #ffff00 -radix hex
## add_wave /apatb_dft_top/AESL_inst_dft/real_op_8_ce0 -into $return_group -color #ffff00 -radix hex
## add_wave /apatb_dft_top/AESL_inst_dft/real_op_8_address0 -into $return_group -radix hex
## add_wave /apatb_dft_top/AESL_inst_dft/real_op_7_q1 -into $return_group -radix hex
## add_wave /apatb_dft_top/AESL_inst_dft/real_op_7_ce1 -into $return_group -color #ffff00 -radix hex
## add_wave /apatb_dft_top/AESL_inst_dft/real_op_7_address1 -into $return_group -radix hex
## add_wave /apatb_dft_top/AESL_inst_dft/real_op_7_d0 -into $return_group -radix hex
## add_wave /apatb_dft_top/AESL_inst_dft/real_op_7_we0 -into $return_group -color #ffff00 -radix hex
## add_wave /apatb_dft_top/AESL_inst_dft/real_op_7_ce0 -into $return_group -color #ffff00 -radix hex
## add_wave /apatb_dft_top/AESL_inst_dft/real_op_7_address0 -into $return_group -radix hex
## add_wave /apatb_dft_top/AESL_inst_dft/real_op_6_q1 -into $return_group -radix hex
## add_wave /apatb_dft_top/AESL_inst_dft/real_op_6_ce1 -into $return_group -color #ffff00 -radix hex
## add_wave /apatb_dft_top/AESL_inst_dft/real_op_6_address1 -into $return_group -radix hex
## add_wave /apatb_dft_top/AESL_inst_dft/real_op_6_d0 -into $return_group -radix hex
## add_wave /apatb_dft_top/AESL_inst_dft/real_op_6_we0 -into $return_group -color #ffff00 -radix hex
## add_wave /apatb_dft_top/AESL_inst_dft/real_op_6_ce0 -into $return_group -color #ffff00 -radix hex
## add_wave /apatb_dft_top/AESL_inst_dft/real_op_6_address0 -into $return_group -radix hex
## add_wave /apatb_dft_top/AESL_inst_dft/real_op_5_q1 -into $return_group -radix hex
## add_wave /apatb_dft_top/AESL_inst_dft/real_op_5_ce1 -into $return_group -color #ffff00 -radix hex
## add_wave /apatb_dft_top/AESL_inst_dft/real_op_5_address1 -into $return_group -radix hex
## add_wave /apatb_dft_top/AESL_inst_dft/real_op_5_d0 -into $return_group -radix hex
## add_wave /apatb_dft_top/AESL_inst_dft/real_op_5_we0 -into $return_group -color #ffff00 -radix hex
## add_wave /apatb_dft_top/AESL_inst_dft/real_op_5_ce0 -into $return_group -color #ffff00 -radix hex
## add_wave /apatb_dft_top/AESL_inst_dft/real_op_5_address0 -into $return_group -radix hex
## add_wave /apatb_dft_top/AESL_inst_dft/real_op_4_q1 -into $return_group -radix hex
## add_wave /apatb_dft_top/AESL_inst_dft/real_op_4_ce1 -into $return_group -color #ffff00 -radix hex
## add_wave /apatb_dft_top/AESL_inst_dft/real_op_4_address1 -into $return_group -radix hex
## add_wave /apatb_dft_top/AESL_inst_dft/real_op_4_d0 -into $return_group -radix hex
## add_wave /apatb_dft_top/AESL_inst_dft/real_op_4_we0 -into $return_group -color #ffff00 -radix hex
## add_wave /apatb_dft_top/AESL_inst_dft/real_op_4_ce0 -into $return_group -color #ffff00 -radix hex
## add_wave /apatb_dft_top/AESL_inst_dft/real_op_4_address0 -into $return_group -radix hex
## add_wave /apatb_dft_top/AESL_inst_dft/real_op_3_q1 -into $return_group -radix hex
## add_wave /apatb_dft_top/AESL_inst_dft/real_op_3_ce1 -into $return_group -color #ffff00 -radix hex
## add_wave /apatb_dft_top/AESL_inst_dft/real_op_3_address1 -into $return_group -radix hex
## add_wave /apatb_dft_top/AESL_inst_dft/real_op_3_d0 -into $return_group -radix hex
## add_wave /apatb_dft_top/AESL_inst_dft/real_op_3_we0 -into $return_group -color #ffff00 -radix hex
## add_wave /apatb_dft_top/AESL_inst_dft/real_op_3_ce0 -into $return_group -color #ffff00 -radix hex
## add_wave /apatb_dft_top/AESL_inst_dft/real_op_3_address0 -into $return_group -radix hex
## add_wave /apatb_dft_top/AESL_inst_dft/real_op_2_q1 -into $return_group -radix hex
## add_wave /apatb_dft_top/AESL_inst_dft/real_op_2_ce1 -into $return_group -color #ffff00 -radix hex
## add_wave /apatb_dft_top/AESL_inst_dft/real_op_2_address1 -into $return_group -radix hex
## add_wave /apatb_dft_top/AESL_inst_dft/real_op_2_d0 -into $return_group -radix hex
## add_wave /apatb_dft_top/AESL_inst_dft/real_op_2_we0 -into $return_group -color #ffff00 -radix hex
## add_wave /apatb_dft_top/AESL_inst_dft/real_op_2_ce0 -into $return_group -color #ffff00 -radix hex
## add_wave /apatb_dft_top/AESL_inst_dft/real_op_2_address0 -into $return_group -radix hex
## add_wave /apatb_dft_top/AESL_inst_dft/real_op_1_q1 -into $return_group -radix hex
## add_wave /apatb_dft_top/AESL_inst_dft/real_op_1_ce1 -into $return_group -color #ffff00 -radix hex
## add_wave /apatb_dft_top/AESL_inst_dft/real_op_1_address1 -into $return_group -radix hex
## add_wave /apatb_dft_top/AESL_inst_dft/real_op_1_d0 -into $return_group -radix hex
## add_wave /apatb_dft_top/AESL_inst_dft/real_op_1_we0 -into $return_group -color #ffff00 -radix hex
## add_wave /apatb_dft_top/AESL_inst_dft/real_op_1_ce0 -into $return_group -color #ffff00 -radix hex
## add_wave /apatb_dft_top/AESL_inst_dft/real_op_1_address0 -into $return_group -radix hex
## add_wave /apatb_dft_top/AESL_inst_dft/real_op_0_q1 -into $return_group -radix hex
## add_wave /apatb_dft_top/AESL_inst_dft/real_op_0_ce1 -into $return_group -color #ffff00 -radix hex
## add_wave /apatb_dft_top/AESL_inst_dft/real_op_0_address1 -into $return_group -radix hex
## add_wave /apatb_dft_top/AESL_inst_dft/real_op_0_d0 -into $return_group -radix hex
## add_wave /apatb_dft_top/AESL_inst_dft/real_op_0_we0 -into $return_group -color #ffff00 -radix hex
## add_wave /apatb_dft_top/AESL_inst_dft/real_op_0_ce0 -into $return_group -color #ffff00 -radix hex
## add_wave /apatb_dft_top/AESL_inst_dft/real_op_0_address0 -into $return_group -radix hex
## set cinputgroup [add_wave_group "C Inputs" -into $designtopgroup]
## set return_group [add_wave_group return(memory) -into $cinputgroup]
## add_wave /apatb_dft_top/AESL_inst_dft/real_sample_q0 -into $return_group -radix hex
## add_wave /apatb_dft_top/AESL_inst_dft/real_sample_ce0 -into $return_group -color #ffff00 -radix hex
## add_wave /apatb_dft_top/AESL_inst_dft/real_sample_address0 -into $return_group -radix hex
## set blocksiggroup [add_wave_group "Block-level IO Handshake" -into $designtopgroup]
## add_wave /apatb_dft_top/AESL_inst_dft/ap_start -into $blocksiggroup
## add_wave /apatb_dft_top/AESL_inst_dft/ap_done -into $blocksiggroup
## add_wave /apatb_dft_top/AESL_inst_dft/ap_idle -into $blocksiggroup
## add_wave /apatb_dft_top/AESL_inst_dft/ap_ready -into $blocksiggroup
## set resetgroup [add_wave_group "Reset" -into $designtopgroup]
## add_wave /apatb_dft_top/AESL_inst_dft/ap_rst -into $resetgroup
## set clockgroup [add_wave_group "Clock" -into $designtopgroup]
## add_wave /apatb_dft_top/AESL_inst_dft/ap_clk -into $clockgroup
## save_wave_config dft.wcfg
## run all
////////////////////////////////////////////////////////////////////////////////////
// Inter-Transaction Progress: Completed Transaction / Total Transaction
// Intra-Transaction Progress: Measured Latency / Latency Estimation * 100%
//
// RTL Simulation : "Inter-Transaction Progress" ["Intra-Transaction Progress"] @ "Simulation Time"
////////////////////////////////////////////////////////////////////////////////////
// RTL Simulation : 0 / 1 [0.00%] @ "115000"
// RTL Simulation : 1 / 1 [100.00%] @ "281291000"
////////////////////////////////////////////////////////////////////////////////////
$finish called at time : 281324400 ps : File "D:/1111HLS/LabC/DFT/DFT/opt2_unroll/sim/verilog/dft.autotb.v" Line 3021
run: Time (s): cpu = 00:00:02 ; elapsed = 00:11:34 . Memory (MB): peak = 1215.680 ; gain = 0.000
## quit
INFO: xsimkernel Simulation Memory Usage: 96596 KB (Peak: 96596 KB), Simulation CPU Usage: 693671 ms
INFO: [Common 17-206] Exiting xsim at Sat Nov 12 18:02:38 2022...
