

================================================================
== Vitis HLS Report for 'dft'
================================================================
* Date:           Fri Nov 11 20:43:01 2022

* Version:        2022.1 (Build 3526262 on Mon Apr 18 15:48:16 MDT 2022)
* Project:        DFT
* Solution:       opt1_pipeline (Vivado IP Flow Target)
* Product family: zynq
* Target device:  xc7z020-clg400-1


================================================================
== Performance Estimates
================================================================
+ Timing: 
    * Summary: 
    +--------+---------+----------+------------+
    |  Clock |  Target | Estimated| Uncertainty|
    +--------+---------+----------+------------+
    |ap_clk  |  5.00 ns|  5.799 ns|     1.35 ns|
    +--------+---------+----------+------------+

+ Latency: 
    * Summary: 
    +---------+---------+----------+----------+---------+---------+---------+
    |  Latency (cycles) |  Latency (absolute) |      Interval     | Pipeline|
    |   min   |   max   |    min   |    max   |   min   |   max   |   Type  |
    +---------+---------+----------+----------+---------+---------+---------+
    |  1048601|  1048601|  6.081 ms|  6.081 ms|  1048602|  1048602|       no|
    +---------+---------+----------+----------+---------+---------+---------+

    + Detail: 
        * Instance: 
        N/A

        * Loop: 
        +-----------------------------------+---------+---------+----------+-----------+-----------+---------+----------+
        |                                   |  Latency (cycles) | Iteration|  Initiation Interval  |   Trip  |          |
        |             Loop Name             |   min   |   max   |  Latency |  achieved |   target  |  Count  | Pipelined|
        +-----------------------------------+---------+---------+----------+-----------+-----------+---------+----------+
        |- VITIS_LOOP_10_1_VITIS_LOOP_12_2  |  1048599|  1048599|        25|          1|          1|  1048576|       yes|
        +-----------------------------------+---------+---------+----------+-----------+-----------+---------+----------+



================================================================
== Utilization Estimates
================================================================
* Summary: 
+-----------------+---------+-----+--------+-------+-----+
|       Name      | BRAM_18K| DSP |   FF   |  LUT  | URAM|
+-----------------+---------+-----+--------+-------+-----+
|DSP              |        -|    -|       -|      -|    -|
|Expression       |        -|    -|       0|    104|    -|
|FIFO             |        -|    -|       -|      -|    -|
|Instance         |        -|   11|    1128|   1490|    -|
|Memory           |        4|    -|       0|      0|    -|
|Multiplexer      |        -|    -|       -|     54|    -|
|Register         |        -|    -|     688|    128|    -|
+-----------------+---------+-----+--------+-------+-----+
|Total            |        4|   11|    1816|   1776|    0|
+-----------------+---------+-----+--------+-------+-----+
|Available        |      280|  220|  106400|  53200|    0|
+-----------------+---------+-----+--------+-------+-----+
|Utilization (%)  |        1|    5|       1|      3|    0|
+-----------------+---------+-----+--------+-------+-----+

+ Detail: 
    * Instance: 
    +------------------------------------+---------------------------------+---------+----+-----+-----+-----+
    |              Instance              |              Module             | BRAM_18K| DSP|  FF | LUT | URAM|
    +------------------------------------+---------------------------------+---------+----+-----+-----+-----+
    |fadd_32ns_32ns_32_10_full_dsp_1_U1  |fadd_32ns_32ns_32_10_full_dsp_1  |        0|   2|  365|  421|    0|
    |fadd_32ns_32ns_32_10_full_dsp_1_U2  |fadd_32ns_32ns_32_10_full_dsp_1  |        0|   2|  365|  421|    0|
    |fmul_32ns_32ns_32_8_max_dsp_1_U3    |fmul_32ns_32ns_32_8_max_dsp_1    |        0|   3|  199|  324|    0|
    |fmul_32ns_32ns_32_8_max_dsp_1_U4    |fmul_32ns_32ns_32_8_max_dsp_1    |        0|   3|  199|  324|    0|
    |mul_10s_10s_10_3_1_U5               |mul_10s_10s_10_3_1               |        0|   1|    0|    0|    0|
    +------------------------------------+---------------------------------+---------+----+-----+-----+-----+
    |Total                               |                                 |        0|  11| 1128| 1490|    0|
    +------------------------------------+---------------------------------+---------+----+-----+-----+-----+

    * DSP: 
    N/A

    * Memory: 
    +--------------------------+------------------------------------+---------+---+----+-----+------+-----+------+-------------+
    |          Memory          |               Module               | BRAM_18K| FF| LUT| URAM| Words| Bits| Banks| W*Bits*Banks|
    +--------------------------+------------------------------------+---------+---+----+-----+------+-----+------+-------------+
    |cos_coefficients_table_U  |cos_coefficients_table_ROM_AUTO_1R  |        2|  0|   0|    0|  1024|   32|     1|        32768|
    |sin_coefficients_table_U  |sin_coefficients_table_ROM_AUTO_1R  |        2|  0|   0|    0|  1024|   32|     1|        32768|
    +--------------------------+------------------------------------+---------+---+----+-----+------+-----+------+-------------+
    |Total                     |                                    |        4|  0|   0|    0|  2048|   64|     2|        65536|
    +--------------------------+------------------------------------+---------+---+----+-----+------+-----+------+-------------+

    * FIFO: 
    N/A

    * Expression: 
    +-------------------------+----------+----+---+----+------------+------------+
    |      Variable Name      | Operation| DSP| FF| LUT| Bitwidth P0| Bitwidth P1|
    +-------------------------+----------+----+---+----+------------+------------+
    |add_ln10_1_fu_212_p2     |         +|   0|  0|  12|          11|           1|
    |add_ln10_fu_181_p2       |         +|   0|  0|  28|          21|           1|
    |add_ln12_fu_240_p2       |         +|   0|  0|  12|          11|           1|
    |ap_condition_384         |       and|   0|  0|   2|           1|           1|
    |icmp_ln10_fu_175_p2      |      icmp|   0|  0|  14|          21|          22|
    |icmp_ln12_fu_198_p2      |      icmp|   0|  0|  12|          11|          12|
    |select_ln10_1_fu_218_p3  |    select|   0|  0|  11|           1|          11|
    |select_ln10_fu_204_p3    |    select|   0|  0|  11|           1|           1|
    |ap_enable_pp0            |       xor|   0|  0|   2|           1|           2|
    +-------------------------+----------+----+---+----+------------+------------+
    |Total                    |          |   0|  0| 104|          79|          52|
    +-------------------------+----------+----+---+----+------------+------------+

    * Multiplexer: 
    +--------------------------------------+----+-----------+-----+-----------+
    |                 Name                 | LUT| Input Size| Bits| Total Bits|
    +--------------------------------------+----+-----------+-----+-----------+
    |ap_done_int                           |   9|          2|    1|          2|
    |ap_enable_reg_pp0_iter1               |   9|          2|    1|          2|
    |ap_sig_allocacmp_indvar_flatten_load  |   9|          2|   21|         42|
    |indvar_flatten_fu_64                  |   9|          2|   21|         42|
    |k_fu_56                               |   9|          2|   11|         22|
    |n_fu_60                               |   9|          2|   11|         22|
    +--------------------------------------+----+-----------+-----+-----------+
    |Total                                 |  54|         12|   66|        132|
    +--------------------------------------+----+-----------+-----+-----------+

    * Register: 
    +-------------------------------------+----+----+-----+-----------+
    |                 Name                | FF | LUT| Bits| Const Bits|
    +-------------------------------------+----+----+-----+-----------+
    |add1_reg_424                         |  32|   0|   32|          0|
    |add_reg_419                          |  32|   0|   32|          0|
    |ap_CS_fsm                            |   1|   0|    1|          0|
    |ap_done_reg                          |   1|   0|    1|          0|
    |ap_enable_reg_pp0_iter1              |   1|   0|    1|          0|
    |ap_enable_reg_pp0_iter10             |   1|   0|    1|          0|
    |ap_enable_reg_pp0_iter11             |   1|   0|    1|          0|
    |ap_enable_reg_pp0_iter12             |   1|   0|    1|          0|
    |ap_enable_reg_pp0_iter13             |   1|   0|    1|          0|
    |ap_enable_reg_pp0_iter14             |   1|   0|    1|          0|
    |ap_enable_reg_pp0_iter15             |   1|   0|    1|          0|
    |ap_enable_reg_pp0_iter16             |   1|   0|    1|          0|
    |ap_enable_reg_pp0_iter17             |   1|   0|    1|          0|
    |ap_enable_reg_pp0_iter18             |   1|   0|    1|          0|
    |ap_enable_reg_pp0_iter19             |   1|   0|    1|          0|
    |ap_enable_reg_pp0_iter2              |   1|   0|    1|          0|
    |ap_enable_reg_pp0_iter20             |   1|   0|    1|          0|
    |ap_enable_reg_pp0_iter21             |   1|   0|    1|          0|
    |ap_enable_reg_pp0_iter22             |   1|   0|    1|          0|
    |ap_enable_reg_pp0_iter23             |   1|   0|    1|          0|
    |ap_enable_reg_pp0_iter24             |   1|   0|    1|          0|
    |ap_enable_reg_pp0_iter3              |   1|   0|    1|          0|
    |ap_enable_reg_pp0_iter4              |   1|   0|    1|          0|
    |ap_enable_reg_pp0_iter5              |   1|   0|    1|          0|
    |ap_enable_reg_pp0_iter6              |   1|   0|    1|          0|
    |ap_enable_reg_pp0_iter7              |   1|   0|    1|          0|
    |ap_enable_reg_pp0_iter8              |   1|   0|    1|          0|
    |ap_enable_reg_pp0_iter9              |   1|   0|    1|          0|
    |ap_loop_exit_ready_pp0_iter10_reg    |   1|   0|    1|          0|
    |ap_loop_exit_ready_pp0_iter11_reg    |   1|   0|    1|          0|
    |ap_loop_exit_ready_pp0_iter12_reg    |   1|   0|    1|          0|
    |ap_loop_exit_ready_pp0_iter13_reg    |   1|   0|    1|          0|
    |ap_loop_exit_ready_pp0_iter14_reg    |   1|   0|    1|          0|
    |ap_loop_exit_ready_pp0_iter15_reg    |   1|   0|    1|          0|
    |ap_loop_exit_ready_pp0_iter16_reg    |   1|   0|    1|          0|
    |ap_loop_exit_ready_pp0_iter17_reg    |   1|   0|    1|          0|
    |ap_loop_exit_ready_pp0_iter18_reg    |   1|   0|    1|          0|
    |ap_loop_exit_ready_pp0_iter19_reg    |   1|   0|    1|          0|
    |ap_loop_exit_ready_pp0_iter1_reg     |   1|   0|    1|          0|
    |ap_loop_exit_ready_pp0_iter20_reg    |   1|   0|    1|          0|
    |ap_loop_exit_ready_pp0_iter21_reg    |   1|   0|    1|          0|
    |ap_loop_exit_ready_pp0_iter22_reg    |   1|   0|    1|          0|
    |ap_loop_exit_ready_pp0_iter23_reg    |   1|   0|    1|          0|
    |ap_loop_exit_ready_pp0_iter2_reg     |   1|   0|    1|          0|
    |ap_loop_exit_ready_pp0_iter3_reg     |   1|   0|    1|          0|
    |ap_loop_exit_ready_pp0_iter4_reg     |   1|   0|    1|          0|
    |ap_loop_exit_ready_pp0_iter5_reg     |   1|   0|    1|          0|
    |ap_loop_exit_ready_pp0_iter6_reg     |   1|   0|    1|          0|
    |ap_loop_exit_ready_pp0_iter7_reg     |   1|   0|    1|          0|
    |ap_loop_exit_ready_pp0_iter8_reg     |   1|   0|    1|          0|
    |ap_loop_exit_ready_pp0_iter9_reg     |   1|   0|    1|          0|
    |cos_coefficients_table_load_reg_361  |  32|   0|   32|          0|
    |imag_op_addr_reg_383                 |  10|   0|   10|          0|
    |imag_op_load_reg_404                 |  32|   0|   32|          0|
    |index_reg_336                        |  10|   0|   10|          0|
    |indvar_flatten_fu_64                 |  21|   0|   21|          0|
    |k_fu_56                              |  11|   0|   11|          0|
    |mul6_reg_389                         |  32|   0|   32|          0|
    |mul_reg_399                          |  32|   0|   32|          0|
    |n_fu_60                              |  11|   0|   11|          0|
    |real_op_addr_reg_377                 |  10|   0|   10|          0|
    |real_op_load_reg_394                 |  32|   0|   32|          0|
    |real_sample_load_reg_356             |  32|   0|   32|          0|
    |select_ln10_1_reg_321                |  11|   0|   11|          0|
    |select_ln10_reg_316                  |  11|   0|   11|          0|
    |sin_coefficients_table_load_reg_366  |  32|   0|   32|          0|
    |imag_op_addr_reg_383                 |  64|  32|   10|          0|
    |real_op_addr_reg_377                 |  64|  32|   10|          0|
    |select_ln10_1_reg_321                |  64|  32|   11|          0|
    |select_ln10_reg_316                  |  64|  32|   11|          0|
    +-------------------------------------+----+----+-----+-----------+
    |Total                                | 688| 128|  474|          0|
    +-------------------------------------+----+----+-----+-----------+



================================================================
== Interface
================================================================
* Summary: 
+----------------------+-----+-----+------------+--------------+--------------+
|       RTL Ports      | Dir | Bits|  Protocol  | Source Object|    C Type    |
+----------------------+-----+-----+------------+--------------+--------------+
|ap_clk                |   in|    1|  ap_ctrl_hs|           dft|  return value|
|ap_rst                |   in|    1|  ap_ctrl_hs|           dft|  return value|
|ap_start              |   in|    1|  ap_ctrl_hs|           dft|  return value|
|ap_done               |  out|    1|  ap_ctrl_hs|           dft|  return value|
|ap_idle               |  out|    1|  ap_ctrl_hs|           dft|  return value|
|ap_ready              |  out|    1|  ap_ctrl_hs|           dft|  return value|
|real_sample_address0  |  out|   10|   ap_memory|   real_sample|         array|
|real_sample_ce0       |  out|    1|   ap_memory|   real_sample|         array|
|real_sample_q0        |   in|   32|   ap_memory|   real_sample|         array|
|imag_sample_address0  |  out|   10|   ap_memory|   imag_sample|         array|
|imag_sample_ce0       |  out|    1|   ap_memory|   imag_sample|         array|
|imag_sample_we0       |  out|    1|   ap_memory|   imag_sample|         array|
|imag_sample_d0        |  out|   32|   ap_memory|   imag_sample|         array|
|imag_sample_q0        |   in|   32|   ap_memory|   imag_sample|         array|
|imag_sample_address1  |  out|   10|   ap_memory|   imag_sample|         array|
|imag_sample_ce1       |  out|    1|   ap_memory|   imag_sample|         array|
|imag_sample_we1       |  out|    1|   ap_memory|   imag_sample|         array|
|imag_sample_d1        |  out|   32|   ap_memory|   imag_sample|         array|
|imag_sample_q1        |   in|   32|   ap_memory|   imag_sample|         array|
|real_op_address0      |  out|   10|   ap_memory|       real_op|         array|
|real_op_ce0           |  out|    1|   ap_memory|       real_op|         array|
|real_op_we0           |  out|    1|   ap_memory|       real_op|         array|
|real_op_d0            |  out|   32|   ap_memory|       real_op|         array|
|real_op_address1      |  out|   10|   ap_memory|       real_op|         array|
|real_op_ce1           |  out|    1|   ap_memory|       real_op|         array|
|real_op_q1            |   in|   32|   ap_memory|       real_op|         array|
|imag_op_address0      |  out|   10|   ap_memory|       imag_op|         array|
|imag_op_ce0           |  out|    1|   ap_memory|       imag_op|         array|
|imag_op_we0           |  out|    1|   ap_memory|       imag_op|         array|
|imag_op_d0            |  out|   32|   ap_memory|       imag_op|         array|
|imag_op_address1      |  out|   10|   ap_memory|       imag_op|         array|
|imag_op_ce1           |  out|    1|   ap_memory|       imag_op|         array|
|imag_op_q1            |   in|   32|   ap_memory|       imag_op|         array|
+----------------------+-----+-----+------------+--------------+--------------+

